Using pre-set license
Built from '2021.3/staging' branch; Version is '2021.3.11f1 (0a5ca18544bf) revision 679073'; Using compiler version '192829333'; Build Type 'Release'
OS: 'Windows 10  (10.0.19042) 64bit Professional' Language: 'ru' Physical Memory: 16297 MB
BatchMode: 1, IsHumanControllingUs: 0, StartBugReporterOnCrash: 0, Is64bit: 1, IsPro: 1

COMMAND LINE ARGUMENTS:
D:\Program\2021.3.11f1\Editor\Unity.exe
-adb2
-batchMode
-noUpm
-name
AssetImportWorker1
-projectPath
D:/Unity_Project/Godless Lands/Godless Lands
-logFile
Logs/AssetImportWorker1.log
-srvPort
62592
Successfully changed project path to: D:/Unity_Project/Godless Lands/Godless Lands
D:/Unity_Project/Godless Lands/Godless Lands
[UnityMemory] Configuration Parameters - Can be set up in boot.config
    "memorysetup-bucket-allocator-granularity=16"
    "memorysetup-bucket-allocator-bucket-count=8"
    "memorysetup-bucket-allocator-block-size=33554432"
    "memorysetup-bucket-allocator-block-count=8"
    "memorysetup-main-allocator-block-size=16777216"
    "memorysetup-thread-allocator-block-size=16777216"
    "memorysetup-gfx-main-allocator-block-size=16777216"
    "memorysetup-gfx-thread-allocator-block-size=16777216"
    "memorysetup-cache-allocator-block-size=4194304"
    "memorysetup-typetree-allocator-block-size=2097152"
    "memorysetup-profiler-bucket-allocator-granularity=16"
    "memorysetup-profiler-bucket-allocator-bucket-count=8"
    "memorysetup-profiler-bucket-allocator-block-size=33554432"
    "memorysetup-profiler-bucket-allocator-block-count=8"
    "memorysetup-profiler-allocator-block-size=16777216"
    "memorysetup-profiler-editor-allocator-block-size=1048576"
    "memorysetup-temp-allocator-size-main=16777216"
    "memorysetup-job-temp-allocator-block-size=2097152"
    "memorysetup-job-temp-allocator-block-size-background=1048576"
    "memorysetup-job-temp-allocator-reduction-small-platforms=262144"
    "memorysetup-temp-allocator-size-background-worker=32768"
    "memorysetup-temp-allocator-size-job-worker=262144"
    "memorysetup-temp-allocator-size-preload-manager=33554432"
    "memorysetup-temp-allocator-size-nav-mesh-worker=65536"
    "memorysetup-temp-allocator-size-audio-worker=65536"
    "memorysetup-temp-allocator-size-cloud-worker=32768"
    "memorysetup-temp-allocator-size-gi-baking-worker=262144"
    "memorysetup-temp-allocator-size-gfx=262144"
Refreshing native plugins compatible for Editor in 76.89 ms, found 2 plugins.
Preloading 0 native plugins for Editor in 0.00 ms.
Initialize engine version: 2021.3.11f1 (0a5ca18544bf)
[Subsystems] Discovering subsystems at path D:/Program/2021.3.11f1/Editor/Data/Resources/UnitySubsystems
[Subsystems] Discovering subsystems at path D:/Unity_Project/Godless Lands/Godless Lands/Assets
GfxDevice: creating device client; threaded=0; jobified=0
Direct3D:
    Version:  Direct3D 11.0 [level 11.1]
    Renderer: NVIDIA GeForce GTX 1060 6GB (ID=0x1c03)
    Vendor:   NVIDIA
    VRAM:     6052 MB
    Driver:   27.21.14.6611
Initialize mono
Mono path[0] = 'D:/Program/2021.3.11f1/Editor/Data/Managed'
Mono path[1] = 'D:/Program/2021.3.11f1/Editor/Data/MonoBleedingEdge/lib/mono/unityjit-win32'
Mono config path = 'D:/Program/2021.3.11f1/Editor/Data/MonoBleedingEdge/etc'
Using monoOptions --debugger-agent=transport=dt_socket,embedding=1,server=y,suspend=n,address=127.0.0.1:56704
Begin MonoManager ReloadAssembly
Registering precompiled unity dll's ...
Register platform support module: D:/Program/2021.3.11f1/Editor/Data/PlaybackEngines/AndroidPlayer/UnityEditor.Android.Extensions.dll
Register platform support module: D:/Program/2021.3.11f1/Editor/Data/PlaybackEngines/WindowsStandaloneSupport/UnityEditor.WindowsStandalone.Extensions.dll
Registered in 0.002276 seconds.
Native extension for WindowsStandalone target not found
Native extension for Android target not found
Refreshing native plugins compatible for Editor in 72.25 ms, found 2 plugins.
Preloading 0 native plugins for Editor in 0.00 ms.
Mono: successfully reloaded assembly
- Completed reload, in  0.521 seconds
Domain Reload Profiling:
	ReloadAssembly (521ms)
		BeginReloadAssembly (51ms)
			ExecutionOrderSort (0ms)
			DisableScriptedObjects (0ms)
			BackupInstance (0ms)
			ReleaseScriptingObjects (0ms)
			CreateAndSetChildDomain (1ms)
		EndReloadAssembly (385ms)
			LoadAssemblies (51ms)
			RebuildTransferFunctionScriptingTraits (0ms)
			SetupTypeCache (87ms)
			ReleaseScriptCaches (0ms)
			RebuildScriptCaches (28ms)
			SetupLoadedEditorAssemblies (231ms)
				LogAssemblyErrors (0ms)
				InitializePlatformSupportModulesInManaged (45ms)
				SetLoadedEditorAssemblies (0ms)
				RefreshPlugins (72ms)
				BeforeProcessingInitializeOnLoad (1ms)
				ProcessInitializeOnLoadAttributes (79ms)
				ProcessInitializeOnLoadMethodAttributes (34ms)
				AfterProcessingInitializeOnLoad (0ms)
				EditorAssembliesLoaded (0ms)
			ExecutionOrderSort2 (0ms)
			AwakeInstancesAfterBackupRestoration (0ms)
Platform modules already initialized, skipping
Registering precompiled user dll's ...
Registered in 0.004290 seconds.
Begin MonoManager ReloadAssembly
Native extension for WindowsStandalone target not found
Native extension for Android target not found
Refreshing native plugins compatible for Editor in 1.07 ms, found 2 plugins.
Preloading 0 native plugins for Editor in 0.00 ms.
Package Manager log level set to [2]
Mono: successfully reloaded assembly
- Completed reload, in  1.119 seconds
Domain Reload Profiling:
	ReloadAssembly (1120ms)
		BeginReloadAssembly (203ms)
			ExecutionOrderSort (0ms)
			DisableScriptedObjects (5ms)
			BackupInstance (0ms)
			ReleaseScriptingObjects (0ms)
			CreateAndSetChildDomain (125ms)
		EndReloadAssembly (825ms)
			LoadAssemblies (58ms)
			RebuildTransferFunctionScriptingTraits (0ms)
			SetupTypeCache (232ms)
			ReleaseScriptCaches (1ms)
			RebuildScriptCaches (60ms)
			SetupLoadedEditorAssemblies (423ms)
				LogAssemblyErrors (0ms)
				InitializePlatformSupportModulesInManaged (10ms)
				SetLoadedEditorAssemblies (0ms)
				RefreshPlugins (1ms)
				BeforeProcessingInitializeOnLoad (69ms)
				ProcessInitializeOnLoadAttributes (172ms)
				ProcessInitializeOnLoadMethodAttributes (168ms)
				AfterProcessingInitializeOnLoad (3ms)
				EditorAssembliesLoaded (0ms)
			ExecutionOrderSort2 (0ms)
			AwakeInstancesAfterBackupRestoration (5ms)
Platform modules already initialized, skipping
========================================================================
Worker process is ready to serve import requests
Launched and connected shader compiler UnityShaderCompiler.exe after 0.03 seconds
Refreshing native plugins compatible for Editor in 1.13 ms, found 2 plugins.
Preloading 0 native plugins for Editor in 0.00 ms.
Unloading 3494 Unused Serialized files (Serialized files now loaded: 0)
Unloading 67 unused Assets / (57.3 KB). Loaded Objects now: 3941.
Memory consumption went from 138.5 MB to 138.5 MB.
Total: 6.377500 ms (FindLiveObjects: 0.286500 ms CreateObjectMapping: 0.110700 ms MarkObjects: 5.871100 ms  DeleteObjects: 0.107900 ms)

AssetImportParameters requested are different than current active one (requested -> active):
  custom:video-decoder-ogg-theora: a1e56fd34408186e4bbccfd4996cb3dc -> 
  custom:container-muxer-webm: aa71ff27fc2769a1b78a27578f13a17b -> 
  custom:container-demuxer-webm: 4f35f7cbe854078d1ac9338744f61a02 -> 
  custom:video-encoder-webm-vp8: eb34c28f22e8b96e1ab97ce403110664 -> 
  custom:audio-encoder-webm-vorbis: bf7c407c2cedff20999df2af8eb42d56 -> 
  custom:framework-win-MediaFoundation: 216162199b28c13a410421893ffa2e32 -> 
  custom:container-demuxer-ogg: 62fdf1f143b41e24485cea50d1cbac27 -> 
  custom:video-decoder-webm-vp8: 9c59270c3fd7afecdb556c50c9e8de78 -> 
  custom:audio-decoder-ogg-vorbis: bf7c407c2cedff20999df2af8eb42d56 -> 
========================================================================
Received Prepare
Registering precompiled user dll's ...
Registered in 0.003655 seconds.
Begin MonoManager ReloadAssembly
Native extension for WindowsStandalone target not found
Native extension for Android target not found
Refreshing native plugins compatible for Editor in 1.31 ms, found 2 plugins.
Preloading 0 native plugins for Editor in 0.00 ms.
Mono: successfully reloaded assembly
- Completed reload, in  0.994 seconds
Domain Reload Profiling:
	ReloadAssembly (994ms)
		BeginReloadAssembly (120ms)
			ExecutionOrderSort (0ms)
			DisableScriptedObjects (6ms)
			BackupInstance (0ms)
			ReleaseScriptingObjects (0ms)
			CreateAndSetChildDomain (42ms)
		EndReloadAssembly (797ms)
			LoadAssemblies (67ms)
			RebuildTransferFunctionScriptingTraits (0ms)
			SetupTypeCache (220ms)
			ReleaseScriptCaches (2ms)
			RebuildScriptCaches (50ms)
			SetupLoadedEditorAssemblies (420ms)
				LogAssemblyErrors (0ms)
				InitializePlatformSupportModulesInManaged (17ms)
				SetLoadedEditorAssemblies (0ms)
				RefreshPlugins (1ms)
				BeforeProcessingInitializeOnLoad (63ms)
				ProcessInitializeOnLoadAttributes (192ms)
				ProcessInitializeOnLoadMethodAttributes (142ms)
				AfterProcessingInitializeOnLoad (4ms)
				EditorAssembliesLoaded (0ms)
			ExecutionOrderSort2 (0ms)
			AwakeInstancesAfterBackupRestoration (7ms)
Platform modules already initialized, skipping
Refreshing native plugins compatible for Editor in 4.85 ms, found 2 plugins.
Preloading 0 native plugins for Editor in 0.00 ms.
Unloading 3476 Unused Serialized files (Serialized files now loaded: 0)
Unloading 56 unused Assets / (32.8 KB). Loaded Objects now: 3945.
Memory consumption went from 137.2 MB to 137.1 MB.
Total: 6.020000 ms (FindLiveObjects: 0.292500 ms CreateObjectMapping: 0.088400 ms MarkObjects: 5.600800 ms  DeleteObjects: 0.037200 ms)

AssetImportParameters requested are different than current active one (requested -> active):
  custom:video-decoder-ogg-theora: a1e56fd34408186e4bbccfd4996cb3dc -> 
  custom:container-muxer-webm: aa71ff27fc2769a1b78a27578f13a17b -> 
  custom:container-demuxer-webm: 4f35f7cbe854078d1ac9338744f61a02 -> 
  custom:video-encoder-webm-vp8: eb34c28f22e8b96e1ab97ce403110664 -> 
  custom:audio-encoder-webm-vorbis: bf7c407c2cedff20999df2af8eb42d56 -> 
  custom:framework-win-MediaFoundation: 216162199b28c13a410421893ffa2e32 -> 
  custom:container-demuxer-ogg: 62fdf1f143b41e24485cea50d1cbac27 -> 
  custom:video-decoder-webm-vp8: 9c59270c3fd7afecdb556c50c9e8de78 -> 
  custom:audio-decoder-ogg-vorbis: bf7c407c2cedff20999df2af8eb42d56 -> 
========================================================================
Received Prepare
Registering precompiled user dll's ...
Registered in 0.003577 seconds.
Begin MonoManager ReloadAssembly
Native extension for WindowsStandalone target not found
Native extension for Android target not found
Refreshing native plugins compatible for Editor in 1.02 ms, found 2 plugins.
Preloading 0 native plugins for Editor in 0.00 ms.
Mono: successfully reloaded assembly
- Completed reload, in  0.958 seconds
Domain Reload Profiling:
	ReloadAssembly (959ms)
		BeginReloadAssembly (108ms)
			ExecutionOrderSort (0ms)
			DisableScriptedObjects (6ms)
			BackupInstance (0ms)
			ReleaseScriptingObjects (0ms)
			CreateAndSetChildDomain (34ms)
		EndReloadAssembly (751ms)
			LoadAssemblies (68ms)
			RebuildTransferFunctionScriptingTraits (0ms)
			SetupTypeCache (242ms)
			ReleaseScriptCaches (2ms)
			RebuildScriptCaches (49ms)
			SetupLoadedEditorAssemblies (353ms)
				LogAssemblyErrors (0ms)
				InitializePlatformSupportModulesInManaged (16ms)
				SetLoadedEditorAssemblies (0ms)
				RefreshPlugins (1ms)
				BeforeProcessingInitializeOnLoad (61ms)
				ProcessInitializeOnLoadAttributes (164ms)
				ProcessInitializeOnLoadMethodAttributes (107ms)
				AfterProcessingInitializeOnLoad (3ms)
				EditorAssembliesLoaded (0ms)
			ExecutionOrderSort2 (0ms)
			AwakeInstancesAfterBackupRestoration (5ms)
Platform modules already initialized, skipping
Refreshing native plugins compatible for Editor in 3.56 ms, found 2 plugins.
Preloading 0 native plugins for Editor in 0.00 ms.
Unloading 3476 Unused Serialized files (Serialized files now loaded: 0)
Unloading 56 unused Assets / (32.9 KB). Loaded Objects now: 3948.
Memory consumption went from 137.2 MB to 137.2 MB.
Total: 6.054300 ms (FindLiveObjects: 0.344600 ms CreateObjectMapping: 0.080700 ms MarkObjects: 5.584600 ms  DeleteObjects: 0.042100 ms)

AssetImportParameters requested are different than current active one (requested -> active):
  custom:video-decoder-ogg-theora: a1e56fd34408186e4bbccfd4996cb3dc -> 
  custom:container-muxer-webm: aa71ff27fc2769a1b78a27578f13a17b -> 
  custom:container-demuxer-webm: 4f35f7cbe854078d1ac9338744f61a02 -> 
  custom:video-encoder-webm-vp8: eb34c28f22e8b96e1ab97ce403110664 -> 
  custom:audio-encoder-webm-vorbis: bf7c407c2cedff20999df2af8eb42d56 -> 
  custom:framework-win-MediaFoundation: 216162199b28c13a410421893ffa2e32 -> 
  custom:container-demuxer-ogg: 62fdf1f143b41e24485cea50d1cbac27 -> 
  custom:video-decoder-webm-vp8: 9c59270c3fd7afecdb556c50c9e8de78 -> 
  custom:audio-decoder-ogg-vorbis: bf7c407c2cedff20999df2af8eb42d56 -> 
========================================================================
Received Prepare
Registering precompiled user dll's ...
Registered in 0.003697 seconds.
Begin MonoManager ReloadAssembly
Native extension for WindowsStandalone target not found
Native extension for Android target not found
Refreshing native plugins compatible for Editor in 0.96 ms, found 2 plugins.
Preloading 0 native plugins for Editor in 0.00 ms.
Mono: successfully reloaded assembly
- Completed reload, in  0.873 seconds
Domain Reload Profiling:
	ReloadAssembly (873ms)
		BeginReloadAssembly (112ms)
			ExecutionOrderSort (0ms)
			DisableScriptedObjects (6ms)
			BackupInstance (0ms)
			ReleaseScriptingObjects (0ms)
			CreateAndSetChildDomain (38ms)
		EndReloadAssembly (682ms)
			LoadAssemblies (64ms)
			RebuildTransferFunctionScriptingTraits (0ms)
			SetupTypeCache (202ms)
			ReleaseScriptCaches (2ms)
			RebuildScriptCaches (48ms)
			SetupLoadedEditorAssemblies (336ms)
				LogAssemblyErrors (0ms)
				InitializePlatformSupportModulesInManaged (16ms)
				SetLoadedEditorAssemblies (0ms)
				RefreshPlugins (1ms)
				BeforeProcessingInitializeOnLoad (60ms)
				ProcessInitializeOnLoadAttributes (151ms)
				ProcessInitializeOnLoadMethodAttributes (105ms)
				AfterProcessingInitializeOnLoad (3ms)
				EditorAssembliesLoaded (0ms)
			ExecutionOrderSort2 (0ms)
			AwakeInstancesAfterBackupRestoration (5ms)
Platform modules already initialized, skipping
Refreshing native plugins compatible for Editor in 3.57 ms, found 2 plugins.
Preloading 0 native plugins for Editor in 0.00 ms.
Unloading 3476 Unused Serialized files (Serialized files now loaded: 0)
Unloading 56 unused Assets / (32.8 KB). Loaded Objects now: 3951.
Memory consumption went from 137.2 MB to 137.2 MB.
Total: 5.907600 ms (FindLiveObjects: 0.336100 ms CreateObjectMapping: 0.090900 ms MarkObjects: 5.441700 ms  DeleteObjects: 0.037900 ms)

AssetImportParameters requested are different than current active one (requested -> active):
  custom:video-decoder-ogg-theora: a1e56fd34408186e4bbccfd4996cb3dc -> 
  custom:container-muxer-webm: aa71ff27fc2769a1b78a27578f13a17b -> 
  custom:container-demuxer-webm: 4f35f7cbe854078d1ac9338744f61a02 -> 
  custom:video-encoder-webm-vp8: eb34c28f22e8b96e1ab97ce403110664 -> 
  custom:audio-encoder-webm-vorbis: bf7c407c2cedff20999df2af8eb42d56 -> 
  custom:framework-win-MediaFoundation: 216162199b28c13a410421893ffa2e32 -> 
  custom:container-demuxer-ogg: 62fdf1f143b41e24485cea50d1cbac27 -> 
  custom:video-decoder-webm-vp8: 9c59270c3fd7afecdb556c50c9e8de78 -> 
  custom:audio-decoder-ogg-vorbis: bf7c407c2cedff20999df2af8eb42d56 -> 
========================================================================
Received Prepare
Registering precompiled user dll's ...
Registered in 0.003604 seconds.
Begin MonoManager ReloadAssembly
Native extension for WindowsStandalone target not found
Native extension for Android target not found
Refreshing native plugins compatible for Editor in 1.06 ms, found 2 plugins.
Preloading 0 native plugins for Editor in 0.00 ms.
Mono: successfully reloaded assembly
- Completed reload, in  0.931 seconds
Domain Reload Profiling:
	ReloadAssembly (931ms)
		BeginReloadAssembly (125ms)
			ExecutionOrderSort (0ms)
			DisableScriptedObjects (8ms)
			BackupInstance (0ms)
			ReleaseScriptingObjects (0ms)
			CreateAndSetChildDomain (42ms)
		EndReloadAssembly (721ms)
			LoadAssemblies (68ms)
			RebuildTransferFunctionScriptingTraits (0ms)
			SetupTypeCache (220ms)
			ReleaseScriptCaches (2ms)
			RebuildScriptCaches (51ms)
			SetupLoadedEditorAssemblies (354ms)
				LogAssemblyErrors (0ms)
				InitializePlatformSupportModulesInManaged (19ms)
				SetLoadedEditorAssemblies (0ms)
				RefreshPlugins (1ms)
				BeforeProcessingInitializeOnLoad (58ms)
				ProcessInitializeOnLoadAttributes (156ms)
				ProcessInitializeOnLoadMethodAttributes (117ms)
				AfterProcessingInitializeOnLoad (2ms)
				EditorAssembliesLoaded (0ms)
			ExecutionOrderSort2 (0ms)
			AwakeInstancesAfterBackupRestoration (5ms)
Platform modules already initialized, skipping
Refreshing native plugins compatible for Editor in 3.37 ms, found 2 plugins.
Preloading 0 native plugins for Editor in 0.00 ms.
Unloading 3476 Unused Serialized files (Serialized files now loaded: 0)
Unloading 56 unused Assets / (32.9 KB). Loaded Objects now: 3954.
Memory consumption went from 137.2 MB to 137.2 MB.
Total: 5.677100 ms (FindLiveObjects: 0.282800 ms CreateObjectMapping: 0.091300 ms MarkObjects: 5.265500 ms  DeleteObjects: 0.036100 ms)

AssetImportParameters requested are different than current active one (requested -> active):
  custom:video-decoder-ogg-theora: a1e56fd34408186e4bbccfd4996cb3dc -> 
  custom:container-muxer-webm: aa71ff27fc2769a1b78a27578f13a17b -> 
  custom:container-demuxer-webm: 4f35f7cbe854078d1ac9338744f61a02 -> 
  custom:video-encoder-webm-vp8: eb34c28f22e8b96e1ab97ce403110664 -> 
  custom:audio-encoder-webm-vorbis: bf7c407c2cedff20999df2af8eb42d56 -> 
  custom:framework-win-MediaFoundation: 216162199b28c13a410421893ffa2e32 -> 
  custom:container-demuxer-ogg: 62fdf1f143b41e24485cea50d1cbac27 -> 
  custom:video-decoder-webm-vp8: 9c59270c3fd7afecdb556c50c9e8de78 -> 
  custom:audio-decoder-ogg-vorbis: bf7c407c2cedff20999df2af8eb42d56 -> 
========================================================================
Received Prepare
Registering precompiled user dll's ...
Registered in 0.004175 seconds.
Begin MonoManager ReloadAssembly
Native extension for WindowsStandalone target not found
Native extension for Android target not found
Refreshing native plugins compatible for Editor in 1.17 ms, found 2 plugins.
Preloading 0 native plugins for Editor in 0.00 ms.
Mono: successfully reloaded assembly
- Completed reload, in  0.869 seconds
Domain Reload Profiling:
	ReloadAssembly (869ms)
		BeginReloadAssembly (108ms)
			ExecutionOrderSort (0ms)
			DisableScriptedObjects (6ms)
			BackupInstance (0ms)
			ReleaseScriptingObjects (0ms)
			CreateAndSetChildDomain (35ms)
		EndReloadAssembly (682ms)
			LoadAssemblies (65ms)
			RebuildTransferFunctionScriptingTraits (0ms)
			SetupTypeCache (203ms)
			ReleaseScriptCaches (2ms)
			RebuildScriptCaches (46ms)
			SetupLoadedEditorAssemblies (337ms)
				LogAssemblyErrors (0ms)
				InitializePlatformSupportModulesInManaged (15ms)
				SetLoadedEditorAssemblies (0ms)
				RefreshPlugins (1ms)
				BeforeProcessingInitializeOnLoad (65ms)
				ProcessInitializeOnLoadAttributes (149ms)
				ProcessInitializeOnLoadMethodAttributes (104ms)
				AfterProcessingInitializeOnLoad (3ms)
				EditorAssembliesLoaded (0ms)
			ExecutionOrderSort2 (0ms)
			AwakeInstancesAfterBackupRestoration (5ms)
Platform modules already initialized, skipping
Refreshing native plugins compatible for Editor in 3.50 ms, found 2 plugins.
Preloading 0 native plugins for Editor in 0.00 ms.
Unloading 3476 Unused Serialized files (Serialized files now loaded: 0)
Unloading 56 unused Assets / (32.8 KB). Loaded Objects now: 3957.
Memory consumption went from 137.2 MB to 137.2 MB.
Total: 5.557800 ms (FindLiveObjects: 0.265500 ms CreateObjectMapping: 0.076600 ms MarkObjects: 5.168200 ms  DeleteObjects: 0.046600 ms)

AssetImportParameters requested are different than current active one (requested -> active):
  custom:video-decoder-ogg-theora: a1e56fd34408186e4bbccfd4996cb3dc -> 
  custom:container-muxer-webm: aa71ff27fc2769a1b78a27578f13a17b -> 
  custom:container-demuxer-webm: 4f35f7cbe854078d1ac9338744f61a02 -> 
  custom:video-encoder-webm-vp8: eb34c28f22e8b96e1ab97ce403110664 -> 
  custom:audio-encoder-webm-vorbis: bf7c407c2cedff20999df2af8eb42d56 -> 
  custom:framework-win-MediaFoundation: 216162199b28c13a410421893ffa2e32 -> 
  custom:container-demuxer-ogg: 62fdf1f143b41e24485cea50d1cbac27 -> 
  custom:video-decoder-webm-vp8: 9c59270c3fd7afecdb556c50c9e8de78 -> 
  custom:audio-decoder-ogg-vorbis: bf7c407c2cedff20999df2af8eb42d56 -> 
========================================================================
Received Prepare
Registering precompiled user dll's ...
Registered in 0.005238 seconds.
Begin MonoManager ReloadAssembly
Native extension for WindowsStandalone target not found
Native extension for Android target not found
Refreshing native plugins compatible for Editor in 0.97 ms, found 2 plugins.
Preloading 0 native plugins for Editor in 0.00 ms.
Mono: successfully reloaded assembly
- Completed reload, in  0.882 seconds
Domain Reload Profiling:
	ReloadAssembly (883ms)
		BeginReloadAssembly (106ms)
			ExecutionOrderSort (0ms)
			DisableScriptedObjects (6ms)
			BackupInstance (0ms)
			ReleaseScriptingObjects (0ms)
			CreateAndSetChildDomain (35ms)
		EndReloadAssembly (697ms)
			LoadAssemblies (64ms)
			RebuildTransferFunctionScriptingTraits (0ms)
			SetupTypeCache (207ms)
			ReleaseScriptCaches (2ms)
			RebuildScriptCaches (49ms)
			SetupLoadedEditorAssemblies (343ms)
				LogAssemblyErrors (0ms)
				InitializePlatformSupportModulesInManaged (16ms)
				SetLoadedEditorAssemblies (0ms)
				RefreshPlugins (1ms)
				BeforeProcessingInitializeOnLoad (59ms)
				ProcessInitializeOnLoadAttributes (158ms)
				ProcessInitializeOnLoadMethodAttributes (105ms)
				AfterProcessingInitializeOnLoad (3ms)
				EditorAssembliesLoaded (0ms)
			ExecutionOrderSort2 (0ms)
			AwakeInstancesAfterBackupRestoration (5ms)
Platform modules already initialized, skipping
Refreshing native plugins compatible for Editor in 3.74 ms, found 2 plugins.
Preloading 0 native plugins for Editor in 0.00 ms.
Unloading 3476 Unused Serialized files (Serialized files now loaded: 0)
Unloading 56 unused Assets / (32.8 KB). Loaded Objects now: 3960.
Memory consumption went from 137.2 MB to 137.2 MB.
Total: 7.008400 ms (FindLiveObjects: 0.280000 ms CreateObjectMapping: 0.078100 ms MarkObjects: 6.605100 ms  DeleteObjects: 0.043800 ms)

AssetImportParameters requested are different than current active one (requested -> active):
  custom:video-decoder-ogg-theora: a1e56fd34408186e4bbccfd4996cb3dc -> 
  custom:container-muxer-webm: aa71ff27fc2769a1b78a27578f13a17b -> 
  custom:container-demuxer-webm: 4f35f7cbe854078d1ac9338744f61a02 -> 
  custom:video-encoder-webm-vp8: eb34c28f22e8b96e1ab97ce403110664 -> 
  custom:audio-encoder-webm-vorbis: bf7c407c2cedff20999df2af8eb42d56 -> 
  custom:framework-win-MediaFoundation: 216162199b28c13a410421893ffa2e32 -> 
  custom:container-demuxer-ogg: 62fdf1f143b41e24485cea50d1cbac27 -> 
  custom:video-decoder-webm-vp8: 9c59270c3fd7afecdb556c50c9e8de78 -> 
  custom:audio-decoder-ogg-vorbis: bf7c407c2cedff20999df2af8eb42d56 -> 
========================================================================
Received Import Request.
  Time since last request: 6136.274999 seconds.
  path: Assets/GUI/PNG/2.png
  artifactKey: Guid(8925c87a7beb94c4bb8da70f92affebc) Importer(815301076,1909f56bfc062723c751e8b465ee728b)
Start importing Assets/GUI/PNG/2.png using Guid(8925c87a7beb94c4bb8da70f92affebc) Importer(815301076,1909f56bfc062723c751e8b465ee728b)  -> (artifact id: '3cabc0be61e84f03e1aa2d999fd5c565') in 0.131200 seconds 
========================================================================
Received Import Request.
  Time since last request: 0.000024 seconds.
  path: Assets/GUI/inventory_icons/kirka_80_80.png
  artifactKey: Guid(16d06b0eb6fbb1e4fba02badf44b7a43) Importer(815301076,1909f56bfc062723c751e8b465ee728b)
Start importing Assets/GUI/inventory_icons/kirka_80_80.png using Guid(16d06b0eb6fbb1e4fba02badf44b7a43) Importer(815301076,1909f56bfc062723c751e8b465ee728b)  -> (artifact id: '15dd89392c5cfe72d7c8c73e8e8bfa85') in 0.022518 seconds 
========================================================================
Received Import Request.
  Time since last request: 0.000029 seconds.
  path: Assets/GUI/PNG/18.png
  artifactKey: Guid(8a38e0c362c83a047983d02b417b0980) Importer(815301076,1909f56bfc062723c751e8b465ee728b)
Start importing Assets/GUI/PNG/18.png using Guid(8a38e0c362c83a047983d02b417b0980) Importer(815301076,1909f56bfc062723c751e8b465ee728b)  -> (artifact id: '7f55475f04d16562362fad8794ed8c36') in 0.027524 seconds 
========================================================================
Received Import Request.
  Time since last request: 0.000017 seconds.
  path: Assets/GUI/inventory_icons/gem.png
  artifactKey: Guid(e7d29a79bc7fae248887c8a08a160303) Importer(815301076,1909f56bfc062723c751e8b465ee728b)
Start importing Assets/GUI/inventory_icons/gem.png using Guid(e7d29a79bc7fae248887c8a08a160303) Importer(815301076,1909f56bfc062723c751e8b465ee728b)  -> (artifact id: '97601137ef3a662440e4d87f294449bb') in 0.026395 seconds 
========================================================================
Received Import Request.
  Time since last request: 0.000028 seconds.
  path: Assets/GUI/Inventory/Icons/Coin_Icon.png
  artifactKey: Guid(45ff5a9f5ffb13c48a6d5b706cdf0e53) Importer(815301076,1909f56bfc062723c751e8b465ee728b)
Start importing Assets/GUI/Inventory/Icons/Coin_Icon.png using Guid(45ff5a9f5ffb13c48a6d5b706cdf0e53) Importer(815301076,1909f56bfc062723c751e8b465ee728b)  -> (artifact id: 'bacb0dc38ef7528456845fbaf742085d') in 0.020957 seconds 
========================================================================
Received Import Request.
  Time since last request: 0.000019 seconds.
  path: Assets/GUI/Eq_Slot.png
  artifactKey: Guid(03435f376320d0e418058b601acc79fd) Importer(815301076,1909f56bfc062723c751e8b465ee728b)
Start importing Assets/GUI/Eq_Slot.png using Guid(03435f376320d0e418058b601acc79fd) Importer(815301076,1909f56bfc062723c751e8b465ee728b)  -> (artifact id: '998ddefa385040a051b9706aebacfa03') in 0.022184 seconds 
========================================================================
Received Import Request.
  Time since last request: 0.000019 seconds.
  path: Assets/GUI/HealthMana_Cover.png
  artifactKey: Guid(0d17ab7bbdf3dc544b7e132df546fa81) Importer(815301076,1909f56bfc062723c751e8b465ee728b)
Start importing Assets/GUI/HealthMana_Cover.png using Guid(0d17ab7bbdf3dc544b7e132df546fa81) Importer(815301076,1909f56bfc062723c751e8b465ee728b)  -> (artifact id: '41afc106e3be0bd6d2059ed488cc65e4') in 0.019106 seconds 
========================================================================
Received Import Request.
  Time since last request: 0.000017 seconds.
  path: Assets/GUI/inventory_icons/bracers.PNG
  artifactKey: Guid(70a77abda853dd941a0c8debf1de9b04) Importer(815301076,1909f56bfc062723c751e8b465ee728b)
Start importing Assets/GUI/inventory_icons/bracers.PNG using Guid(70a77abda853dd941a0c8debf1de9b04) Importer(815301076,1909f56bfc062723c751e8b465ee728b)  -> (artifact id: '7799f07997d4f07ba48cdd7b0c1a3fc6') in 0.024728 seconds 
========================================================================
Received Import Request.
  Time since last request: 0.000018 seconds.
  path: Assets/GUI/PNG/5.png
  artifactKey: Guid(a938c2dc75e47c7469ce644250a6c8fa) Importer(815301076,1909f56bfc062723c751e8b465ee728b)
Start importing Assets/GUI/PNG/5.png using Guid(a938c2dc75e47c7469ce644250a6c8fa) Importer(815301076,1909f56bfc062723c751e8b465ee728b)  -> (artifact id: 'd7be8deee16b578ea2d467600aa6d55a') in 0.025043 seconds 
========================================================================
Received Import Request.
  Time since last request: 0.000018 seconds.
  path: Assets/GUI/PNG/10.png
  artifactKey: Guid(45d8334376e3ebc42b7f1c93a0794240) Importer(815301076,1909f56bfc062723c751e8b465ee728b)
Start importing Assets/GUI/PNG/10.png using Guid(45d8334376e3ebc42b7f1c93a0794240) Importer(815301076,1909f56bfc062723c751e8b465ee728b)  -> (artifact id: '1b6760db797389c8d0298a68619cbf85') in 0.025502 seconds 
========================================================================
Received Import Request.
  Time since last request: 0.000035 seconds.
  path: Assets/GUI/circle.png
  artifactKey: Guid(a43310d2682a80c4aaa2558c3fb06f04) Importer(815301076,1909f56bfc062723c751e8b465ee728b)
Start importing Assets/GUI/circle.png using Guid(a43310d2682a80c4aaa2558c3fb06f04) Importer(815301076,1909f56bfc062723c751e8b465ee728b)  -> (artifact id: '8ab0a8e8a1b01b59c11b43f6464b609a') in 0.036937 seconds 
========================================================================
Received Import Request.
  Time since last request: 0.000037 seconds.
  path: Assets/Resources/OpenWorldEditor/Brush_2.png
  artifactKey: Guid(d547d6131adbe15408a179a281784136) Importer(815301076,1909f56bfc062723c751e8b465ee728b)
Start importing Assets/Resources/OpenWorldEditor/Brush_2.png using Guid(d547d6131adbe15408a179a281784136) Importer(815301076,1909f56bfc062723c751e8b465ee728b)  -> (artifact id: 'a8267a1f4f83754d3bd0a7c2ea168e1b') in 0.019770 seconds 
========================================================================
Received Import Request.
  Time since last request: 0.000018 seconds.
  path: Assets/GUI/inventory_icons/helmets.png
  artifactKey: Guid(fd6e4fc32c78509458fc45ea4a478ba8) Importer(815301076,1909f56bfc062723c751e8b465ee728b)
Start importing Assets/GUI/inventory_icons/helmets.png using Guid(fd6e4fc32c78509458fc45ea4a478ba8) Importer(815301076,1909f56bfc062723c751e8b465ee728b)  -> (artifact id: '9fcb9c7494df371846946cb1203af756') in 0.024688 seconds 
========================================================================
Received Import Request.
  Time since last request: 0.000022 seconds.
  path: Assets/GUI/inventory_icons/f.PNG
  artifactKey: Guid(ed1074391f139544d941ae0870937dc0) Importer(815301076,1909f56bfc062723c751e8b465ee728b)
Start importing Assets/GUI/inventory_icons/f.PNG using Guid(ed1074391f139544d941ae0870937dc0) Importer(815301076,1909f56bfc062723c751e8b465ee728b)  -> (artifact id: '09623e4ec0148ca7adbd0bcfac83b093') in 0.030594 seconds 
========================================================================
Received Import Request.
  Time since last request: 0.000019 seconds.
  path: Assets/GUI/inventory_icons/coins.png
  artifactKey: Guid(3676a0b185daeb54fb257f700ba7ead4) Importer(815301076,1909f56bfc062723c751e8b465ee728b)
Start importing Assets/GUI/inventory_icons/coins.png using Guid(3676a0b185daeb54fb257f700ba7ead4) Importer(815301076,1909f56bfc062723c751e8b465ee728b)  -> (artifact id: '2a49c0c370c627bb6f2a50bc3922efa2') in 0.028808 seconds 
========================================================================
Received Import Request.
  Time since last request: 0.000021 seconds.
  path: Assets/GUI/Inventory/Icons/Comleted_Icon.png
  artifactKey: Guid(a3464046b5f29474b891e5a6b0602b66) Importer(815301076,1909f56bfc062723c751e8b465ee728b)
Start importing Assets/GUI/Inventory/Icons/Comleted_Icon.png using Guid(a3464046b5f29474b891e5a6b0602b66) Importer(815301076,1909f56bfc062723c751e8b465ee728b)  -> (artifact id: 'f49d49467c391caafb707ebc60619a66') in 0.009892 seconds 
========================================================================
Received Import Request.
  Time since last request: 0.000019 seconds.
  path: Assets/GUI/PNG/7.png
  artifactKey: Guid(05ae5b27f62190b4da657741df56fafd) Importer(815301076,1909f56bfc062723c751e8b465ee728b)
Start importing Assets/GUI/PNG/7.png using Guid(05ae5b27f62190b4da657741df56fafd) Importer(815301076,1909f56bfc062723c751e8b465ee728b)  -> (artifact id: '01ca0b49ec390443526350affa07a0c4') in 0.024876 seconds 
========================================================================
Received Import Request.
  Time since last request: 0.000019 seconds.
  path: Assets/Resources/OpenWorldEditor/Brush_1.png
  artifactKey: Guid(180cabb61823ff9408441950a65512e4) Importer(815301076,1909f56bfc062723c751e8b465ee728b)
Start importing Assets/Resources/OpenWorldEditor/Brush_1.png using Guid(180cabb61823ff9408441950a65512e4) Importer(815301076,1909f56bfc062723c751e8b465ee728b)  -> (artifact id: 'a9257f0f632f175b3f04df1afa800afa') in 0.018322 seconds 
========================================================================
Received Import Request.
  Time since last request: 0.000021 seconds.
  path: Assets/GUI/Simple Fantasy GUI/PNG/Character Panel/Blue_Ribbon.png
  artifactKey: Guid(6b7f50f0c25eead429284cd00c8c43fd) Importer(815301076,1909f56bfc062723c751e8b465ee728b)
Start importing Assets/GUI/Simple Fantasy GUI/PNG/Character Panel/Blue_Ribbon.png using Guid(6b7f50f0c25eead429284cd00c8c43fd) Importer(815301076,1909f56bfc062723c751e8b465ee728b)  -> (artifact id: '772f5893c8b6a06d45b1fb8e07d47d06') in 0.019809 seconds 
========================================================================
Received Import Request.
  Time since last request: 0.000023 seconds.
  path: Assets/GUI/inventory_icons/belts.png
  artifactKey: Guid(da09804303305f542a686824630e7269) Importer(815301076,1909f56bfc062723c751e8b465ee728b)
Start importing Assets/GUI/inventory_icons/belts.png using Guid(da09804303305f542a686824630e7269) Importer(815301076,1909f56bfc062723c751e8b465ee728b)  -> (artifact id: '98cea2211a6c6f80678580c6b4af19c7') in 0.031349 seconds 
========================================================================
Received Import Request.
  Time since last request: 0.000056 seconds.
  path: Assets/GUI/Inventory/Inventory_Slot.png
  artifactKey: Guid(70c500e3f9a702743946d084c36b42c6) Importer(815301076,1909f56bfc062723c751e8b465ee728b)
Start importing Assets/GUI/Inventory/Inventory_Slot.png using Guid(70c500e3f9a702743946d084c36b42c6) Importer(815301076,1909f56bfc062723c751e8b465ee728b)  -> (artifact id: '0206b58f8ab761b0798908b8d3502187') in 0.019944 seconds 
========================================================================
Received Import Request.
  Time since last request: 0.000022 seconds.
  path: Assets/GUI/PNG/16.png
  artifactKey: Guid(619da714ddc4f354f804d6102a268fdf) Importer(815301076,1909f56bfc062723c751e8b465ee728b)
Start importing Assets/GUI/PNG/16.png using Guid(619da714ddc4f354f804d6102a268fdf) Importer(815301076,1909f56bfc062723c751e8b465ee728b)  -> (artifact id: '387ca03bed445deb3543de604875cc7e') in 0.027640 seconds 
========================================================================
Received Import Request.
  Time since last request: 0.000023 seconds.
  path: Assets/GUI/PNG/8.png
  artifactKey: Guid(cb93653465f6bc64f938a8231850ae83) Importer(815301076,1909f56bfc062723c751e8b465ee728b)
Start importing Assets/GUI/PNG/8.png using Guid(cb93653465f6bc64f938a8231850ae83) Importer(815301076,1909f56bfc062723c751e8b465ee728b)  -> (artifact id: '4ba66d6f028f91eefca80a679155d219') in 0.025404 seconds 
========================================================================
Received Import Request.
  Time since last request: 0.000021 seconds.
  path: Assets/GUI/PNG/14.png
  artifactKey: Guid(53f0a099e5669d345a3f0b7f41c2f8c7) Importer(815301076,1909f56bfc062723c751e8b465ee728b)
Start importing Assets/GUI/PNG/14.png using Guid(53f0a099e5669d345a3f0b7f41c2f8c7) Importer(815301076,1909f56bfc062723c751e8b465ee728b)  -> (artifact id: '6d0926939f9f6bba875534cb92e98ceb') in 0.031376 seconds 
========================================================================
Received Import Request.
  Time since last request: 0.000036 seconds.
  path: Assets/GUI/PNG/3.png
  artifactKey: Guid(ea9306e1aa95eb8439400efefff9f8db) Importer(815301076,1909f56bfc062723c751e8b465ee728b)
Start importing Assets/GUI/PNG/3.png using Guid(ea9306e1aa95eb8439400efefff9f8db) Importer(815301076,1909f56bfc062723c751e8b465ee728b)  -> (artifact id: '8ce3f2e7d3bf5623b80ea98338ffc64c') in 0.023573 seconds 
========================================================================
Received Import Request.
  Time since last request: 0.000024 seconds.
  path: Assets/GUI/inventory_icons/apple.png
  artifactKey: Guid(5d9ba4e7d0964044ea54abe409d81dfd) Importer(815301076,1909f56bfc062723c751e8b465ee728b)
Start importing Assets/GUI/inventory_icons/apple.png using Guid(5d9ba4e7d0964044ea54abe409d81dfd) Importer(815301076,1909f56bfc062723c751e8b465ee728b)  -> (artifact id: '613b361722a1307c112e1af15cb8f7cf') in 0.023163 seconds 
========================================================================
Received Import Request.
  Time since last request: 0.000026 seconds.
  path: Assets/GUI/info-32.png
  artifactKey: Guid(528102d91f9dd774f8d1a4270484c247) Importer(815301076,1909f56bfc062723c751e8b465ee728b)
Start importing Assets/GUI/info-32.png using Guid(528102d91f9dd774f8d1a4270484c247) Importer(815301076,1909f56bfc062723c751e8b465ee728b)  -> (artifact id: '2b1ea2a5b7a4dee186fa04337f78d713') in 0.020343 seconds 
========================================================================
Received Import Request.
  Time since last request: 0.000022 seconds.
  path: Assets/GUI/Simple Fantasy GUI/PNG/Quest Panel/Crystal_Icon.png
  artifactKey: Guid(bebdcb1b1d4112d49bb5e505c72918c6) Importer(815301076,1909f56bfc062723c751e8b465ee728b)
Start importing Assets/GUI/Simple Fantasy GUI/PNG/Quest Panel/Crystal_Icon.png using Guid(bebdcb1b1d4112d49bb5e505c72918c6) Importer(815301076,1909f56bfc062723c751e8b465ee728b)  -> (artifact id: 'eb48be6d31c444493be6c2ffe55ef27f') in 0.017497 seconds 
========================================================================
Received Import Request.
  Time since last request: 0.000027 seconds.
  path: Assets/Resources/OpenWorldEditor/Brush_3.png
  artifactKey: Guid(fdbaaeefa4ee64942986b1e29b6d802f) Importer(815301076,1909f56bfc062723c751e8b465ee728b)
Start importing Assets/Resources/OpenWorldEditor/Brush_3.png using Guid(fdbaaeefa4ee64942986b1e29b6d802f) Importer(815301076,1909f56bfc062723c751e8b465ee728b)  -> (artifact id: '115247c54b13df92ce743e6467e49b02') in 0.019514 seconds 
========================================================================
Received Import Request.
  Time since last request: 0.000020 seconds.
  path: Assets/GUI/Inventory/Inventory_Box.png
  artifactKey: Guid(6217b7e11307ad64884406331d3ca2ce) Importer(815301076,1909f56bfc062723c751e8b465ee728b)
Start importing Assets/GUI/Inventory/Inventory_Box.png using Guid(6217b7e11307ad64884406331d3ca2ce) Importer(815301076,1909f56bfc062723c751e8b465ee728b)  -> (artifact id: '5ddd68ba783996a2e7e169b51fdb7e43') in 0.033632 seconds 
========================================================================
Received Import Request.
  Time since last request: 0.000020 seconds.
  path: Assets/GUI/inventory_icons/bag.png
  artifactKey: Guid(fe025e83f69d0b54f8a4fe3c7c128fd7) Importer(815301076,1909f56bfc062723c751e8b465ee728b)
Start importing Assets/GUI/inventory_icons/bag.png using Guid(fe025e83f69d0b54f8a4fe3c7c128fd7) Importer(815301076,1909f56bfc062723c751e8b465ee728b)  -> (artifact id: '68ee5d4f67976e9949cdd450d566361e') in 0.026077 seconds 
========================================================================
Received Import Request.
  Time since last request: 0.000019 seconds.
  path: Assets/GUI/Inventory/Coin_Icon.png
  artifactKey: Guid(2a1c781e35926804da1a57d450ea2c86) Importer(815301076,1909f56bfc062723c751e8b465ee728b)
Start importing Assets/GUI/Inventory/Coin_Icon.png using Guid(2a1c781e35926804da1a57d450ea2c86) Importer(815301076,1909f56bfc062723c751e8b465ee728b)  -> (artifact id: '96646553eea0f2474770a2f984937b79') in 0.009989 seconds 
========================================================================
Received Import Request.
  Time since last request: 0.000018 seconds.
  path: Assets/GUI/Inventory/Icons/Helmet_Icon.png
  artifactKey: Guid(f8fceb41b68ef0a4ea35add24f4635e0) Importer(815301076,1909f56bfc062723c751e8b465ee728b)
Start importing Assets/GUI/Inventory/Icons/Helmet_Icon.png using Guid(f8fceb41b68ef0a4ea35add24f4635e0) Importer(815301076,1909f56bfc062723c751e8b465ee728b)  -> (artifact id: '376d1e5cfe86a2b3606efa4030d03807') in 0.019692 seconds 
========================================================================
Received Import Request.
  Time since last request: 0.000022 seconds.
  path: Assets/GUI/PNG/9.png
  artifactKey: Guid(33ba85d5fc7cbab4a9dcd8dc35e31542) Importer(815301076,1909f56bfc062723c751e8b465ee728b)
Start importing Assets/GUI/PNG/9.png using Guid(33ba85d5fc7cbab4a9dcd8dc35e31542) Importer(815301076,1909f56bfc062723c751e8b465ee728b)  -> (artifact id: 'cbc5ee0e7d9ca2c2eec0b66ac65344f3') in 0.024472 seconds 
========================================================================
Received Import Request.
  Time since last request: 0.000016 seconds.
  path: Assets/GUI/Inventory/Close_Icon.png
  artifactKey: Guid(91b7e74335f44c44c8dba8435bf6c3ab) Importer(815301076,1909f56bfc062723c751e8b465ee728b)
Start importing Assets/GUI/Inventory/Close_Icon.png using Guid(91b7e74335f44c44c8dba8435bf6c3ab) Importer(815301076,1909f56bfc062723c751e8b465ee728b)  -> (artifact id: 'e685236d0c753c96aa59f62d55109c8c') in 0.020780 seconds 
========================================================================
Received Import Request.
  Time since last request: 0.000017 seconds.
  path: Assets/GUI/PNG/11.png
  artifactKey: Guid(0c52b44113e098941bd61a55af4745b1) Importer(815301076,1909f56bfc062723c751e8b465ee728b)
Start importing Assets/GUI/PNG/11.png using Guid(0c52b44113e098941bd61a55af4745b1) Importer(815301076,1909f56bfc062723c751e8b465ee728b)  -> (artifact id: 'cf65ad6efbe94c9f6d976d97e0fe16e9') in 0.024308 seconds 
========================================================================
Received Import Request.
  Time since last request: 0.000029 seconds.
  path: Assets/GUI/inventory_icons/axe2.png
  artifactKey: Guid(172774604c1bee84185a69041576525b) Importer(815301076,1909f56bfc062723c751e8b465ee728b)
Start importing Assets/GUI/inventory_icons/axe2.png using Guid(172774604c1bee84185a69041576525b) Importer(815301076,1909f56bfc062723c751e8b465ee728b)  -> (artifact id: '29feb8f6b54aca9031206a70e472b467') in 0.023528 seconds 
========================================================================
Received Import Request.
  Time since last request: 0.000042 seconds.
  path: Assets/GUI/PNG/15.png
  artifactKey: Guid(7dd246bae015387458c848fe85a44fa9) Importer(815301076,1909f56bfc062723c751e8b465ee728b)
Start importing Assets/GUI/PNG/15.png using Guid(7dd246bae015387458c848fe85a44fa9) Importer(815301076,1909f56bfc062723c751e8b465ee728b)  -> (artifact id: 'ec7ef6c050c885204787447812dbcb24') in 0.026649 seconds 
========================================================================
Received Import Request.
  Time since last request: 0.000019 seconds.
  path: Assets/GUI/if_exit_17902.png
  artifactKey: Guid(89ade856b55593e4aa4049eae0f162a7) Importer(815301076,1909f56bfc062723c751e8b465ee728b)
Start importing Assets/GUI/if_exit_17902.png using Guid(89ade856b55593e4aa4049eae0f162a7) Importer(815301076,1909f56bfc062723c751e8b465ee728b)  -> (artifact id: 'aaed28aadbbb6e1429ae9e1e455279de') in 0.025187 seconds 
========================================================================
Received Import Request.
  Time since last request: 0.000018 seconds.
  path: Assets/GUI/Health.png
  artifactKey: Guid(2927e1d7d646af8459f2898fc4fce62b) Importer(815301076,1909f56bfc062723c751e8b465ee728b)
Start importing Assets/GUI/Health.png using Guid(2927e1d7d646af8459f2898fc4fce62b) Importer(815301076,1909f56bfc062723c751e8b465ee728b)  -> (artifact id: '7d89dc03b21520e05c8496bab7b00220') in 0.022506 seconds 
========================================================================
Received Import Request.
  Time since last request: 0.000031 seconds.
  path: Assets/GUI/inventory_icons/cloaks.PNG
  artifactKey: Guid(6fc27c9d7fc2d9448af6851bf935e6d2) Importer(815301076,1909f56bfc062723c751e8b465ee728b)
Start importing Assets/GUI/inventory_icons/cloaks.PNG using Guid(6fc27c9d7fc2d9448af6851bf935e6d2) Importer(815301076,1909f56bfc062723c751e8b465ee728b)  -> (artifact id: 'e9e9812b85b97fec8b96d2b3a68a3c8f') in 0.024051 seconds 
========================================================================
Received Import Request.
  Time since last request: 0.000025 seconds.
  path: Assets/Editor/Img/Inventory_Box.png
  artifactKey: Guid(b64ecb37370f4374fa41dd479ef77210) Importer(815301076,1909f56bfc062723c751e8b465ee728b)
Start importing Assets/Editor/Img/Inventory_Box.png using Guid(b64ecb37370f4374fa41dd479ef77210) Importer(815301076,1909f56bfc062723c751e8b465ee728b)  -> (artifact id: '10479e78979ee3360464c6b4196c0112') in 0.020611 seconds 
========================================================================
Received Import Request.
  Time since last request: 0.000022 seconds.
  path: Assets/GUI/inventory_icons/gloves.PNG
  artifactKey: Guid(d4f5634edede200468fc1ccf30e6f3a1) Importer(815301076,1909f56bfc062723c751e8b465ee728b)
Start importing Assets/GUI/inventory_icons/gloves.PNG using Guid(d4f5634edede200468fc1ccf30e6f3a1) Importer(815301076,1909f56bfc062723c751e8b465ee728b)  -> (artifact id: 'be085f3c2f8dcce99b7d8c285fe99446') in 0.023018 seconds 
========================================================================
Received Import Request.
  Time since last request: 0.000022 seconds.
  path: Assets/GUI/Simple Fantasy GUI/PNG/Menu Panel/ButtonShadow.png
  artifactKey: Guid(a1bad59df67816b4e87ffbadf3753955) Importer(815301076,1909f56bfc062723c751e8b465ee728b)
Start importing Assets/GUI/Simple Fantasy GUI/PNG/Menu Panel/ButtonShadow.png using Guid(a1bad59df67816b4e87ffbadf3753955) Importer(815301076,1909f56bfc062723c751e8b465ee728b)  -> (artifact id: '3cb075c85e485f865c5c5d4c12c7e478') in 0.020898 seconds 
========================================================================
Received Import Request.
  Time since last request: 0.721158 seconds.
  path: Assets/GUI/inventory_icons/lether_1.png
  artifactKey: Guid(738d3155b4c916642a0960267595836b) Importer(815301076,1909f56bfc062723c751e8b465ee728b)
Start importing Assets/GUI/inventory_icons/lether_1.png using Guid(738d3155b4c916642a0960267595836b) Importer(815301076,1909f56bfc062723c751e8b465ee728b)  -> (artifact id: 'd62302c351756810e95d4b3e5b1dbdef') in 0.026090 seconds 
========================================================================
Received Import Request.
  Time since last request: 0.000029 seconds.
  path: Assets/GUI/Simple Fantasy GUI/PNG/Login Panel/LoginButton_Pressed.png
  artifactKey: Guid(b75aa2349cb309240afa0694dffe6027) Importer(815301076,1909f56bfc062723c751e8b465ee728b)
Start importing Assets/GUI/Simple Fantasy GUI/PNG/Login Panel/LoginButton_Pressed.png using Guid(b75aa2349cb309240afa0694dffe6027) Importer(815301076,1909f56bfc062723c751e8b465ee728b)  -> (artifact id: '1e110e9f6089a657aad988bcf709f55b') in 0.024091 seconds 
========================================================================
Received Import Request.
  Time since last request: 0.000020 seconds.
  path: Assets/GUI/Nickname_Slot.png
  artifactKey: Guid(4e919d44466f0624191cd947ff906d2a) Importer(815301076,1909f56bfc062723c751e8b465ee728b)
Start importing Assets/GUI/Nickname_Slot.png using Guid(4e919d44466f0624191cd947ff906d2a) Importer(815301076,1909f56bfc062723c751e8b465ee728b)  -> (artifact id: '71f8f7eb19c4a0c4300498f308b38c63') in 0.018562 seconds 
========================================================================
Received Import Request.
  Time since last request: 0.000017 seconds.
  path: Assets/GUI/inventory_icons/shield.png
  artifactKey: Guid(b97c91e8b348f3f4ebdc11f5c82182cd) Importer(815301076,1909f56bfc062723c751e8b465ee728b)
Start importing Assets/GUI/inventory_icons/shield.png using Guid(b97c91e8b348f3f4ebdc11f5c82182cd) Importer(815301076,1909f56bfc062723c751e8b465ee728b)  -> (artifact id: '6863b8f05dd2eb3f788e08efffae0977') in 0.022971 seconds 
========================================================================
Received Import Request.
  Time since last request: 0.000024 seconds.
  path: Assets/GUI/Skills/Transparent/T_Runestone_Blue.png
  artifactKey: Guid(9e2c99a2f1ae70343ba923d766b9ead8) Importer(815301076,1909f56bfc062723c751e8b465ee728b)
Start importing Assets/GUI/Skills/Transparent/T_Runestone_Blue.png using Guid(9e2c99a2f1ae70343ba923d766b9ead8) Importer(815301076,1909f56bfc062723c751e8b465ee728b)  -> (artifact id: 'df83017ae9f330aa945916ee873c41fe') in 0.020139 seconds 
========================================================================
Received Import Request.
  Time since last request: 0.000026 seconds.
  path: Assets/GUI/Skills/Transparent/T_Sword.png
  artifactKey: Guid(84d69569e482d0e48a229a2337da931a) Importer(815301076,1909f56bfc062723c751e8b465ee728b)
Start importing Assets/GUI/Skills/Transparent/T_Sword.png using Guid(84d69569e482d0e48a229a2337da931a) Importer(815301076,1909f56bfc062723c751e8b465ee728b)  -> (artifact id: 'e5001923e3a174f09ba3298b06552cac') in 0.019693 seconds 
========================================================================
Received Import Request.
  Time since last request: 0.000022 seconds.
  path: Assets/GUI/Mana.png
  artifactKey: Guid(78ee397acef927a439f9c6db499a7d33) Importer(815301076,1909f56bfc062723c751e8b465ee728b)
Start importing Assets/GUI/Mana.png using Guid(78ee397acef927a439f9c6db499a7d33) Importer(815301076,1909f56bfc062723c751e8b465ee728b)  -> (artifact id: 'e45c9df7d828b1b881898be163e83232') in 0.020532 seconds 
========================================================================
Received Import Request.
  Time since last request: 0.000016 seconds.
  path: Assets/GUI/inventory_icons/molot_ruchka_80_80.png
  artifactKey: Guid(75a250f9e587e2c499a4b97aff4f83d2) Importer(815301076,1909f56bfc062723c751e8b465ee728b)
Start importing Assets/GUI/inventory_icons/molot_ruchka_80_80.png using Guid(75a250f9e587e2c499a4b97aff4f83d2) Importer(815301076,1909f56bfc062723c751e8b465ee728b)  -> (artifact id: '0295ce3cce4428c263572ee7429102e0') in 0.020044 seconds 
========================================================================
Received Import Request.
  Time since last request: 0.000021 seconds.
  path: Assets/GUI/inventory_icons/pants.png
  artifactKey: Guid(b8fb302c5768e334ca82005f50e58121) Importer(815301076,1909f56bfc062723c751e8b465ee728b)
Start importing Assets/GUI/inventory_icons/pants.png using Guid(b8fb302c5768e334ca82005f50e58121) Importer(815301076,1909f56bfc062723c751e8b465ee728b)  -> (artifact id: '571c9f122eedb6905e1fed40344a9b57') in 0.023080 seconds 
========================================================================
Received Import Request.
  Time since last request: 0.000019 seconds.
  path: Assets/GUI/inventory_icons/mp.png
  artifactKey: Guid(6592b916f86b19e428db6f6847c7b6dd) Importer(815301076,1909f56bfc062723c751e8b465ee728b)
Start importing Assets/GUI/inventory_icons/mp.png using Guid(6592b916f86b19e428db6f6847c7b6dd) Importer(815301076,1909f56bfc062723c751e8b465ee728b)  -> (artifact id: 'edaf86d4bc827d8f32f858002b64e42c') in 0.027424 seconds 
========================================================================
Received Import Request.
  Time since last request: 0.000027 seconds.
  path: Assets/GUI/inventory_icons/shoulders.png
  artifactKey: Guid(f126324fd2486a641842ea5a8244c2d1) Importer(815301076,1909f56bfc062723c751e8b465ee728b)
Start importing Assets/GUI/inventory_icons/shoulders.png using Guid(f126324fd2486a641842ea5a8244c2d1) Importer(815301076,1909f56bfc062723c751e8b465ee728b)  -> (artifact id: '9bef59d7ae05101432b74e2cab8a5028') in 0.028385 seconds 
========================================================================
Received Import Request.
  Time since last request: 0.000023 seconds.
  path: Assets/GUI/Simple Fantasy GUI/PNG/Character Panel/Red_Ribbon.png
  artifactKey: Guid(f42791169da3c0149ad7d455c24026ef) Importer(815301076,1909f56bfc062723c751e8b465ee728b)
Start importing Assets/GUI/Simple Fantasy GUI/PNG/Character Panel/Red_Ribbon.png using Guid(f42791169da3c0149ad7d455c24026ef) Importer(815301076,1909f56bfc062723c751e8b465ee728b)  -> (artifact id: '30428e18f788ec3513819f9ca8aba01b') in 0.020482 seconds 
========================================================================
Received Import Request.
  Time since last request: 0.000020 seconds.
  path: Assets/GUI/Skills/Weapon_02.png
  artifactKey: Guid(b612081374aef40ca836a2cecd70acbb) Importer(815301076,1909f56bfc062723c751e8b465ee728b)
Start importing Assets/GUI/Skills/Weapon_02.png using Guid(b612081374aef40ca836a2cecd70acbb) Importer(815301076,1909f56bfc062723c751e8b465ee728b)  -> (artifact id: '26d4080e70b5a51415b5475306bbf5b1') in 0.028477 seconds 
========================================================================
Received Import Request.
  Time since last request: 0.000031 seconds.
  path: Assets/GUI/Simple Fantasy GUI/PNG/Loading Bar/Progress_Bar.png
  artifactKey: Guid(a5b93d32762c76c4ab4818b49c2f74dc) Importer(815301076,1909f56bfc062723c751e8b465ee728b)
Start importing Assets/GUI/Simple Fantasy GUI/PNG/Loading Bar/Progress_Bar.png using Guid(a5b93d32762c76c4ab4818b49c2f74dc) Importer(815301076,1909f56bfc062723c751e8b465ee728b)  -> (artifact id: 'f0a8a86d89ee363d7d3a770f7574216c') in 0.019342 seconds 
========================================================================
Received Import Request.
  Time since last request: 0.000027 seconds.
  path: Assets/GUI/Skills/Scroll.png
  artifactKey: Guid(eac60f25337bcd84da7de6a445ffa94b) Importer(815301076,1909f56bfc062723c751e8b465ee728b)
Start importing Assets/GUI/Skills/Scroll.png using Guid(eac60f25337bcd84da7de6a445ffa94b) Importer(815301076,1909f56bfc062723c751e8b465ee728b)  -> (artifact id: 'be3acb755ac484bd93b2d2d489268293') in 0.020976 seconds 
========================================================================
Received Import Request.
  Time since last request: 0.000020 seconds.
  path: Assets/GUI/up-arrow.png
  artifactKey: Guid(e0c746ebab1c75e44b319303134fafcc) Importer(815301076,1909f56bfc062723c751e8b465ee728b)
Start importing Assets/GUI/up-arrow.png using Guid(e0c746ebab1c75e44b319303134fafcc) Importer(815301076,1909f56bfc062723c751e8b465ee728b)  -> (artifact id: '2c98489207b776a118596161752ccebd') in 0.022017 seconds 
========================================================================
Received Import Request.
  Time since last request: 0.000023 seconds.
  path: Assets/GUI/Simple Fantasy GUI/PNG/Quest Panel/Progress_Slot.png
  artifactKey: Guid(c8c8c670367bf7e489243b843eeef521) Importer(815301076,1909f56bfc062723c751e8b465ee728b)
Start importing Assets/GUI/Simple Fantasy GUI/PNG/Quest Panel/Progress_Slot.png using Guid(c8c8c670367bf7e489243b843eeef521) Importer(815301076,1909f56bfc062723c751e8b465ee728b)  -> (artifact id: 'c6fa20e38c607f494a458282bf1dc7bd') in 0.019543 seconds 
========================================================================
Received Import Request.
  Time since last request: 0.000017 seconds.
  path: Assets/GUI/Simple Fantasy GUI/PNG/Login Panel/LoginButton.png
  artifactKey: Guid(a10be1c4d44d5e447bf2917dbeb8f2b8) Importer(815301076,1909f56bfc062723c751e8b465ee728b)
Start importing Assets/GUI/Simple Fantasy GUI/PNG/Login Panel/LoginButton.png using Guid(a10be1c4d44d5e447bf2917dbeb8f2b8) Importer(815301076,1909f56bfc062723c751e8b465ee728b)  -> (artifact id: '7808eb436c3588f7bbb9a9e537b90e6a') in 0.020115 seconds 
========================================================================
Received Import Request.
  Time since last request: 0.000022 seconds.
  path: Assets/GUI/Inventory/Icons/Minus_Icon.png
  artifactKey: Guid(479eafb2543431043a8ee390637ac0f7) Importer(815301076,1909f56bfc062723c751e8b465ee728b)
Start importing Assets/GUI/Inventory/Icons/Minus_Icon.png using Guid(479eafb2543431043a8ee390637ac0f7) Importer(815301076,1909f56bfc062723c751e8b465ee728b)  -> (artifact id: '8a75e2bf83b4c62dfc8923db106ea52d') in 0.020778 seconds 
========================================================================
Received Import Request.
  Time since last request: 0.000020 seconds.
  path: Assets/GUI/inventory_icons/ugol_80_80.png
  artifactKey: Guid(126b6331e8636834eb608a4b10f49817) Importer(815301076,1909f56bfc062723c751e8b465ee728b)
Start importing Assets/GUI/inventory_icons/ugol_80_80.png using Guid(126b6331e8636834eb608a4b10f49817) Importer(815301076,1909f56bfc062723c751e8b465ee728b)  -> (artifact id: '364eabe36b8cd92aa379913890ea0a2e') in 0.018450 seconds 
========================================================================
Received Import Request.
  Time since last request: 0.000034 seconds.
  path: Assets/GUI/inventory_icons/sword.png
  artifactKey: Guid(5fd50594014b70e48bd6993443d46b32) Importer(815301076,1909f56bfc062723c751e8b465ee728b)
Start importing Assets/GUI/inventory_icons/sword.png using Guid(5fd50594014b70e48bd6993443d46b32) Importer(815301076,1909f56bfc062723c751e8b465ee728b)  -> (artifact id: '7e1d2ea973979d7f49fb43c679583a2a') in 0.025133 seconds 
========================================================================
Received Import Request.
  Time since last request: 0.000018 seconds.
  path: Assets/Standard Assets/Effects/Projectors/Textures/Shadow2.psd
  artifactKey: Guid(f69f1640eb7c8864595193d4395e1673) Importer(815301076,1909f56bfc062723c751e8b465ee728b)
Start importing Assets/Standard Assets/Effects/Projectors/Textures/Shadow2.psd using Guid(f69f1640eb7c8864595193d4395e1673) Importer(815301076,1909f56bfc062723c751e8b465ee728b)  -> (artifact id: '05d8fda418f3dadd74b52288fe121a63') in 0.021784 seconds 
========================================================================
Received Import Request.
  Time since last request: 0.000019 seconds.
  path: Assets/GUI/Skills/Transparent/T_Bracer.png
  artifactKey: Guid(5ba07cf31437e0745acd95de89aa211c) Importer(815301076,1909f56bfc062723c751e8b465ee728b)
Start importing Assets/GUI/Skills/Transparent/T_Bracer.png using Guid(5ba07cf31437e0745acd95de89aa211c) Importer(815301076,1909f56bfc062723c751e8b465ee728b)  -> (artifact id: 'e4d07905833b09236b40bc5f557ad50f') in 0.021823 seconds 
========================================================================
Received Import Request.
  Time since last request: 0.000026 seconds.
  path: Assets/GUI/Inventory/Money_Bar.png
  artifactKey: Guid(c7af4caf86986a24d89b41c984aa68d3) Importer(815301076,1909f56bfc062723c751e8b465ee728b)
Start importing Assets/GUI/Inventory/Money_Bar.png using Guid(c7af4caf86986a24d89b41c984aa68d3) Importer(815301076,1909f56bfc062723c751e8b465ee728b)  -> (artifact id: 'f89b84dd8f0a9c213e40b5e5cc9f566f') in 0.019564 seconds 
========================================================================
Received Import Request.
  Time since last request: 0.000017 seconds.
  path: Assets/GUI/Simple Fantasy GUI/PNG/Login Panel/Login_Box.png
  artifactKey: Guid(df1945708fc4d6742b37268ae519a4b1) Importer(815301076,1909f56bfc062723c751e8b465ee728b)
Start importing Assets/GUI/Simple Fantasy GUI/PNG/Login Panel/Login_Box.png using Guid(df1945708fc4d6742b37268ae519a4b1) Importer(815301076,1909f56bfc062723c751e8b465ee728b)  -> (artifact id: 'af216f33aa77934d0725b1a859b686ec') in 0.031337 seconds 
========================================================================
Received Import Request.
  Time since last request: 0.000023 seconds.
  path: Assets/GUI/Simple Fantasy GUI/PNG/Quest Panel/QuestDemo.png
  artifactKey: Guid(0c89fb34eb40dac459225c387c909660) Importer(815301076,1909f56bfc062723c751e8b465ee728b)
Start importing Assets/GUI/Simple Fantasy GUI/PNG/Quest Panel/QuestDemo.png using Guid(0c89fb34eb40dac459225c387c909660) Importer(815301076,1909f56bfc062723c751e8b465ee728b)  -> (artifact id: '0bab146c849c6435411fdf2f5285312c') in 0.043264 seconds 
========================================================================
Received Import Request.
  Time since last request: 0.000032 seconds.
  path: Assets/GUI/inventory_icons/molot_golova_80_80.png
  artifactKey: Guid(be786556cae4f8345b3da7c13c5e5e66) Importer(815301076,1909f56bfc062723c751e8b465ee728b)
Start importing Assets/GUI/inventory_icons/molot_golova_80_80.png using Guid(be786556cae4f8345b3da7c13c5e5e66) Importer(815301076,1909f56bfc062723c751e8b465ee728b)  -> (artifact id: '1a5a2361ff4bcd78f0f82eb09242e1d2') in 0.019470 seconds 
========================================================================
Received Import Request.
  Time since last request: 0.000031 seconds.
  path: Assets/GUI/Inventory/Icons/Plus_Icon.png
  artifactKey: Guid(ea4a9c4889157964ea64778839d97680) Importer(815301076,1909f56bfc062723c751e8b465ee728b)
Start importing Assets/GUI/Inventory/Icons/Plus_Icon.png using Guid(ea4a9c4889157964ea64778839d97680) Importer(815301076,1909f56bfc062723c751e8b465ee728b)  -> (artifact id: '422fe11eb98f9784528213a27dc2943d') in 0.019082 seconds 
========================================================================
Received Import Request.
  Time since last request: 0.000017 seconds.
  path: Assets/GUI/inventory_icons/Meat.png
  artifactKey: Guid(4a39cb4b272639541b7bd5ac0649acf7) Importer(815301076,1909f56bfc062723c751e8b465ee728b)
Start importing Assets/GUI/inventory_icons/Meat.png using Guid(4a39cb4b272639541b7bd5ac0649acf7) Importer(815301076,1909f56bfc062723c751e8b465ee728b)  -> (artifact id: 'cf1c68d155827d74c9b1153fca1544c0') in 0.024248 seconds 
========================================================================
Received Import Request.
  Time since last request: 0.000015 seconds.
  path: Assets/GUI/loading1.png
  artifactKey: Guid(3435a4d847046b8479dad4834460878c) Importer(815301076,1909f56bfc062723c751e8b465ee728b)
Start importing Assets/GUI/loading1.png using Guid(3435a4d847046b8479dad4834460878c) Importer(815301076,1909f56bfc062723c751e8b465ee728b)  -> (artifact id: '5a6a6ea36b30d4bbe3bfe78331df6ec3') in 0.019083 seconds 
========================================================================
Received Import Request.
  Time since last request: 0.000031 seconds.
  path: Assets/GUI/inventory_icons/molot_80_80.png
  artifactKey: Guid(4092629512f4d7f4595d49c620d674e2) Importer(815301076,1909f56bfc062723c751e8b465ee728b)
Start importing Assets/GUI/inventory_icons/molot_80_80.png using Guid(4092629512f4d7f4595d49c620d674e2) Importer(815301076,1909f56bfc062723c751e8b465ee728b)  -> (artifact id: 'd1c8284b2439e954e854bc59e8b33ab4') in 0.018765 seconds 
========================================================================
Received Import Request.
  Time since last request: 0.000026 seconds.
  path: Assets/GUI/Simple Fantasy GUI/PNG/Login Panel/LoginPassword_Box.png
  artifactKey: Guid(19c4df2c9c38ace4fbf0731a1dbe0527) Importer(815301076,1909f56bfc062723c751e8b465ee728b)
Start importing Assets/GUI/Simple Fantasy GUI/PNG/Login Panel/LoginPassword_Box.png using Guid(19c4df2c9c38ace4fbf0731a1dbe0527) Importer(815301076,1909f56bfc062723c751e8b465ee728b)  -> (artifact id: 'a74669cd1f49c047842dbcab7d5ed991') in 0.022101 seconds 
========================================================================
Received Import Request.
  Time since last request: 0.000019 seconds.
  path: Assets/GUI/Skills/Sword.png
  artifactKey: Guid(1485756e68e1f8646aa4150118b79dac) Importer(815301076,1909f56bfc062723c751e8b465ee728b)
Start importing Assets/GUI/Skills/Sword.png using Guid(1485756e68e1f8646aa4150118b79dac) Importer(815301076,1909f56bfc062723c751e8b465ee728b)  -> (artifact id: '402bf86ee5f9abe2e9848fb5b34f3222') in 0.026783 seconds 
========================================================================
Received Prepare
Registering precompiled user dll's ...
Registered in 0.005308 seconds.
Begin MonoManager ReloadAssembly
Native extension for WindowsStandalone target not found
Native extension for Android target not found
Refreshing native plugins compatible for Editor in 1.74 ms, found 2 plugins.
Preloading 0 native plugins for Editor in 0.00 ms.
Mono: successfully reloaded assembly
- Completed reload, in  1.100 seconds
Domain Reload Profiling:
	ReloadAssembly (1100ms)
		BeginReloadAssembly (132ms)
			ExecutionOrderSort (0ms)
			DisableScriptedObjects (6ms)
			BackupInstance (0ms)
			ReleaseScriptingObjects (0ms)
			CreateAndSetChildDomain (44ms)
		EndReloadAssembly (885ms)
			LoadAssemblies (79ms)
			RebuildTransferFunctionScriptingTraits (0ms)
			SetupTypeCache (252ms)
			ReleaseScriptCaches (2ms)
			RebuildScriptCaches (70ms)
			SetupLoadedEditorAssemblies (452ms)
				LogAssemblyErrors (0ms)
				InitializePlatformSupportModulesInManaged (19ms)
				SetLoadedEditorAssemblies (1ms)
				RefreshPlugins (2ms)
				BeforeProcessingInitializeOnLoad (72ms)
				ProcessInitializeOnLoadAttributes (215ms)
				ProcessInitializeOnLoadMethodAttributes (141ms)
				AfterProcessingInitializeOnLoad (3ms)
				EditorAssembliesLoaded (0ms)
			ExecutionOrderSort2 (0ms)
			AwakeInstancesAfterBackupRestoration (6ms)
Platform modules already initialized, skipping
Refreshing native plugins compatible for Editor in 4.10 ms, found 2 plugins.
Preloading 0 native plugins for Editor in 0.00 ms.
Unloading 3523 Unused Serialized files (Serialized files now loaded: 0)
Unloading 69 unused Assets / (0.7 MB). Loaded Objects now: 4075.
Memory consumption went from 145.0 MB to 144.3 MB.
Total: 6.072100 ms (FindLiveObjects: 0.299400 ms CreateObjectMapping: 0.072200 ms MarkObjects: 5.338600 ms  DeleteObjects: 0.360900 ms)

AssetImportParameters requested are different than current active one (requested -> active):
  custom:video-decoder-ogg-theora: a1e56fd34408186e4bbccfd4996cb3dc -> 
  custom:container-muxer-webm: aa71ff27fc2769a1b78a27578f13a17b -> 
  custom:container-demuxer-webm: 4f35f7cbe854078d1ac9338744f61a02 -> 
  custom:video-encoder-webm-vp8: eb34c28f22e8b96e1ab97ce403110664 -> 
  custom:audio-encoder-webm-vorbis: bf7c407c2cedff20999df2af8eb42d56 -> 
  custom:framework-win-MediaFoundation: 216162199b28c13a410421893ffa2e32 -> 
  custom:container-demuxer-ogg: 62fdf1f143b41e24485cea50d1cbac27 -> 
  custom:video-decoder-webm-vp8: 9c59270c3fd7afecdb556c50c9e8de78 -> 
  custom:audio-decoder-ogg-vorbis: bf7c407c2cedff20999df2af8eb42d56 -> 
========================================================================
Received Prepare
Registering precompiled user dll's ...
Registered in 0.003572 seconds.
Begin MonoManager ReloadAssembly
Native extension for WindowsStandalone target not found
Native extension for Android target not found
Refreshing native plugins compatible for Editor in 2.01 ms, found 2 plugins.
Preloading 0 native plugins for Editor in 0.00 ms.
Mono: successfully reloaded assembly
- Completed reload, in  0.879 seconds
Domain Reload Profiling:
	ReloadAssembly (880ms)
		BeginReloadAssembly (103ms)
			ExecutionOrderSort (0ms)
			DisableScriptedObjects (5ms)
			BackupInstance (0ms)
			ReleaseScriptingObjects (0ms)
			CreateAndSetChildDomain (33ms)
		EndReloadAssembly (700ms)
			LoadAssemblies (58ms)
			RebuildTransferFunctionScriptingTraits (0ms)
			SetupTypeCache (209ms)
			ReleaseScriptCaches (2ms)
			RebuildScriptCaches (48ms)
			SetupLoadedEditorAssemblies (349ms)
				LogAssemblyErrors (0ms)
				InitializePlatformSupportModulesInManaged (20ms)
				SetLoadedEditorAssemblies (1ms)
				RefreshPlugins (2ms)
				BeforeProcessingInitializeOnLoad (63ms)
				ProcessInitializeOnLoadAttributes (150ms)
				ProcessInitializeOnLoadMethodAttributes (110ms)
				AfterProcessingInitializeOnLoad (2ms)
				EditorAssembliesLoaded (0ms)
			ExecutionOrderSort2 (0ms)
			AwakeInstancesAfterBackupRestoration (5ms)
Platform modules already initialized, skipping
Refreshing native plugins compatible for Editor in 3.68 ms, found 2 plugins.
Preloading 0 native plugins for Editor in 0.00 ms.
Unloading 3524 Unused Serialized files (Serialized files now loaded: 0)
Unloading 69 unused Assets / (0.7 MB). Loaded Objects now: 4079.
Memory consumption went from 145.0 MB to 144.3 MB.
Total: 6.468400 ms (FindLiveObjects: 0.291900 ms CreateObjectMapping: 0.079300 ms MarkObjects: 5.710700 ms  DeleteObjects: 0.385200 ms)

AssetImportParameters requested are different than current active one (requested -> active):
  custom:video-decoder-ogg-theora: a1e56fd34408186e4bbccfd4996cb3dc -> 
  custom:container-muxer-webm: aa71ff27fc2769a1b78a27578f13a17b -> 
  custom:container-demuxer-webm: 4f35f7cbe854078d1ac9338744f61a02 -> 
  custom:video-encoder-webm-vp8: eb34c28f22e8b96e1ab97ce403110664 -> 
  custom:audio-encoder-webm-vorbis: bf7c407c2cedff20999df2af8eb42d56 -> 
  custom:framework-win-MediaFoundation: 216162199b28c13a410421893ffa2e32 -> 
  custom:container-demuxer-ogg: 62fdf1f143b41e24485cea50d1cbac27 -> 
  custom:video-decoder-webm-vp8: 9c59270c3fd7afecdb556c50c9e8de78 -> 
  custom:audio-decoder-ogg-vorbis: bf7c407c2cedff20999df2af8eb42d56 -> 
========================================================================
Received Prepare
Registering precompiled user dll's ...
Registered in 0.004576 seconds.
Begin MonoManager ReloadAssembly
Native extension for WindowsStandalone target not found
Native extension for Android target not found
Refreshing native plugins compatible for Editor in 1.15 ms, found 2 plugins.
Preloading 0 native plugins for Editor in 0.00 ms.
Mono: successfully reloaded assembly
- Completed reload, in  0.872 seconds
Domain Reload Profiling:
	ReloadAssembly (872ms)
		BeginReloadAssembly (112ms)
			ExecutionOrderSort (0ms)
			DisableScriptedObjects (6ms)
			BackupInstance (0ms)
			ReleaseScriptingObjects (0ms)
			CreateAndSetChildDomain (34ms)
		EndReloadAssembly (681ms)
			LoadAssemblies (62ms)
			RebuildTransferFunctionScriptingTraits (0ms)
			SetupTypeCache (201ms)
			ReleaseScriptCaches (2ms)
			RebuildScriptCaches (48ms)
			SetupLoadedEditorAssemblies (337ms)
				LogAssemblyErrors (0ms)
				InitializePlatformSupportModulesInManaged (15ms)
				SetLoadedEditorAssemblies (0ms)
				RefreshPlugins (1ms)
				BeforeProcessingInitializeOnLoad (63ms)
				ProcessInitializeOnLoadAttributes (149ms)
				ProcessInitializeOnLoadMethodAttributes (105ms)
				AfterProcessingInitializeOnLoad (2ms)
				EditorAssembliesLoaded (0ms)
			ExecutionOrderSort2 (0ms)
			AwakeInstancesAfterBackupRestoration (5ms)
Platform modules already initialized, skipping
Refreshing native plugins compatible for Editor in 3.46 ms, found 2 plugins.
Preloading 0 native plugins for Editor in 0.00 ms.
Unloading 3524 Unused Serialized files (Serialized files now loaded: 0)
Unloading 69 unused Assets / (0.7 MB). Loaded Objects now: 4082.
Memory consumption went from 145.0 MB to 144.3 MB.
Total: 5.990900 ms (FindLiveObjects: 0.272600 ms CreateObjectMapping: 0.077000 ms MarkObjects: 5.283400 ms  DeleteObjects: 0.357100 ms)

AssetImportParameters requested are different than current active one (requested -> active):
  custom:video-decoder-ogg-theora: a1e56fd34408186e4bbccfd4996cb3dc -> 
  custom:container-muxer-webm: aa71ff27fc2769a1b78a27578f13a17b -> 
  custom:container-demuxer-webm: 4f35f7cbe854078d1ac9338744f61a02 -> 
  custom:video-encoder-webm-vp8: eb34c28f22e8b96e1ab97ce403110664 -> 
  custom:audio-encoder-webm-vorbis: bf7c407c2cedff20999df2af8eb42d56 -> 
  custom:framework-win-MediaFoundation: 216162199b28c13a410421893ffa2e32 -> 
  custom:container-demuxer-ogg: 62fdf1f143b41e24485cea50d1cbac27 -> 
  custom:video-decoder-webm-vp8: 9c59270c3fd7afecdb556c50c9e8de78 -> 
  custom:audio-decoder-ogg-vorbis: bf7c407c2cedff20999df2af8eb42d56 -> 
========================================================================
Received Prepare
Registering precompiled user dll's ...
Registered in 0.003956 seconds.
Begin MonoManager ReloadAssembly
Native extension for WindowsStandalone target not found
Native extension for Android target not found
Refreshing native plugins compatible for Editor in 1.69 ms, found 2 plugins.
Preloading 0 native plugins for Editor in 0.00 ms.
Mono: successfully reloaded assembly
- Completed reload, in  0.943 seconds
Domain Reload Profiling:
	ReloadAssembly (944ms)
		BeginReloadAssembly (107ms)
			ExecutionOrderSort (0ms)
			DisableScriptedObjects (6ms)
			BackupInstance (0ms)
			ReleaseScriptingObjects (0ms)
			CreateAndSetChildDomain (34ms)
		EndReloadAssembly (751ms)
			LoadAssemblies (67ms)
			RebuildTransferFunctionScriptingTraits (0ms)
			SetupTypeCache (218ms)
			ReleaseScriptCaches (2ms)
			RebuildScriptCaches (54ms)
			SetupLoadedEditorAssemblies (366ms)
				LogAssemblyErrors (0ms)
				InitializePlatformSupportModulesInManaged (17ms)
				SetLoadedEditorAssemblies (1ms)
				RefreshPlugins (2ms)
				BeforeProcessingInitializeOnLoad (72ms)
				ProcessInitializeOnLoadAttributes (154ms)
				ProcessInitializeOnLoadMethodAttributes (115ms)
				AfterProcessingInitializeOnLoad (3ms)
				EditorAssembliesLoaded (0ms)
			ExecutionOrderSort2 (0ms)
			AwakeInstancesAfterBackupRestoration (7ms)
Platform modules already initialized, skipping
Refreshing native plugins compatible for Editor in 4.14 ms, found 2 plugins.
Preloading 0 native plugins for Editor in 0.00 ms.
Unloading 3524 Unused Serialized files (Serialized files now loaded: 0)
Unloading 69 unused Assets / (0.7 MB). Loaded Objects now: 4085.
Memory consumption went from 145.0 MB to 144.3 MB.
Total: 6.793900 ms (FindLiveObjects: 0.346200 ms CreateObjectMapping: 0.079700 ms MarkObjects: 5.983200 ms  DeleteObjects: 0.383200 ms)

AssetImportParameters requested are different than current active one (requested -> active):
  custom:video-decoder-ogg-theora: a1e56fd34408186e4bbccfd4996cb3dc -> 
  custom:container-muxer-webm: aa71ff27fc2769a1b78a27578f13a17b -> 
  custom:container-demuxer-webm: 4f35f7cbe854078d1ac9338744f61a02 -> 
  custom:video-encoder-webm-vp8: eb34c28f22e8b96e1ab97ce403110664 -> 
  custom:audio-encoder-webm-vorbis: bf7c407c2cedff20999df2af8eb42d56 -> 
  custom:framework-win-MediaFoundation: 216162199b28c13a410421893ffa2e32 -> 
  custom:container-demuxer-ogg: 62fdf1f143b41e24485cea50d1cbac27 -> 
  custom:video-decoder-webm-vp8: 9c59270c3fd7afecdb556c50c9e8de78 -> 
  custom:audio-decoder-ogg-vorbis: bf7c407c2cedff20999df2af8eb42d56 -> 
========================================================================
Received Prepare
Registering precompiled user dll's ...
Registered in 0.004645 seconds.
Begin MonoManager ReloadAssembly
Native extension for WindowsStandalone target not found
Native extension for Android target not found
Refreshing native plugins compatible for Editor in 1.17 ms, found 2 plugins.
Preloading 0 native plugins for Editor in 0.00 ms.
Mono: successfully reloaded assembly
- Completed reload, in  1.040 seconds
Domain Reload Profiling:
	ReloadAssembly (1040ms)
		BeginReloadAssembly (111ms)
			ExecutionOrderSort (0ms)
			DisableScriptedObjects (6ms)
			BackupInstance (0ms)
			ReleaseScriptingObjects (0ms)
			CreateAndSetChildDomain (36ms)
		EndReloadAssembly (847ms)
			LoadAssemblies (64ms)
			RebuildTransferFunctionScriptingTraits (0ms)
			SetupTypeCache (311ms)
			ReleaseScriptCaches (4ms)
			RebuildScriptCaches (62ms)
			SetupLoadedEditorAssemblies (354ms)
				LogAssemblyErrors (0ms)
				InitializePlatformSupportModulesInManaged (20ms)
				SetLoadedEditorAssemblies (0ms)
				RefreshPlugins (1ms)
				BeforeProcessingInitializeOnLoad (69ms)
				ProcessInitializeOnLoadAttributes (152ms)
				ProcessInitializeOnLoadMethodAttributes (108ms)
				AfterProcessingInitializeOnLoad (3ms)
				EditorAssembliesLoaded (0ms)
			ExecutionOrderSort2 (0ms)
			AwakeInstancesAfterBackupRestoration (5ms)
Platform modules already initialized, skipping
Refreshing native plugins compatible for Editor in 3.90 ms, found 2 plugins.
Preloading 0 native plugins for Editor in 0.00 ms.
Unloading 3524 Unused Serialized files (Serialized files now loaded: 0)
Unloading 69 unused Assets / (0.7 MB). Loaded Objects now: 4088.
Memory consumption went from 145.0 MB to 144.4 MB.
Total: 6.564000 ms (FindLiveObjects: 0.429500 ms CreateObjectMapping: 0.103100 ms MarkObjects: 5.663100 ms  DeleteObjects: 0.367100 ms)

AssetImportParameters requested are different than current active one (requested -> active):
  custom:video-decoder-ogg-theora: a1e56fd34408186e4bbccfd4996cb3dc -> 
  custom:container-muxer-webm: aa71ff27fc2769a1b78a27578f13a17b -> 
  custom:container-demuxer-webm: 4f35f7cbe854078d1ac9338744f61a02 -> 
  custom:video-encoder-webm-vp8: eb34c28f22e8b96e1ab97ce403110664 -> 
  custom:audio-encoder-webm-vorbis: bf7c407c2cedff20999df2af8eb42d56 -> 
  custom:framework-win-MediaFoundation: 216162199b28c13a410421893ffa2e32 -> 
  custom:container-demuxer-ogg: 62fdf1f143b41e24485cea50d1cbac27 -> 
  custom:video-decoder-webm-vp8: 9c59270c3fd7afecdb556c50c9e8de78 -> 
  custom:audio-decoder-ogg-vorbis: bf7c407c2cedff20999df2af8eb42d56 -> 
========================================================================
Received Prepare
Registering precompiled user dll's ...
Registered in 0.003690 seconds.
Begin MonoManager ReloadAssembly
Native extension for WindowsStandalone target not found
Native extension for Android target not found
Refreshing native plugins compatible for Editor in 1.24 ms, found 2 plugins.
Preloading 0 native plugins for Editor in 0.00 ms.
Mono: successfully reloaded assembly
- Completed reload, in  0.856 seconds
Domain Reload Profiling:
	ReloadAssembly (857ms)
		BeginReloadAssembly (107ms)
			ExecutionOrderSort (0ms)
			DisableScriptedObjects (6ms)
			BackupInstance (0ms)
			ReleaseScriptingObjects (0ms)
			CreateAndSetChildDomain (34ms)
		EndReloadAssembly (670ms)
			LoadAssemblies (61ms)
			RebuildTransferFunctionScriptingTraits (0ms)
			SetupTypeCache (198ms)
			ReleaseScriptCaches (2ms)
			RebuildScriptCaches (47ms)
			SetupLoadedEditorAssemblies (331ms)
				LogAssemblyErrors (0ms)
				InitializePlatformSupportModulesInManaged (16ms)
				SetLoadedEditorAssemblies (0ms)
				RefreshPlugins (1ms)
				BeforeProcessingInitializeOnLoad (60ms)
				ProcessInitializeOnLoadAttributes (149ms)
				ProcessInitializeOnLoadMethodAttributes (103ms)
				AfterProcessingInitializeOnLoad (2ms)
				EditorAssembliesLoaded (0ms)
			ExecutionOrderSort2 (0ms)
			AwakeInstancesAfterBackupRestoration (5ms)
Platform modules already initialized, skipping
Refreshing native plugins compatible for Editor in 3.54 ms, found 2 plugins.
Preloading 0 native plugins for Editor in 0.00 ms.
Unloading 3524 Unused Serialized files (Serialized files now loaded: 0)
Unloading 69 unused Assets / (0.7 MB). Loaded Objects now: 4091.
Memory consumption went from 145.1 MB to 144.4 MB.
Total: 6.249300 ms (FindLiveObjects: 0.297000 ms CreateObjectMapping: 0.092000 ms MarkObjects: 5.470800 ms  DeleteObjects: 0.388400 ms)

AssetImportParameters requested are different than current active one (requested -> active):
  custom:video-decoder-ogg-theora: a1e56fd34408186e4bbccfd4996cb3dc -> 
  custom:container-muxer-webm: aa71ff27fc2769a1b78a27578f13a17b -> 
  custom:container-demuxer-webm: 4f35f7cbe854078d1ac9338744f61a02 -> 
  custom:video-encoder-webm-vp8: eb34c28f22e8b96e1ab97ce403110664 -> 
  custom:audio-encoder-webm-vorbis: bf7c407c2cedff20999df2af8eb42d56 -> 
  custom:framework-win-MediaFoundation: 216162199b28c13a410421893ffa2e32 -> 
  custom:container-demuxer-ogg: 62fdf1f143b41e24485cea50d1cbac27 -> 
  custom:video-decoder-webm-vp8: 9c59270c3fd7afecdb556c50c9e8de78 -> 
  custom:audio-decoder-ogg-vorbis: bf7c407c2cedff20999df2af8eb42d56 -> 
========================================================================
Received Prepare
Registering precompiled user dll's ...
Registered in 0.004597 seconds.
Begin MonoManager ReloadAssembly
Native extension for WindowsStandalone target not found
Native extension for Android target not found
Refreshing native plugins compatible for Editor in 1.02 ms, found 2 plugins.
Preloading 0 native plugins for Editor in 0.00 ms.
Mono: successfully reloaded assembly
- Completed reload, in  0.874 seconds
Domain Reload Profiling:
	ReloadAssembly (875ms)
		BeginReloadAssembly (107ms)
			ExecutionOrderSort (0ms)
			DisableScriptedObjects (7ms)
			BackupInstance (0ms)
			ReleaseScriptingObjects (0ms)
			CreateAndSetChildDomain (33ms)
		EndReloadAssembly (688ms)
			LoadAssemblies (65ms)
			RebuildTransferFunctionScriptingTraits (0ms)
			SetupTypeCache (205ms)
			ReleaseScriptCaches (2ms)
			RebuildScriptCaches (48ms)
			SetupLoadedEditorAssemblies (337ms)
				LogAssemblyErrors (0ms)
				InitializePlatformSupportModulesInManaged (16ms)
				SetLoadedEditorAssemblies (0ms)
				RefreshPlugins (1ms)
				BeforeProcessingInitializeOnLoad (58ms)
				ProcessInitializeOnLoadAttributes (152ms)
				ProcessInitializeOnLoadMethodAttributes (107ms)
				AfterProcessingInitializeOnLoad (3ms)
				EditorAssembliesLoaded (0ms)
			ExecutionOrderSort2 (0ms)
			AwakeInstancesAfterBackupRestoration (5ms)
Platform modules already initialized, skipping
Refreshing native plugins compatible for Editor in 4.97 ms, found 2 plugins.
Preloading 0 native plugins for Editor in 0.00 ms.
Unloading 3524 Unused Serialized files (Serialized files now loaded: 0)
Unloading 69 unused Assets / (0.7 MB). Loaded Objects now: 4094.
Memory consumption went from 145.1 MB to 144.4 MB.
Total: 6.079500 ms (FindLiveObjects: 0.284000 ms CreateObjectMapping: 0.079900 ms MarkObjects: 5.321400 ms  DeleteObjects: 0.393400 ms)

AssetImportParameters requested are different than current active one (requested -> active):
  custom:video-decoder-ogg-theora: a1e56fd34408186e4bbccfd4996cb3dc -> 
  custom:container-muxer-webm: aa71ff27fc2769a1b78a27578f13a17b -> 
  custom:container-demuxer-webm: 4f35f7cbe854078d1ac9338744f61a02 -> 
  custom:video-encoder-webm-vp8: eb34c28f22e8b96e1ab97ce403110664 -> 
  custom:audio-encoder-webm-vorbis: bf7c407c2cedff20999df2af8eb42d56 -> 
  custom:framework-win-MediaFoundation: 216162199b28c13a410421893ffa2e32 -> 
  custom:container-demuxer-ogg: 62fdf1f143b41e24485cea50d1cbac27 -> 
  custom:video-decoder-webm-vp8: 9c59270c3fd7afecdb556c50c9e8de78 -> 
  custom:audio-decoder-ogg-vorbis: bf7c407c2cedff20999df2af8eb42d56 -> 
========================================================================
Received Prepare
Registering precompiled user dll's ...
Registered in 0.003511 seconds.
Begin MonoManager ReloadAssembly
Native extension for WindowsStandalone target not found
Native extension for Android target not found
Refreshing native plugins compatible for Editor in 1.08 ms, found 2 plugins.
Preloading 0 native plugins for Editor in 0.00 ms.
Mono: successfully reloaded assembly
- Completed reload, in  0.859 seconds
Domain Reload Profiling:
	ReloadAssembly (859ms)
		BeginReloadAssembly (104ms)
			ExecutionOrderSort (0ms)
			DisableScriptedObjects (6ms)
			BackupInstance (0ms)
			ReleaseScriptingObjects (0ms)
			CreateAndSetChildDomain (34ms)
		EndReloadAssembly (675ms)
			LoadAssemblies (60ms)
			RebuildTransferFunctionScriptingTraits (0ms)
			SetupTypeCache (202ms)
			ReleaseScriptCaches (2ms)
			RebuildScriptCaches (47ms)
			SetupLoadedEditorAssemblies (331ms)
				LogAssemblyErrors (0ms)
				InitializePlatformSupportModulesInManaged (15ms)
				SetLoadedEditorAssemblies (0ms)
				RefreshPlugins (1ms)
				BeforeProcessingInitializeOnLoad (59ms)
				ProcessInitializeOnLoadAttributes (150ms)
				ProcessInitializeOnLoadMethodAttributes (103ms)
				AfterProcessingInitializeOnLoad (2ms)
				EditorAssembliesLoaded (0ms)
			ExecutionOrderSort2 (0ms)
			AwakeInstancesAfterBackupRestoration (5ms)
Platform modules already initialized, skipping
Refreshing native plugins compatible for Editor in 3.48 ms, found 2 plugins.
Preloading 0 native plugins for Editor in 0.00 ms.
Unloading 3523 Unused Serialized files (Serialized files now loaded: 0)
Unloading 69 unused Assets / (0.7 MB). Loaded Objects now: 4097.
Memory consumption went from 145.1 MB to 144.4 MB.
Total: 6.046800 ms (FindLiveObjects: 0.292800 ms CreateObjectMapping: 0.091300 ms MarkObjects: 5.289400 ms  DeleteObjects: 0.372300 ms)

AssetImportParameters requested are different than current active one (requested -> active):
  custom:video-decoder-ogg-theora: a1e56fd34408186e4bbccfd4996cb3dc -> 
  custom:container-muxer-webm: aa71ff27fc2769a1b78a27578f13a17b -> 
  custom:container-demuxer-webm: 4f35f7cbe854078d1ac9338744f61a02 -> 
  custom:video-encoder-webm-vp8: eb34c28f22e8b96e1ab97ce403110664 -> 
  custom:audio-encoder-webm-vorbis: bf7c407c2cedff20999df2af8eb42d56 -> 
  custom:framework-win-MediaFoundation: 216162199b28c13a410421893ffa2e32 -> 
  custom:container-demuxer-ogg: 62fdf1f143b41e24485cea50d1cbac27 -> 
  custom:video-decoder-webm-vp8: 9c59270c3fd7afecdb556c50c9e8de78 -> 
  custom:audio-decoder-ogg-vorbis: bf7c407c2cedff20999df2af8eb42d56 -> 
========================================================================
Received Prepare
Registering precompiled user dll's ...
Registered in 0.003972 seconds.
Begin MonoManager ReloadAssembly
Native extension for WindowsStandalone target not found
Native extension for Android target not found
Refreshing native plugins compatible for Editor in 0.98 ms, found 2 plugins.
Preloading 0 native plugins for Editor in 0.00 ms.
Mono: successfully reloaded assembly
- Completed reload, in  0.878 seconds
Domain Reload Profiling:
	ReloadAssembly (879ms)
		BeginReloadAssembly (106ms)
			ExecutionOrderSort (0ms)
			DisableScriptedObjects (6ms)
			BackupInstance (0ms)
			ReleaseScriptingObjects (0ms)
			CreateAndSetChildDomain (34ms)
		EndReloadAssembly (693ms)
			LoadAssemblies (63ms)
			RebuildTransferFunctionScriptingTraits (0ms)
			SetupTypeCache (203ms)
			ReleaseScriptCaches (2ms)
			RebuildScriptCaches (50ms)
			SetupLoadedEditorAssemblies (339ms)
				LogAssemblyErrors (0ms)
				InitializePlatformSupportModulesInManaged (15ms)
				SetLoadedEditorAssemblies (0ms)
				RefreshPlugins (1ms)
				BeforeProcessingInitializeOnLoad (58ms)
				ProcessInitializeOnLoadAttributes (156ms)
				ProcessInitializeOnLoadMethodAttributes (106ms)
				AfterProcessingInitializeOnLoad (3ms)
				EditorAssembliesLoaded (0ms)
			ExecutionOrderSort2 (0ms)
			AwakeInstancesAfterBackupRestoration (5ms)
Platform modules already initialized, skipping
Refreshing native plugins compatible for Editor in 3.66 ms, found 2 plugins.
Preloading 0 native plugins for Editor in 0.00 ms.
Unloading 3523 Unused Serialized files (Serialized files now loaded: 0)
Unloading 69 unused Assets / (0.7 MB). Loaded Objects now: 4100.
Memory consumption went from 145.1 MB to 144.4 MB.
Total: 6.586300 ms (FindLiveObjects: 0.292700 ms CreateObjectMapping: 0.088500 ms MarkObjects: 5.776800 ms  DeleteObjects: 0.426500 ms)

AssetImportParameters requested are different than current active one (requested -> active):
  custom:video-decoder-ogg-theora: a1e56fd34408186e4bbccfd4996cb3dc -> 
  custom:container-muxer-webm: aa71ff27fc2769a1b78a27578f13a17b -> 
  custom:container-demuxer-webm: 4f35f7cbe854078d1ac9338744f61a02 -> 
  custom:video-encoder-webm-vp8: eb34c28f22e8b96e1ab97ce403110664 -> 
  custom:audio-encoder-webm-vorbis: bf7c407c2cedff20999df2af8eb42d56 -> 
  custom:framework-win-MediaFoundation: 216162199b28c13a410421893ffa2e32 -> 
  custom:container-demuxer-ogg: 62fdf1f143b41e24485cea50d1cbac27 -> 
  custom:video-decoder-webm-vp8: 9c59270c3fd7afecdb556c50c9e8de78 -> 
  custom:audio-decoder-ogg-vorbis: bf7c407c2cedff20999df2af8eb42d56 -> 
