Using pre-set license
Built from '2021.3/staging' branch; Version is '2021.3.11f1 (0a5ca18544bf) revision 679073'; Using compiler version '192829333'; Build Type 'Release'
OS: 'Windows 10  (10.0.19042) 64bit Professional' Language: 'ru' Physical Memory: 16297 MB
BatchMode: 1, IsHumanControllingUs: 0, StartBugReporterOnCrash: 0, Is64bit: 1, IsPro: 1

COMMAND LINE ARGUMENTS:
D:\Program\2021.3.11f1\Editor\Unity.exe
-adb2
-batchMode
-noUpm
-name
AssetImportWorker0
-projectPath
D:/Unity_Project/Godless Lands/Godless Lands
-logFile
Logs/AssetImportWorker0.log
-srvPort
62592
Successfully changed project path to: D:/Unity_Project/Godless Lands/Godless Lands
D:/Unity_Project/Godless Lands/Godless Lands
[UnityMemory] Configuration Parameters - Can be set up in boot.config
    "memorysetup-bucket-allocator-granularity=16"
    "memorysetup-bucket-allocator-bucket-count=8"
    "memorysetup-bucket-allocator-block-size=33554432"
    "memorysetup-bucket-allocator-block-count=8"
    "memorysetup-main-allocator-block-size=16777216"
    "memorysetup-thread-allocator-block-size=16777216"
    "memorysetup-gfx-main-allocator-block-size=16777216"
    "memorysetup-gfx-thread-allocator-block-size=16777216"
    "memorysetup-cache-allocator-block-size=4194304"
    "memorysetup-typetree-allocator-block-size=2097152"
    "memorysetup-profiler-bucket-allocator-granularity=16"
    "memorysetup-profiler-bucket-allocator-bucket-count=8"
    "memorysetup-profiler-bucket-allocator-block-size=33554432"
    "memorysetup-profiler-bucket-allocator-block-count=8"
    "memorysetup-profiler-allocator-block-size=16777216"
    "memorysetup-profiler-editor-allocator-block-size=1048576"
    "memorysetup-temp-allocator-size-main=16777216"
    "memorysetup-job-temp-allocator-block-size=2097152"
    "memorysetup-job-temp-allocator-block-size-background=1048576"
    "memorysetup-job-temp-allocator-reduction-small-platforms=262144"
    "memorysetup-temp-allocator-size-background-worker=32768"
    "memorysetup-temp-allocator-size-job-worker=262144"
    "memorysetup-temp-allocator-size-preload-manager=33554432"
    "memorysetup-temp-allocator-size-nav-mesh-worker=65536"
    "memorysetup-temp-allocator-size-audio-worker=65536"
    "memorysetup-temp-allocator-size-cloud-worker=32768"
    "memorysetup-temp-allocator-size-gi-baking-worker=262144"
    "memorysetup-temp-allocator-size-gfx=262144"
Refreshing native plugins compatible for Editor in 75.48 ms, found 2 plugins.
Preloading 0 native plugins for Editor in 0.00 ms.
Initialize engine version: 2021.3.11f1 (0a5ca18544bf)
[Subsystems] Discovering subsystems at path D:/Program/2021.3.11f1/Editor/Data/Resources/UnitySubsystems
[Subsystems] Discovering subsystems at path D:/Unity_Project/Godless Lands/Godless Lands/Assets
GfxDevice: creating device client; threaded=0; jobified=0
Direct3D:
    Version:  Direct3D 11.0 [level 11.1]
    Renderer: NVIDIA GeForce GTX 1060 6GB (ID=0x1c03)
    Vendor:   NVIDIA
    VRAM:     6052 MB
    Driver:   27.21.14.6611
Initialize mono
Mono path[0] = 'D:/Program/2021.3.11f1/Editor/Data/Managed'
Mono path[1] = 'D:/Program/2021.3.11f1/Editor/Data/MonoBleedingEdge/lib/mono/unityjit-win32'
Mono config path = 'D:/Program/2021.3.11f1/Editor/Data/MonoBleedingEdge/etc'
Using monoOptions --debugger-agent=transport=dt_socket,embedding=1,server=y,suspend=n,address=127.0.0.1:56252
Begin MonoManager ReloadAssembly
Registering precompiled unity dll's ...
Register platform support module: D:/Program/2021.3.11f1/Editor/Data/PlaybackEngines/AndroidPlayer/UnityEditor.Android.Extensions.dll
Register platform support module: D:/Program/2021.3.11f1/Editor/Data/PlaybackEngines/WindowsStandaloneSupport/UnityEditor.WindowsStandalone.Extensions.dll
Registered in 0.002158 seconds.
Native extension for WindowsStandalone target not found
Native extension for Android target not found
Refreshing native plugins compatible for Editor in 70.89 ms, found 2 plugins.
Preloading 0 native plugins for Editor in 0.00 ms.
Mono: successfully reloaded assembly
- Completed reload, in  0.510 seconds
Domain Reload Profiling:
	ReloadAssembly (510ms)
		BeginReloadAssembly (50ms)
			ExecutionOrderSort (0ms)
			DisableScriptedObjects (0ms)
			BackupInstance (0ms)
			ReleaseScriptingObjects (0ms)
			CreateAndSetChildDomain (1ms)
		EndReloadAssembly (377ms)
			LoadAssemblies (49ms)
			RebuildTransferFunctionScriptingTraits (0ms)
			SetupTypeCache (88ms)
			ReleaseScriptCaches (0ms)
			RebuildScriptCaches (22ms)
			SetupLoadedEditorAssemblies (229ms)
				LogAssemblyErrors (0ms)
				InitializePlatformSupportModulesInManaged (44ms)
				SetLoadedEditorAssemblies (0ms)
				RefreshPlugins (71ms)
				BeforeProcessingInitializeOnLoad (1ms)
				ProcessInitializeOnLoadAttributes (77ms)
				ProcessInitializeOnLoadMethodAttributes (35ms)
				AfterProcessingInitializeOnLoad (0ms)
				EditorAssembliesLoaded (0ms)
			ExecutionOrderSort2 (0ms)
			AwakeInstancesAfterBackupRestoration (0ms)
Platform modules already initialized, skipping
Registering precompiled user dll's ...
Registered in 0.004275 seconds.
Begin MonoManager ReloadAssembly
Native extension for WindowsStandalone target not found
Native extension for Android target not found
Refreshing native plugins compatible for Editor in 1.14 ms, found 2 plugins.
Preloading 0 native plugins for Editor in 0.00 ms.
Package Manager log level set to [2]
Mono: successfully reloaded assembly
- Completed reload, in  1.044 seconds
Domain Reload Profiling:
	ReloadAssembly (1046ms)
		BeginReloadAssembly (197ms)
			ExecutionOrderSort (0ms)
			DisableScriptedObjects (5ms)
			BackupInstance (0ms)
			ReleaseScriptingObjects (0ms)
			CreateAndSetChildDomain (128ms)
		EndReloadAssembly (757ms)
			LoadAssemblies (61ms)
			RebuildTransferFunctionScriptingTraits (0ms)
			SetupTypeCache (215ms)
			ReleaseScriptCaches (1ms)
			RebuildScriptCaches (47ms)
			SetupLoadedEditorAssemblies (381ms)
				LogAssemblyErrors (0ms)
				InitializePlatformSupportModulesInManaged (10ms)
				SetLoadedEditorAssemblies (0ms)
				RefreshPlugins (1ms)
				BeforeProcessingInitializeOnLoad (58ms)
				ProcessInitializeOnLoadAttributes (169ms)
				ProcessInitializeOnLoadMethodAttributes (134ms)
				AfterProcessingInitializeOnLoad (8ms)
				EditorAssembliesLoaded (0ms)
			ExecutionOrderSort2 (0ms)
			AwakeInstancesAfterBackupRestoration (6ms)
Platform modules already initialized, skipping
========================================================================
Worker process is ready to serve import requests
Launched and connected shader compiler UnityShaderCompiler.exe after 0.03 seconds
Refreshing native plugins compatible for Editor in 0.92 ms, found 2 plugins.
Preloading 0 native plugins for Editor in 0.00 ms.
Unloading 3494 Unused Serialized files (Serialized files now loaded: 0)
Unloading 67 unused Assets / (57.3 KB). Loaded Objects now: 3941.
Memory consumption went from 138.5 MB to 138.5 MB.
Total: 6.089300 ms (FindLiveObjects: 0.341700 ms CreateObjectMapping: 0.096400 ms MarkObjects: 5.539400 ms  DeleteObjects: 0.110500 ms)

AssetImportParameters requested are different than current active one (requested -> active):
  custom:video-decoder-ogg-theora: a1e56fd34408186e4bbccfd4996cb3dc -> 
  custom:container-muxer-webm: aa71ff27fc2769a1b78a27578f13a17b -> 
  custom:container-demuxer-webm: 4f35f7cbe854078d1ac9338744f61a02 -> 
  custom:video-encoder-webm-vp8: eb34c28f22e8b96e1ab97ce403110664 -> 
  custom:audio-encoder-webm-vorbis: bf7c407c2cedff20999df2af8eb42d56 -> 
  custom:framework-win-MediaFoundation: 216162199b28c13a410421893ffa2e32 -> 
  custom:container-demuxer-ogg: 62fdf1f143b41e24485cea50d1cbac27 -> 
  custom:video-decoder-webm-vp8: 9c59270c3fd7afecdb556c50c9e8de78 -> 
  custom:audio-decoder-ogg-vorbis: bf7c407c2cedff20999df2af8eb42d56 -> 
========================================================================
Received Import Request.
  Time since last request: 3578.416609 seconds.
  path: Assets/Scripts/Infrastructure/BootstrapInstaller.cs
  artifactKey: Guid(6bcdb58700c78ed40b0e3f950aa57c67) Importer(815301076,1909f56bfc062723c751e8b465ee728b)
Start importing Assets/Scripts/Infrastructure/BootstrapInstaller.cs using Guid(6bcdb58700c78ed40b0e3f950aa57c67) Importer(815301076,1909f56bfc062723c751e8b465ee728b)  -> (artifact id: '666e179cebf2e6b9cc71ff7715f8c5ad') in 0.046774 seconds 
========================================================================
Received Import Request.
  Time since last request: 12.624304 seconds.
  path: Assets/Scripts/Infrastructure/LoginInstaller.cs
  artifactKey: Guid(92932f3a60ad28744ac7320f69500ab9) Importer(815301076,1909f56bfc062723c751e8b465ee728b)
Start importing Assets/Scripts/Infrastructure/LoginInstaller.cs using Guid(92932f3a60ad28744ac7320f69500ab9) Importer(815301076,1909f56bfc062723c751e8b465ee728b)  -> (artifact id: 'ce22ffc0891b62bd0e47bc3e9d52c378') in 0.005458 seconds 
========================================================================
Received Prepare
Registering precompiled user dll's ...
Registered in 0.004644 seconds.
Begin MonoManager ReloadAssembly
Native extension for WindowsStandalone target not found
Native extension for Android target not found
Refreshing native plugins compatible for Editor in 1.17 ms, found 2 plugins.
Preloading 0 native plugins for Editor in 0.00 ms.
Mono: successfully reloaded assembly
- Completed reload, in  0.974 seconds
Domain Reload Profiling:
	ReloadAssembly (975ms)
		BeginReloadAssembly (118ms)
			ExecutionOrderSort (0ms)
			DisableScriptedObjects (6ms)
			BackupInstance (0ms)
			ReleaseScriptingObjects (0ms)
			CreateAndSetChildDomain (39ms)
		EndReloadAssembly (779ms)
			LoadAssemblies (67ms)
			RebuildTransferFunctionScriptingTraits (0ms)
			SetupTypeCache (215ms)
			ReleaseScriptCaches (2ms)
			RebuildScriptCaches (50ms)
			SetupLoadedEditorAssemblies (408ms)
				LogAssemblyErrors (0ms)
				InitializePlatformSupportModulesInManaged (18ms)
				SetLoadedEditorAssemblies (0ms)
				RefreshPlugins (1ms)
				BeforeProcessingInitializeOnLoad (61ms)
				ProcessInitializeOnLoadAttributes (186ms)
				ProcessInitializeOnLoadMethodAttributes (139ms)
				AfterProcessingInitializeOnLoad (3ms)
				EditorAssembliesLoaded (0ms)
			ExecutionOrderSort2 (0ms)
			AwakeInstancesAfterBackupRestoration (6ms)
Platform modules already initialized, skipping
Refreshing native plugins compatible for Editor in 3.59 ms, found 2 plugins.
Preloading 0 native plugins for Editor in 0.00 ms.
Unloading 3476 Unused Serialized files (Serialized files now loaded: 0)
Unloading 56 unused Assets / (32.7 KB). Loaded Objects now: 3945.
Memory consumption went from 137.2 MB to 137.2 MB.
Total: 5.734100 ms (FindLiveObjects: 0.274300 ms CreateObjectMapping: 0.077300 ms MarkObjects: 5.352800 ms  DeleteObjects: 0.028800 ms)

AssetImportParameters requested are different than current active one (requested -> active):
  custom:video-decoder-ogg-theora: a1e56fd34408186e4bbccfd4996cb3dc -> 
  custom:container-muxer-webm: aa71ff27fc2769a1b78a27578f13a17b -> 
  custom:container-demuxer-webm: 4f35f7cbe854078d1ac9338744f61a02 -> 
  custom:video-encoder-webm-vp8: eb34c28f22e8b96e1ab97ce403110664 -> 
  custom:audio-encoder-webm-vorbis: bf7c407c2cedff20999df2af8eb42d56 -> 
  custom:framework-win-MediaFoundation: 216162199b28c13a410421893ffa2e32 -> 
  custom:container-demuxer-ogg: 62fdf1f143b41e24485cea50d1cbac27 -> 
  custom:video-decoder-webm-vp8: 9c59270c3fd7afecdb556c50c9e8de78 -> 
  custom:audio-decoder-ogg-vorbis: bf7c407c2cedff20999df2af8eb42d56 -> 
========================================================================
Received Import Request.
  Time since last request: 11.892478 seconds.
  path: Assets/Scripts/Infrastructure/LoginInstaller.cs
  artifactKey: Guid(92932f3a60ad28744ac7320f69500ab9) Importer(815301076,1909f56bfc062723c751e8b465ee728b)
Start importing Assets/Scripts/Infrastructure/LoginInstaller.cs using Guid(92932f3a60ad28744ac7320f69500ab9) Importer(815301076,1909f56bfc062723c751e8b465ee728b)  -> (artifact id: '6df67d38ae328795b45aa8efae6de86f') in 0.007364 seconds 
========================================================================
Received Prepare
Registering precompiled user dll's ...
Registered in 0.003781 seconds.
Begin MonoManager ReloadAssembly
Native extension for WindowsStandalone target not found
Native extension for Android target not found
Refreshing native plugins compatible for Editor in 1.14 ms, found 2 plugins.
Preloading 0 native plugins for Editor in 0.00 ms.
Mono: successfully reloaded assembly
- Completed reload, in  0.951 seconds
Domain Reload Profiling:
	ReloadAssembly (952ms)
		BeginReloadAssembly (109ms)
			ExecutionOrderSort (0ms)
			DisableScriptedObjects (5ms)
			BackupInstance (0ms)
			ReleaseScriptingObjects (0ms)
			CreateAndSetChildDomain (34ms)
		EndReloadAssembly (751ms)
			LoadAssemblies (70ms)
			RebuildTransferFunctionScriptingTraits (0ms)
			SetupTypeCache (240ms)
			ReleaseScriptCaches (3ms)
			RebuildScriptCaches (49ms)
			SetupLoadedEditorAssemblies (355ms)
				LogAssemblyErrors (0ms)
				InitializePlatformSupportModulesInManaged (18ms)
				SetLoadedEditorAssemblies (0ms)
				RefreshPlugins (1ms)
				BeforeProcessingInitializeOnLoad (61ms)
				ProcessInitializeOnLoadAttributes (164ms)
				ProcessInitializeOnLoadMethodAttributes (108ms)
				AfterProcessingInitializeOnLoad (3ms)
				EditorAssembliesLoaded (0ms)
			ExecutionOrderSort2 (0ms)
			AwakeInstancesAfterBackupRestoration (5ms)
Platform modules already initialized, skipping
Refreshing native plugins compatible for Editor in 3.32 ms, found 2 plugins.
Preloading 0 native plugins for Editor in 0.00 ms.
Unloading 3476 Unused Serialized files (Serialized files now loaded: 0)
Unloading 56 unused Assets / (32.8 KB). Loaded Objects now: 3948.
Memory consumption went from 137.2 MB to 137.2 MB.
Total: 6.663500 ms (FindLiveObjects: 0.283800 ms CreateObjectMapping: 0.076900 ms MarkObjects: 6.263100 ms  DeleteObjects: 0.038300 ms)

AssetImportParameters requested are different than current active one (requested -> active):
  custom:video-decoder-ogg-theora: a1e56fd34408186e4bbccfd4996cb3dc -> 
  custom:container-muxer-webm: aa71ff27fc2769a1b78a27578f13a17b -> 
  custom:container-demuxer-webm: 4f35f7cbe854078d1ac9338744f61a02 -> 
  custom:video-encoder-webm-vp8: eb34c28f22e8b96e1ab97ce403110664 -> 
  custom:audio-encoder-webm-vorbis: bf7c407c2cedff20999df2af8eb42d56 -> 
  custom:framework-win-MediaFoundation: 216162199b28c13a410421893ffa2e32 -> 
  custom:container-demuxer-ogg: 62fdf1f143b41e24485cea50d1cbac27 -> 
  custom:video-decoder-webm-vp8: 9c59270c3fd7afecdb556c50c9e8de78 -> 
  custom:audio-decoder-ogg-vorbis: bf7c407c2cedff20999df2af8eb42d56 -> 
========================================================================
Received Import Request.
  Time since last request: 5.327537 seconds.
  path: Assets/Scripts/Infrastructure/LoginInstaller.cs
  artifactKey: Guid(92932f3a60ad28744ac7320f69500ab9) Importer(815301076,1909f56bfc062723c751e8b465ee728b)
Start importing Assets/Scripts/Infrastructure/LoginInstaller.cs using Guid(92932f3a60ad28744ac7320f69500ab9) Importer(815301076,1909f56bfc062723c751e8b465ee728b)  -> (artifact id: 'bce5b408315267890757ce422bbfb1a1') in 0.007164 seconds 
========================================================================
Received Prepare
Registering precompiled user dll's ...
Registered in 0.004472 seconds.
Begin MonoManager ReloadAssembly
Native extension for WindowsStandalone target not found
Native extension for Android target not found
Refreshing native plugins compatible for Editor in 1.16 ms, found 2 plugins.
Preloading 0 native plugins for Editor in 0.00 ms.
Mono: successfully reloaded assembly
- Completed reload, in  0.867 seconds
Domain Reload Profiling:
	ReloadAssembly (867ms)
		BeginReloadAssembly (110ms)
			ExecutionOrderSort (0ms)
			DisableScriptedObjects (6ms)
			BackupInstance (0ms)
			ReleaseScriptingObjects (0ms)
			CreateAndSetChildDomain (38ms)
		EndReloadAssembly (680ms)
			LoadAssemblies (60ms)
			RebuildTransferFunctionScriptingTraits (0ms)
			SetupTypeCache (200ms)
			ReleaseScriptCaches (2ms)
			RebuildScriptCaches (48ms)
			SetupLoadedEditorAssemblies (338ms)
				LogAssemblyErrors (0ms)
				InitializePlatformSupportModulesInManaged (16ms)
				SetLoadedEditorAssemblies (0ms)
				RefreshPlugins (1ms)
				BeforeProcessingInitializeOnLoad (61ms)
				ProcessInitializeOnLoadAttributes (152ms)
				ProcessInitializeOnLoadMethodAttributes (105ms)
				AfterProcessingInitializeOnLoad (3ms)
				EditorAssembliesLoaded (0ms)
			ExecutionOrderSort2 (0ms)
			AwakeInstancesAfterBackupRestoration (5ms)
Platform modules already initialized, skipping
Refreshing native plugins compatible for Editor in 3.94 ms, found 2 plugins.
Preloading 0 native plugins for Editor in 0.00 ms.
Unloading 3476 Unused Serialized files (Serialized files now loaded: 0)
Unloading 56 unused Assets / (32.8 KB). Loaded Objects now: 3951.
Memory consumption went from 137.2 MB to 137.2 MB.
Total: 5.615700 ms (FindLiveObjects: 0.287800 ms CreateObjectMapping: 0.075800 ms MarkObjects: 5.213900 ms  DeleteObjects: 0.036600 ms)

AssetImportParameters requested are different than current active one (requested -> active):
  custom:video-decoder-ogg-theora: a1e56fd34408186e4bbccfd4996cb3dc -> 
  custom:container-muxer-webm: aa71ff27fc2769a1b78a27578f13a17b -> 
  custom:container-demuxer-webm: 4f35f7cbe854078d1ac9338744f61a02 -> 
  custom:video-encoder-webm-vp8: eb34c28f22e8b96e1ab97ce403110664 -> 
  custom:audio-encoder-webm-vorbis: bf7c407c2cedff20999df2af8eb42d56 -> 
  custom:framework-win-MediaFoundation: 216162199b28c13a410421893ffa2e32 -> 
  custom:container-demuxer-ogg: 62fdf1f143b41e24485cea50d1cbac27 -> 
  custom:video-decoder-webm-vp8: 9c59270c3fd7afecdb556c50c9e8de78 -> 
  custom:audio-decoder-ogg-vorbis: bf7c407c2cedff20999df2af8eb42d56 -> 
========================================================================
Received Prepare
Registering precompiled user dll's ...
Registered in 0.003683 seconds.
Begin MonoManager ReloadAssembly
Native extension for WindowsStandalone target not found
Native extension for Android target not found
Refreshing native plugins compatible for Editor in 1.72 ms, found 2 plugins.
Preloading 0 native plugins for Editor in 0.00 ms.
Mono: successfully reloaded assembly
- Completed reload, in  0.923 seconds
Domain Reload Profiling:
	ReloadAssembly (924ms)
		BeginReloadAssembly (121ms)
			ExecutionOrderSort (0ms)
			DisableScriptedObjects (6ms)
			BackupInstance (0ms)
			ReleaseScriptingObjects (0ms)
			CreateAndSetChildDomain (39ms)
		EndReloadAssembly (719ms)
			LoadAssemblies (72ms)
			RebuildTransferFunctionScriptingTraits (0ms)
			SetupTypeCache (221ms)
			ReleaseScriptCaches (2ms)
			RebuildScriptCaches (51ms)
			SetupLoadedEditorAssemblies (349ms)
				LogAssemblyErrors (0ms)
				InitializePlatformSupportModulesInManaged (18ms)
				SetLoadedEditorAssemblies (1ms)
				RefreshPlugins (2ms)
				BeforeProcessingInitializeOnLoad (61ms)
				ProcessInitializeOnLoadAttributes (155ms)
				ProcessInitializeOnLoadMethodAttributes (110ms)
				AfterProcessingInitializeOnLoad (2ms)
				EditorAssembliesLoaded (0ms)
			ExecutionOrderSort2 (0ms)
			AwakeInstancesAfterBackupRestoration (5ms)
Platform modules already initialized, skipping
Refreshing native plugins compatible for Editor in 3.61 ms, found 2 plugins.
Preloading 0 native plugins for Editor in 0.00 ms.
Unloading 3476 Unused Serialized files (Serialized files now loaded: 0)
Unloading 56 unused Assets / (32.8 KB). Loaded Objects now: 3954.
Memory consumption went from 137.2 MB to 137.2 MB.
Total: 5.883800 ms (FindLiveObjects: 0.297000 ms CreateObjectMapping: 0.240200 ms MarkObjects: 5.310800 ms  DeleteObjects: 0.034500 ms)

AssetImportParameters requested are different than current active one (requested -> active):
  custom:video-decoder-ogg-theora: a1e56fd34408186e4bbccfd4996cb3dc -> 
  custom:container-muxer-webm: aa71ff27fc2769a1b78a27578f13a17b -> 
  custom:container-demuxer-webm: 4f35f7cbe854078d1ac9338744f61a02 -> 
  custom:video-encoder-webm-vp8: eb34c28f22e8b96e1ab97ce403110664 -> 
  custom:audio-encoder-webm-vorbis: bf7c407c2cedff20999df2af8eb42d56 -> 
  custom:framework-win-MediaFoundation: 216162199b28c13a410421893ffa2e32 -> 
  custom:container-demuxer-ogg: 62fdf1f143b41e24485cea50d1cbac27 -> 
  custom:video-decoder-webm-vp8: 9c59270c3fd7afecdb556c50c9e8de78 -> 
  custom:audio-decoder-ogg-vorbis: bf7c407c2cedff20999df2af8eb42d56 -> 
========================================================================
Received Prepare
Registering precompiled user dll's ...
Registered in 0.004317 seconds.
Begin MonoManager ReloadAssembly
Native extension for WindowsStandalone target not found
Native extension for Android target not found
Refreshing native plugins compatible for Editor in 1.29 ms, found 2 plugins.
Preloading 0 native plugins for Editor in 0.00 ms.
Mono: successfully reloaded assembly
- Completed reload, in  0.869 seconds
Domain Reload Profiling:
	ReloadAssembly (869ms)
		BeginReloadAssembly (109ms)
			ExecutionOrderSort (0ms)
			DisableScriptedObjects (6ms)
			BackupInstance (0ms)
			ReleaseScriptingObjects (0ms)
			CreateAndSetChildDomain (34ms)
		EndReloadAssembly (682ms)
			LoadAssemblies (64ms)
			RebuildTransferFunctionScriptingTraits (0ms)
			SetupTypeCache (201ms)
			ReleaseScriptCaches (2ms)
			RebuildScriptCaches (46ms)
			SetupLoadedEditorAssemblies (338ms)
				LogAssemblyErrors (0ms)
				InitializePlatformSupportModulesInManaged (15ms)
				SetLoadedEditorAssemblies (0ms)
				RefreshPlugins (1ms)
				BeforeProcessingInitializeOnLoad (65ms)
				ProcessInitializeOnLoadAttributes (148ms)
				ProcessInitializeOnLoadMethodAttributes (104ms)
				AfterProcessingInitializeOnLoad (3ms)
				EditorAssembliesLoaded (0ms)
			ExecutionOrderSort2 (0ms)
			AwakeInstancesAfterBackupRestoration (5ms)
Platform modules already initialized, skipping
Refreshing native plugins compatible for Editor in 3.42 ms, found 2 plugins.
Preloading 0 native plugins for Editor in 0.00 ms.
Unloading 3476 Unused Serialized files (Serialized files now loaded: 0)
Unloading 56 unused Assets / (32.8 KB). Loaded Objects now: 3957.
Memory consumption went from 137.2 MB to 137.2 MB.
Total: 5.646900 ms (FindLiveObjects: 0.270400 ms CreateObjectMapping: 0.077600 ms MarkObjects: 5.255300 ms  DeleteObjects: 0.042800 ms)

AssetImportParameters requested are different than current active one (requested -> active):
  custom:video-decoder-ogg-theora: a1e56fd34408186e4bbccfd4996cb3dc -> 
  custom:container-muxer-webm: aa71ff27fc2769a1b78a27578f13a17b -> 
  custom:container-demuxer-webm: 4f35f7cbe854078d1ac9338744f61a02 -> 
  custom:video-encoder-webm-vp8: eb34c28f22e8b96e1ab97ce403110664 -> 
  custom:audio-encoder-webm-vorbis: bf7c407c2cedff20999df2af8eb42d56 -> 
  custom:framework-win-MediaFoundation: 216162199b28c13a410421893ffa2e32 -> 
  custom:container-demuxer-ogg: 62fdf1f143b41e24485cea50d1cbac27 -> 
  custom:video-decoder-webm-vp8: 9c59270c3fd7afecdb556c50c9e8de78 -> 
  custom:audio-decoder-ogg-vorbis: bf7c407c2cedff20999df2af8eb42d56 -> 
========================================================================
Received Prepare
Registering precompiled user dll's ...
Registered in 0.005347 seconds.
Begin MonoManager ReloadAssembly
Native extension for WindowsStandalone target not found
Native extension for Android target not found
Refreshing native plugins compatible for Editor in 1.15 ms, found 2 plugins.
Preloading 0 native plugins for Editor in 0.00 ms.
Mono: successfully reloaded assembly
- Completed reload, in  0.883 seconds
Domain Reload Profiling:
	ReloadAssembly (883ms)
		BeginReloadAssembly (107ms)
			ExecutionOrderSort (0ms)
			DisableScriptedObjects (6ms)
			BackupInstance (0ms)
			ReleaseScriptingObjects (0ms)
			CreateAndSetChildDomain (33ms)
		EndReloadAssembly (697ms)
			LoadAssemblies (64ms)
			RebuildTransferFunctionScriptingTraits (0ms)
			SetupTypeCache (207ms)
			ReleaseScriptCaches (2ms)
			RebuildScriptCaches (48ms)
			SetupLoadedEditorAssemblies (345ms)
				LogAssemblyErrors (0ms)
				InitializePlatformSupportModulesInManaged (16ms)
				SetLoadedEditorAssemblies (0ms)
				RefreshPlugins (1ms)
				BeforeProcessingInitializeOnLoad (60ms)
				ProcessInitializeOnLoadAttributes (158ms)
				ProcessInitializeOnLoadMethodAttributes (106ms)
				AfterProcessingInitializeOnLoad (3ms)
				EditorAssembliesLoaded (0ms)
			ExecutionOrderSort2 (0ms)
			AwakeInstancesAfterBackupRestoration (5ms)
Platform modules already initialized, skipping
Refreshing native plugins compatible for Editor in 3.73 ms, found 2 plugins.
Preloading 0 native plugins for Editor in 0.00 ms.
Unloading 3476 Unused Serialized files (Serialized files now loaded: 0)
Unloading 56 unused Assets / (32.8 KB). Loaded Objects now: 3960.
Memory consumption went from 137.2 MB to 137.2 MB.
Total: 7.176900 ms (FindLiveObjects: 0.279600 ms CreateObjectMapping: 0.080000 ms MarkObjects: 6.776600 ms  DeleteObjects: 0.039500 ms)

AssetImportParameters requested are different than current active one (requested -> active):
  custom:video-decoder-ogg-theora: a1e56fd34408186e4bbccfd4996cb3dc -> 
  custom:container-muxer-webm: aa71ff27fc2769a1b78a27578f13a17b -> 
  custom:container-demuxer-webm: 4f35f7cbe854078d1ac9338744f61a02 -> 
  custom:video-encoder-webm-vp8: eb34c28f22e8b96e1ab97ce403110664 -> 
  custom:audio-encoder-webm-vorbis: bf7c407c2cedff20999df2af8eb42d56 -> 
  custom:framework-win-MediaFoundation: 216162199b28c13a410421893ffa2e32 -> 
  custom:container-demuxer-ogg: 62fdf1f143b41e24485cea50d1cbac27 -> 
  custom:video-decoder-webm-vp8: 9c59270c3fd7afecdb556c50c9e8de78 -> 
  custom:audio-decoder-ogg-vorbis: bf7c407c2cedff20999df2af8eb42d56 -> 
========================================================================
Received Import Request.
  Time since last request: 2527.926423 seconds.
  path: Assets/GUI/PNG/1.png
  artifactKey: Guid(33cddcd61e69144449b696d94a079e64) Importer(815301076,1909f56bfc062723c751e8b465ee728b)
Start importing Assets/GUI/PNG/1.png using Guid(33cddcd61e69144449b696d94a079e64) Importer(815301076,1909f56bfc062723c751e8b465ee728b)  -> (artifact id: 'f5bfdf10afda7aee3f84a37412f63d1a') in 0.118329 seconds 
========================================================================
Received Import Request.
  Time since last request: 0.000020 seconds.
  path: Assets/GUI/Simple Fantasy GUI/PNG/Quest Panel/Comleted_Icon.png
  artifactKey: Guid(6d49331c7dc06794f98d4a1c17790d0b) Importer(815301076,1909f56bfc062723c751e8b465ee728b)
Start importing Assets/GUI/Simple Fantasy GUI/PNG/Quest Panel/Comleted_Icon.png using Guid(6d49331c7dc06794f98d4a1c17790d0b) Importer(815301076,1909f56bfc062723c751e8b465ee728b)  -> (artifact id: 'ebe2c5e8d58ec021eff8859e5d62e140') in 0.019073 seconds 
========================================================================
Received Import Request.
  Time since last request: 0.000025 seconds.
  path: Assets/GUI/inventory_icons/b_t_01.png
  artifactKey: Guid(5d7061fc7da05ce44add317708ec7215) Importer(815301076,1909f56bfc062723c751e8b465ee728b)
Start importing Assets/GUI/inventory_icons/b_t_01.png using Guid(5d7061fc7da05ce44add317708ec7215) Importer(815301076,1909f56bfc062723c751e8b465ee728b)  -> (artifact id: '3f2e597af2a4f3369c9bf048902c5500') in 0.026934 seconds 
========================================================================
Received Import Request.
  Time since last request: 0.000018 seconds.
  path: Assets/GUI/inventory_icons/book.PNG
  artifactKey: Guid(ae496f5dad56ea645b72d374a0376368) Importer(815301076,1909f56bfc062723c751e8b465ee728b)
Start importing Assets/GUI/inventory_icons/book.PNG using Guid(ae496f5dad56ea645b72d374a0376368) Importer(815301076,1909f56bfc062723c751e8b465ee728b)  -> (artifact id: '970c50206e182c579ad7444848914641') in 0.027015 seconds 
========================================================================
Received Import Request.
  Time since last request: 0.000021 seconds.
  path: Assets/GUI/PNG/17.png
  artifactKey: Guid(3730e1eedfffd2948bb740e30373d554) Importer(815301076,1909f56bfc062723c751e8b465ee728b)
Start importing Assets/GUI/PNG/17.png using Guid(3730e1eedfffd2948bb740e30373d554) Importer(815301076,1909f56bfc062723c751e8b465ee728b)  -> (artifact id: 'fab16cfa519c562f52268e6314a24549') in 0.026859 seconds 
========================================================================
Received Import Request.
  Time since last request: 0.000020 seconds.
  path: Assets/GUI/Simple Fantasy GUI/PNG/Loading Bar/Background_Bar.png
  artifactKey: Guid(4527bf35c3959cf4b8ab578a90dcd02b) Importer(815301076,1909f56bfc062723c751e8b465ee728b)
Start importing Assets/GUI/Simple Fantasy GUI/PNG/Loading Bar/Background_Bar.png using Guid(4527bf35c3959cf4b8ab578a90dcd02b) Importer(815301076,1909f56bfc062723c751e8b465ee728b)  -> (artifact id: '74a8569d59b841ea9fee3eb898a3e4b2') in 0.024085 seconds 
========================================================================
Received Import Request.
  Time since last request: 0.000029 seconds.
  path: Assets/GUI/PNG/19.png
  artifactKey: Guid(4529ec1f96075cf43abd428185f25409) Importer(815301076,1909f56bfc062723c751e8b465ee728b)
Start importing Assets/GUI/PNG/19.png using Guid(4529ec1f96075cf43abd428185f25409) Importer(815301076,1909f56bfc062723c751e8b465ee728b)  -> (artifact id: 'e722023c08098265cbe357316911e28b') in 0.025459 seconds 
========================================================================
Received Import Request.
  Time since last request: 0.000018 seconds.
  path: Assets/GUI/Inventory/Icons/Accept_Icon.png
  artifactKey: Guid(391f97da05cf45240a8ecdec752cd9be) Importer(815301076,1909f56bfc062723c751e8b465ee728b)
Start importing Assets/GUI/Inventory/Icons/Accept_Icon.png using Guid(391f97da05cf45240a8ecdec752cd9be) Importer(815301076,1909f56bfc062723c751e8b465ee728b)  -> (artifact id: '1897b3032087f4935f7d7045bd179a63') in 0.020291 seconds 
========================================================================
Received Import Request.
  Time since last request: 0.000021 seconds.
  path: Assets/GUI/Inventory/Icons/Boots_Icon.png
  artifactKey: Guid(b634c8a51d4a2d440b44719a9c1329ba) Importer(815301076,1909f56bfc062723c751e8b465ee728b)
Start importing Assets/GUI/Inventory/Icons/Boots_Icon.png using Guid(b634c8a51d4a2d440b44719a9c1329ba) Importer(815301076,1909f56bfc062723c751e8b465ee728b)  -> (artifact id: 'de811c77516d6a3815c6355102d663ec') in 0.018926 seconds 
========================================================================
Received Import Request.
  Time since last request: 0.000024 seconds.
  path: Assets/GUI/Arrow-reload-4-icon.png
  artifactKey: Guid(9d2bdc7e8ed49584f8f7fb987b5a914e) Importer(815301076,1909f56bfc062723c751e8b465ee728b)
Start importing Assets/GUI/Arrow-reload-4-icon.png using Guid(9d2bdc7e8ed49584f8f7fb987b5a914e) Importer(815301076,1909f56bfc062723c751e8b465ee728b)  -> (artifact id: '0ba1809af3741f7a07a07a14559922c5') in 0.023926 seconds 
========================================================================
Received Import Request.
  Time since last request: 0.000023 seconds.
  path: Assets/GUI/PNG/6.png
  artifactKey: Guid(c6c531e9c23db0e40b2eba0a8f947629) Importer(815301076,1909f56bfc062723c751e8b465ee728b)
Start importing Assets/GUI/PNG/6.png using Guid(c6c531e9c23db0e40b2eba0a8f947629) Importer(815301076,1909f56bfc062723c751e8b465ee728b)  -> (artifact id: '496be83a21fca467c3e74f4bdb0e8e66') in 0.025986 seconds 
========================================================================
Received Import Request.
  Time since last request: 0.000023 seconds.
  path: Assets/GUI/PNG/13.png
  artifactKey: Guid(58d0bdc848524e54284c9e7725053d7c) Importer(815301076,1909f56bfc062723c751e8b465ee728b)
Start importing Assets/GUI/PNG/13.png using Guid(58d0bdc848524e54284c9e7725053d7c) Importer(815301076,1909f56bfc062723c751e8b465ee728b)  -> (artifact id: 'de5e14b0869bf4b11384bc360d2d5e68') in 0.026170 seconds 
========================================================================
Received Import Request.
  Time since last request: 0.000019 seconds.
  path: Assets/GUI/PNG/20.png
  artifactKey: Guid(5c4776b41296bde47b4e2daec3625848) Importer(815301076,1909f56bfc062723c751e8b465ee728b)
Start importing Assets/GUI/PNG/20.png using Guid(5c4776b41296bde47b4e2daec3625848) Importer(815301076,1909f56bfc062723c751e8b465ee728b)  -> (artifact id: 'bc5b88484133d4b368685cec2b3dbffd') in 0.027426 seconds 
========================================================================
Received Import Request.
  Time since last request: 0.000017 seconds.
  path: Assets/GUI/inventory_icons/ingots.png
  artifactKey: Guid(3e4fcc84a0ac95b429c56452575f6021) Importer(815301076,1909f56bfc062723c751e8b465ee728b)
Start importing Assets/GUI/inventory_icons/ingots.png using Guid(3e4fcc84a0ac95b429c56452575f6021) Importer(815301076,1909f56bfc062723c751e8b465ee728b)  -> (artifact id: '11032c3305393b3a18c3d76851eac198') in 0.028032 seconds 
========================================================================
Received Import Request.
  Time since last request: 0.000019 seconds.
  path: Assets/GUI/Skills/Bracer.png
  artifactKey: Guid(d8477b5c278deae48a17bdecb965b4b4) Importer(815301076,1909f56bfc062723c751e8b465ee728b)
Start importing Assets/GUI/Skills/Bracer.png using Guid(d8477b5c278deae48a17bdecb965b4b4) Importer(815301076,1909f56bfc062723c751e8b465ee728b)  -> (artifact id: 'fb434410c53588e3ad727ee90719f3cd') in 0.024045 seconds 
========================================================================
Received Import Request.
  Time since last request: 0.000016 seconds.
  path: Assets/GUI/inventory_icons/boots.png
  artifactKey: Guid(e420c5bc93cb2604695a893500c897e3) Importer(815301076,1909f56bfc062723c751e8b465ee728b)
Start importing Assets/GUI/inventory_icons/boots.png using Guid(e420c5bc93cb2604695a893500c897e3) Importer(815301076,1909f56bfc062723c751e8b465ee728b)  -> (artifact id: 'aa973b28ba30db40391b050d9f9adbdc') in 0.030183 seconds 
========================================================================
Received Import Request.
  Time since last request: 0.000022 seconds.
  path: Assets/GUI/Inventory/Icons/Crystal_Icon.png
  artifactKey: Guid(ae7e1099aaff73c4b8e6e623e8c96910) Importer(815301076,1909f56bfc062723c751e8b465ee728b)
Start importing Assets/GUI/Inventory/Icons/Crystal_Icon.png using Guid(ae7e1099aaff73c4b8e6e623e8c96910) Importer(815301076,1909f56bfc062723c751e8b465ee728b)  -> (artifact id: '5afff9df4f68f6a2e108ed748b221f6c') in 0.022031 seconds 
========================================================================
Received Import Request.
  Time since last request: 0.000024 seconds.
  path: Assets/GUI/PNG/12.png
  artifactKey: Guid(6b213c5905ab86247bec56e1134be3ed) Importer(815301076,1909f56bfc062723c751e8b465ee728b)
Start importing Assets/GUI/PNG/12.png using Guid(6b213c5905ab86247bec56e1134be3ed) Importer(815301076,1909f56bfc062723c751e8b465ee728b)  -> (artifact id: '288b9b219b6e8086ea6907191558bbd1') in 0.025720 seconds 
========================================================================
Received Import Request.
  Time since last request: 0.000025 seconds.
  path: Assets/GUI/PNG/4.png
  artifactKey: Guid(d0ea2ec653dd331458a02626c7a02955) Importer(815301076,1909f56bfc062723c751e8b465ee728b)
Start importing Assets/GUI/PNG/4.png using Guid(d0ea2ec653dd331458a02626c7a02955) Importer(815301076,1909f56bfc062723c751e8b465ee728b)  -> (artifact id: '5e80e278ee88428b6fbfea8784b3139a') in 0.027099 seconds 
========================================================================
Received Import Request.
  Time since last request: 0.000023 seconds.
  path: Assets/GUI/Cursor/Fantastic UI Starter Pack.png
  artifactKey: Guid(1e627bcafe9e32d40ad554880f36b5eb) Importer(815301076,1909f56bfc062723c751e8b465ee728b)
Start importing Assets/GUI/Cursor/Fantastic UI Starter Pack.png using Guid(1e627bcafe9e32d40ad554880f36b5eb) Importer(815301076,1909f56bfc062723c751e8b465ee728b)  -> (artifact id: '98e298aca34a127c79a9975e50c56ca8') in 0.492337 seconds 
========================================================================
Received Import Request.
  Time since last request: 0.000037 seconds.
  path: Assets/GUI/info-32Off.png
  artifactKey: Guid(75a6d41fa695bbc4381df0292bf06580) Importer(815301076,1909f56bfc062723c751e8b465ee728b)
Start importing Assets/GUI/info-32Off.png using Guid(75a6d41fa695bbc4381df0292bf06580) Importer(815301076,1909f56bfc062723c751e8b465ee728b)  -> (artifact id: 'a09a248cf7af432c043cec24c5b67443') in 0.019891 seconds 
========================================================================
Received Import Request.
  Time since last request: 0.000033 seconds.
  path: Assets/GUI/Simple Fantasy GUI/PNG/Menu Panel/Button.png
  artifactKey: Guid(26d2e70834704ab4caaa1bcabebb3873) Importer(815301076,1909f56bfc062723c751e8b465ee728b)
Start importing Assets/GUI/Simple Fantasy GUI/PNG/Menu Panel/Button.png using Guid(26d2e70834704ab4caaa1bcabebb3873) Importer(815301076,1909f56bfc062723c751e8b465ee728b)  -> (artifact id: 'f2c4b57b5ea26b04324ef3664f91fca6') in 0.021909 seconds 
========================================================================
Received Import Request.
  Time since last request: 0.000017 seconds.
  path: Assets/GUI/Inventory/Icons/Armor_Icon.png
  artifactKey: Guid(65a9410232dbc154c9cec96a5fbd07b1) Importer(815301076,1909f56bfc062723c751e8b465ee728b)
Start importing Assets/GUI/Inventory/Icons/Armor_Icon.png using Guid(65a9410232dbc154c9cec96a5fbd07b1) Importer(815301076,1909f56bfc062723c751e8b465ee728b)  -> (artifact id: '2330a202bbb7de9dc3c00d4c0f0b2618') in 0.020086 seconds 
========================================================================
Received Import Request.
  Time since last request: 0.000020 seconds.
  path: Assets/GUI/Simple Fantasy GUI/PNG/Loading Bar/Decoration.png
  artifactKey: Guid(bb4c08313ab8d094099ba3912307d052) Importer(815301076,1909f56bfc062723c751e8b465ee728b)
Start importing Assets/GUI/Simple Fantasy GUI/PNG/Loading Bar/Decoration.png using Guid(bb4c08313ab8d094099ba3912307d052) Importer(815301076,1909f56bfc062723c751e8b465ee728b)  -> (artifact id: '103c721c459d64894d376a953af70ffe') in 0.042570 seconds 
========================================================================
Received Import Request.
  Time since last request: 0.000020 seconds.
  path: Assets/GUI/Inventory/Icons/Close_Icon.png
  artifactKey: Guid(0b3d25bb30efc5847954849ba0b1453d) Importer(815301076,1909f56bfc062723c751e8b465ee728b)
Start importing Assets/GUI/Inventory/Icons/Close_Icon.png using Guid(0b3d25bb30efc5847954849ba0b1453d) Importer(815301076,1909f56bfc062723c751e8b465ee728b)  -> (artifact id: 'c6c1744da079d2579f65af43b9a9b411') in 0.011373 seconds 
========================================================================
Received Import Request.
  Time since last request: 0.000020 seconds.
  path: Assets/GUI/inventory_icons/armor.png
  artifactKey: Guid(2f1eaeeaad36ee5469eff7ff158f37ba) Importer(815301076,1909f56bfc062723c751e8b465ee728b)
Start importing Assets/GUI/inventory_icons/armor.png using Guid(2f1eaeeaad36ee5469eff7ff158f37ba) Importer(815301076,1909f56bfc062723c751e8b465ee728b)  -> (artifact id: '06d1ff10f537644bdf32b88d54b11b5d') in 0.025580 seconds 
========================================================================
Received Import Request.
  Time since last request: 0.000025 seconds.
  path: Assets/GUI/inventory_icons/hp.png
  artifactKey: Guid(e52ea25af699fd445b7046374f81a5b9) Importer(815301076,1909f56bfc062723c751e8b465ee728b)
Start importing Assets/GUI/inventory_icons/hp.png using Guid(e52ea25af699fd445b7046374f81a5b9) Importer(815301076,1909f56bfc062723c751e8b465ee728b)  -> (artifact id: 'f71785261bbc44055740c5c1f41f2f1b') in 0.026456 seconds 
========================================================================
Received Import Request.
  Time since last request: 0.732385 seconds.
  path: Assets/GUI/Simple Fantasy GUI/PNG/Loading Bar/Knight_Warriors_Middle_Ages_Three_3_Shield_Helmet_522407_1920x1080.jpg
  artifactKey: Guid(142bb3dd48425754483cc14737d8f374) Importer(815301076,1909f56bfc062723c751e8b465ee728b)
Start importing Assets/GUI/Simple Fantasy GUI/PNG/Loading Bar/Knight_Warriors_Middle_Ages_Three_3_Shield_Helmet_522407_1920x1080.jpg using Guid(142bb3dd48425754483cc14737d8f374) Importer(815301076,1909f56bfc062723c751e8b465ee728b)  -> (artifact id: '671f9dbb527d0e30b036850d077e655d') in 0.239201 seconds 
========================================================================
Received Import Request.
  Time since last request: 0.000028 seconds.
  path: Assets/GUI/inventory_icons/morgenshtern_80_80.png
  artifactKey: Guid(83c57d619a1d6be478ee04728c4b52f5) Importer(815301076,1909f56bfc062723c751e8b465ee728b)
Start importing Assets/GUI/inventory_icons/morgenshtern_80_80.png using Guid(83c57d619a1d6be478ee04728c4b52f5) Importer(815301076,1909f56bfc062723c751e8b465ee728b)  -> (artifact id: '0ff090dea31c40594eddbd1c6a220225') in 0.020598 seconds 
========================================================================
Received Import Request.
  Time since last request: 0.000033 seconds.
  path: Assets/GUI/loading2.png
  artifactKey: Guid(0cda1969c40b8db4fb2fcaeab340365d) Importer(815301076,1909f56bfc062723c751e8b465ee728b)
Start importing Assets/GUI/loading2.png using Guid(0cda1969c40b8db4fb2fcaeab340365d) Importer(815301076,1909f56bfc062723c751e8b465ee728b)  -> (artifact id: '1ed5cf062eb860d3107da66da8b889cc') in 0.020227 seconds 
========================================================================
Received Import Request.
  Time since last request: 0.000022 seconds.
  path: Assets/GUI/Simple Fantasy GUI/PNG/Login Panel/LoginDemo.png
  artifactKey: Guid(f87fc246712f16e4d875613fc90a11d6) Importer(815301076,1909f56bfc062723c751e8b465ee728b)
Start importing Assets/GUI/Simple Fantasy GUI/PNG/Login Panel/LoginDemo.png using Guid(f87fc246712f16e4d875613fc90a11d6) Importer(815301076,1909f56bfc062723c751e8b465ee728b)  -> (artifact id: 'd46e39711459006336b49ed7b0bdf879') in 0.032622 seconds 
========================================================================
Received Import Request.
  Time since last request: 0.000030 seconds.
  path: Assets/GUI/Inventory/Title_Box.png
  artifactKey: Guid(9aa2c942e55346b48883bf78aba327ca) Importer(815301076,1909f56bfc062723c751e8b465ee728b)
Start importing Assets/GUI/Inventory/Title_Box.png using Guid(9aa2c942e55346b48883bf78aba327ca) Importer(815301076,1909f56bfc062723c751e8b465ee728b)  -> (artifact id: 'dd4092ab4d877011946c3c7690b8e162') in 0.023230 seconds 
========================================================================
Received Import Request.
  Time since last request: 0.000025 seconds.
  path: Assets/GUI/Inventory/Icons/Sword_Icon.png
  artifactKey: Guid(af50dc4fa7b6d314895d0f8c79adb4a5) Importer(815301076,1909f56bfc062723c751e8b465ee728b)
Start importing Assets/GUI/Inventory/Icons/Sword_Icon.png using Guid(af50dc4fa7b6d314895d0f8c79adb4a5) Importer(815301076,1909f56bfc062723c751e8b465ee728b)  -> (artifact id: 'cccc68028d0d943c2ca24af01facbcf3') in 0.018029 seconds 
========================================================================
Received Import Request.
  Time since last request: 0.000018 seconds.
  path: Assets/GUI/Simple Fantasy GUI/PNG/Quest Panel/Reward_Slot.png
  artifactKey: Guid(92a4fb96206097047a300ebace4278a1) Importer(815301076,1909f56bfc062723c751e8b465ee728b)
Start importing Assets/GUI/Simple Fantasy GUI/PNG/Quest Panel/Reward_Slot.png using Guid(92a4fb96206097047a300ebace4278a1) Importer(815301076,1909f56bfc062723c751e8b465ee728b)  -> (artifact id: 'e7047dd4438b2f22ea9a63df8a4c659d') in 0.018407 seconds 
========================================================================
Received Import Request.
  Time since last request: 0.000017 seconds.
  path: Assets/GUI/Recycle.png
  artifactKey: Guid(44173564a89c0a240b9468df8d472a15) Importer(815301076,1909f56bfc062723c751e8b465ee728b)
Start importing Assets/GUI/Recycle.png using Guid(44173564a89c0a240b9468df8d472a15) Importer(815301076,1909f56bfc062723c751e8b465ee728b)  -> (artifact id: '17f7da23c8bbe57afa6275b50f36ae58') in 0.023351 seconds 
========================================================================
Received Import Request.
  Time since last request: 0.000022 seconds.
  path: Assets/GUI/Skills/Transparent/T_Scroll.png
  artifactKey: Guid(53226da35d205e64aa7a1b6671e5203c) Importer(815301076,1909f56bfc062723c751e8b465ee728b)
Start importing Assets/GUI/Skills/Transparent/T_Scroll.png using Guid(53226da35d205e64aa7a1b6671e5203c) Importer(815301076,1909f56bfc062723c751e8b465ee728b)  -> (artifact id: '6b00534d8e723adac337dde57729b8c5') in 0.021742 seconds 
========================================================================
Received Import Request.
  Time since last request: 0.000017 seconds.
  path: Assets/GUI/palette.png
  artifactKey: Guid(91eba3cbf93e2f74684b3500cfbfc18d) Importer(815301076,1909f56bfc062723c751e8b465ee728b)
Start importing Assets/GUI/palette.png using Guid(91eba3cbf93e2f74684b3500cfbfc18d) Importer(815301076,1909f56bfc062723c751e8b465ee728b)  -> (artifact id: '2bdd38e70c1244f7109f0e17c49d0ee5') in 0.023851 seconds 
========================================================================
Received Import Request.
  Time since last request: 0.000023 seconds.
  path: Assets/GUI/Simple Fantasy GUI/PNG/Character Panel/Violet_Ribbon.png
  artifactKey: Guid(02e21a7595645644e80f34c809e010e9) Importer(815301076,1909f56bfc062723c751e8b465ee728b)
Start importing Assets/GUI/Simple Fantasy GUI/PNG/Character Panel/Violet_Ribbon.png using Guid(02e21a7595645644e80f34c809e010e9) Importer(815301076,1909f56bfc062723c751e8b465ee728b)  -> (artifact id: 'b71218b2e7cf38303988406c6b21939f') in 0.023492 seconds 
========================================================================
Received Import Request.
  Time since last request: 0.000023 seconds.
  path: Assets/GUI/Simple Fantasy GUI/PNG/Character Panel/Stats_Box.png
  artifactKey: Guid(fb2797aeae325e14abeff8973023ab45) Importer(815301076,1909f56bfc062723c751e8b465ee728b)
Start importing Assets/GUI/Simple Fantasy GUI/PNG/Character Panel/Stats_Box.png using Guid(fb2797aeae325e14abeff8973023ab45) Importer(815301076,1909f56bfc062723c751e8b465ee728b)  -> (artifact id: '672753893e74e72ee21b35370e5531e8') in 0.028083 seconds 
========================================================================
Received Import Request.
  Time since last request: 0.000019 seconds.
  path: Assets/GUI/Inventory/Icons/Shield_Icon.png
  artifactKey: Guid(47c96e5414c2b4449920b448538df93a) Importer(815301076,1909f56bfc062723c751e8b465ee728b)
Start importing Assets/GUI/Inventory/Icons/Shield_Icon.png using Guid(47c96e5414c2b4449920b448538df93a) Importer(815301076,1909f56bfc062723c751e8b465ee728b)  -> (artifact id: 'd97ffc2c1efd5a24ee3fa4fcc05204d6') in 0.019558 seconds 
========================================================================
Received Import Request.
  Time since last request: 0.000019 seconds.
  path: Assets/GUI/inventory_icons/scroll.png
  artifactKey: Guid(db427fab3e94daf4caa704d9314a77a1) Importer(815301076,1909f56bfc062723c751e8b465ee728b)
Start importing Assets/GUI/inventory_icons/scroll.png using Guid(db427fab3e94daf4caa704d9314a77a1) Importer(815301076,1909f56bfc062723c751e8b465ee728b)  -> (artifact id: '5bcf85ec91edb91f2d2309bbc899dca0') in 0.024576 seconds 
========================================================================
Received Import Request.
  Time since last request: 0.000016 seconds.
  path: Assets/GUI/Skills/Runestone_Blue.png
  artifactKey: Guid(c67625fb69e1e644c915ec2f48366abb) Importer(815301076,1909f56bfc062723c751e8b465ee728b)
Start importing Assets/GUI/Skills/Runestone_Blue.png using Guid(c67625fb69e1e644c915ec2f48366abb) Importer(815301076,1909f56bfc062723c751e8b465ee728b)  -> (artifact id: '6f742c6bc1f2474412d47f44b9f6fe6f') in 0.020362 seconds 
========================================================================
Received Import Request.
  Time since last request: 0.000018 seconds.
  path: Assets/GUI/inventory_icons/lether_2.png
  artifactKey: Guid(022205d6b1a113e41b80d8c0f1fb8da8) Importer(815301076,1909f56bfc062723c751e8b465ee728b)
Start importing Assets/GUI/inventory_icons/lether_2.png using Guid(022205d6b1a113e41b80d8c0f1fb8da8) Importer(815301076,1909f56bfc062723c751e8b465ee728b)  -> (artifact id: '1c3a1733b0a5a69e754d01aae1fe5193') in 0.020556 seconds 
========================================================================
Received Import Request.
  Time since last request: 0.000016 seconds.
  path: Assets/GUI/progressBar1.png
  artifactKey: Guid(9e1f36a2b01c53a41be7b755751d463d) Importer(815301076,1909f56bfc062723c751e8b465ee728b)
Start importing Assets/GUI/progressBar1.png using Guid(9e1f36a2b01c53a41be7b755751d463d) Importer(815301076,1909f56bfc062723c751e8b465ee728b)  -> (artifact id: '9b5162ebc187386c3427ec8c793c3e69') in 0.021065 seconds 
========================================================================
Received Import Request.
  Time since last request: 0.000019 seconds.
  path: Assets/GUI/Simple Fantasy GUI/PNG/Menu Panel/Menu_Box.png
  artifactKey: Guid(5b0afe43a1982124fb85c8003a2dea2b) Importer(815301076,1909f56bfc062723c751e8b465ee728b)
Start importing Assets/GUI/Simple Fantasy GUI/PNG/Menu Panel/Menu_Box.png using Guid(5b0afe43a1982124fb85c8003a2dea2b) Importer(815301076,1909f56bfc062723c751e8b465ee728b)  -> (artifact id: '665195edefae03eb88bca7a5a15bba82') in 0.035790 seconds 
========================================================================
Received Import Request.
  Time since last request: 0.000021 seconds.
  path: Assets/GUI/Skills/Weapon_01.png
  artifactKey: Guid(722a41ac62e4d4b79916816cb8f65986) Importer(815301076,1909f56bfc062723c751e8b465ee728b)
Start importing Assets/GUI/Skills/Weapon_01.png using Guid(722a41ac62e4d4b79916816cb8f65986) Importer(815301076,1909f56bfc062723c751e8b465ee728b)  -> (artifact id: '8cbdb05dc130bd6aef2e3e0fc22d446a') in 0.027183 seconds 
========================================================================
Received Import Request.
  Time since last request: 0.000027 seconds.
  path: Assets/GUI/Simple Fantasy GUI/PNG/Login Panel/LoginButton_Hover.png
  artifactKey: Guid(11068e6cb0f18044e93ad0154715d958) Importer(815301076,1909f56bfc062723c751e8b465ee728b)
Start importing Assets/GUI/Simple Fantasy GUI/PNG/Login Panel/LoginButton_Hover.png using Guid(11068e6cb0f18044e93ad0154715d958) Importer(815301076,1909f56bfc062723c751e8b465ee728b)  -> (artifact id: '254d63f46b25056b3e3b14edd78e2a76') in 0.021840 seconds 
========================================================================
Received Import Request.
  Time since last request: 0.000022 seconds.
  path: Assets/GUI/Simple Fantasy GUI/PNG/Character Panel/Minus_Icon.png
  artifactKey: Guid(47e51aa03c8cd16448f9cba068b87887) Importer(815301076,1909f56bfc062723c751e8b465ee728b)
Start importing Assets/GUI/Simple Fantasy GUI/PNG/Character Panel/Minus_Icon.png using Guid(47e51aa03c8cd16448f9cba068b87887) Importer(815301076,1909f56bfc062723c751e8b465ee728b)  -> (artifact id: '6f5a16f11a77476e4e835a21df9e0a43') in 0.010478 seconds 
========================================================================
Received Import Request.
  Time since last request: 0.000017 seconds.
  path: Assets/GUI/inventory_icons/rings.PNG
  artifactKey: Guid(970324311431c794ca338446ea889948) Importer(815301076,1909f56bfc062723c751e8b465ee728b)
Start importing Assets/GUI/inventory_icons/rings.PNG using Guid(970324311431c794ca338446ea889948) Importer(815301076,1909f56bfc062723c751e8b465ee728b)  -> (artifact id: '7b446a3de089e7a2e54b7bd0d4d0e3cf') in 0.024372 seconds 
========================================================================
Received Import Request.
  Time since last request: 0.000017 seconds.
  path: Assets/GUI/Simple Fantasy GUI/PNG/Menu Panel/MenuDemo.png
  artifactKey: Guid(c2aa7972cb52add4ab1b066df73161c6) Importer(815301076,1909f56bfc062723c751e8b465ee728b)
Start importing Assets/GUI/Simple Fantasy GUI/PNG/Menu Panel/MenuDemo.png using Guid(c2aa7972cb52add4ab1b066df73161c6) Importer(815301076,1909f56bfc062723c751e8b465ee728b)  -> (artifact id: 'ed9fa35033701d03b6162feeeabd6d2b') in 0.031832 seconds 
========================================================================
Received Import Request.
  Time since last request: 0.000017 seconds.
  path: Assets/GUI/Simple Fantasy GUI/PNG/Quest Panel/Quest_Box.png
  artifactKey: Guid(6d20ba642c3809649a3ffc929fc3bbc1) Importer(815301076,1909f56bfc062723c751e8b465ee728b)
Start importing Assets/GUI/Simple Fantasy GUI/PNG/Quest Panel/Quest_Box.png using Guid(6d20ba642c3809649a3ffc929fc3bbc1) Importer(815301076,1909f56bfc062723c751e8b465ee728b)  -> (artifact id: '72124cf53e440884b68f59e2422fc81d') in 0.042381 seconds 
========================================================================
Received Import Request.
  Time since last request: 0.000032 seconds.
  path: Assets/GUI/inventory_icons/necklace.PNG
  artifactKey: Guid(0e123cfdc54a3ca4684816a34167a566) Importer(815301076,1909f56bfc062723c751e8b465ee728b)
Start importing Assets/GUI/inventory_icons/necklace.PNG using Guid(0e123cfdc54a3ca4684816a34167a566) Importer(815301076,1909f56bfc062723c751e8b465ee728b)  -> (artifact id: '2549ca91dc659d46c4cc6799c451b945') in 0.030077 seconds 
========================================================================
Received Prepare
Registering precompiled user dll's ...
Registered in 0.004145 seconds.
Begin MonoManager ReloadAssembly
Native extension for WindowsStandalone target not found
Native extension for Android target not found
Refreshing native plugins compatible for Editor in 1.83 ms, found 2 plugins.
Preloading 0 native plugins for Editor in 0.00 ms.
Mono: successfully reloaded assembly
- Completed reload, in  1.069 seconds
Domain Reload Profiling:
	ReloadAssembly (1070ms)
		BeginReloadAssembly (130ms)
			ExecutionOrderSort (0ms)
			DisableScriptedObjects (7ms)
			BackupInstance (0ms)
			ReleaseScriptingObjects (0ms)
			CreateAndSetChildDomain (44ms)
		EndReloadAssembly (852ms)
			LoadAssemblies (72ms)
			RebuildTransferFunctionScriptingTraits (0ms)
			SetupTypeCache (231ms)
			ReleaseScriptCaches (2ms)
			RebuildScriptCaches (63ms)
			SetupLoadedEditorAssemblies (452ms)
				LogAssemblyErrors (0ms)
				InitializePlatformSupportModulesInManaged (21ms)
				SetLoadedEditorAssemblies (1ms)
				RefreshPlugins (2ms)
				BeforeProcessingInitializeOnLoad (76ms)
				ProcessInitializeOnLoadAttributes (208ms)
				ProcessInitializeOnLoadMethodAttributes (141ms)
				AfterProcessingInitializeOnLoad (2ms)
				EditorAssembliesLoaded (0ms)
			ExecutionOrderSort2 (0ms)
			AwakeInstancesAfterBackupRestoration (5ms)
Platform modules already initialized, skipping
Refreshing native plugins compatible for Editor in 3.85 ms, found 2 plugins.
Preloading 0 native plugins for Editor in 0.00 ms.
Unloading 3523 Unused Serialized files (Serialized files now loaded: 0)
Unloading 69 unused Assets / (0.7 MB). Loaded Objects now: 4223.
Memory consumption went from 145.2 MB to 144.5 MB.
Total: 6.550300 ms (FindLiveObjects: 0.298300 ms CreateObjectMapping: 0.079900 ms MarkObjects: 5.759200 ms  DeleteObjects: 0.412000 ms)

AssetImportParameters requested are different than current active one (requested -> active):
  custom:video-decoder-ogg-theora: a1e56fd34408186e4bbccfd4996cb3dc -> 
  custom:container-muxer-webm: aa71ff27fc2769a1b78a27578f13a17b -> 
  custom:container-demuxer-webm: 4f35f7cbe854078d1ac9338744f61a02 -> 
  custom:video-encoder-webm-vp8: eb34c28f22e8b96e1ab97ce403110664 -> 
  custom:audio-encoder-webm-vorbis: bf7c407c2cedff20999df2af8eb42d56 -> 
  custom:framework-win-MediaFoundation: 216162199b28c13a410421893ffa2e32 -> 
  custom:container-demuxer-ogg: 62fdf1f143b41e24485cea50d1cbac27 -> 
  custom:video-decoder-webm-vp8: 9c59270c3fd7afecdb556c50c9e8de78 -> 
  custom:audio-decoder-ogg-vorbis: bf7c407c2cedff20999df2af8eb42d56 -> 
========================================================================
Received Import Request.
  Time since last request: 120.695630 seconds.
  path: Assets/Scripts/Login
  artifactKey: Guid(416832f88fc4ecc4c954f8721d1a5594) Importer(815301076,1909f56bfc062723c751e8b465ee728b)
Start importing Assets/Scripts/Login using Guid(416832f88fc4ecc4c954f8721d1a5594) Importer(815301076,1909f56bfc062723c751e8b465ee728b)  -> (artifact id: 'de7de80d018e2f86dd5bbba2f432e9b9') in 0.011004 seconds 
========================================================================
Received Import Request.
  Time since last request: 2.212877 seconds.
  path: Assets/Scripts/Login/LoginInformationWindow.cs
  artifactKey: Guid(3c25a06f719006d44b7d0ae1d9445edb) Importer(815301076,1909f56bfc062723c751e8b465ee728b)
Start importing Assets/Scripts/Login/LoginInformationWindow.cs using Guid(3c25a06f719006d44b7d0ae1d9445edb) Importer(815301076,1909f56bfc062723c751e8b465ee728b)  -> (artifact id: 'bc1b466cafc6db9849ab059a2ebc96d2') in 0.004613 seconds 
========================================================================
Received Import Request.
  Time since last request: 0.987020 seconds.
  path: Assets/Scripts/Login/LoginListener.cs
  artifactKey: Guid(b27fa69fab712a845b68562870c4be08) Importer(815301076,1909f56bfc062723c751e8b465ee728b)
Start importing Assets/Scripts/Login/LoginListener.cs using Guid(b27fa69fab712a845b68562870c4be08) Importer(815301076,1909f56bfc062723c751e8b465ee728b)  -> (artifact id: '61cdd8fa8f75fd22aed87ec3823b7bf0') in 0.004521 seconds 
========================================================================
Received Import Request.
  Time since last request: 1.305834 seconds.
  path: Assets/Scripts/Login/LoginConnection.cs
  artifactKey: Guid(2461dad913c784f45849e62f00571666) Importer(815301076,1909f56bfc062723c751e8b465ee728b)
Start importing Assets/Scripts/Login/LoginConnection.cs using Guid(2461dad913c784f45849e62f00571666) Importer(815301076,1909f56bfc062723c751e8b465ee728b)  -> (artifact id: '3d587b2a9530ccaefcad91cdfccabdd1') in 0.004602 seconds 
========================================================================
Received Import Request.
  Time since last request: 62.706952 seconds.
  path: Assets/Scripts/Login/LoginWaitingWindow.cs
  artifactKey: Guid(1ef3c3350cb512f45adebe2910e5b95b) Importer(815301076,1909f56bfc062723c751e8b465ee728b)
Start importing Assets/Scripts/Login/LoginWaitingWindow.cs using Guid(1ef3c3350cb512f45adebe2910e5b95b) Importer(815301076,1909f56bfc062723c751e8b465ee728b)  -> (artifact id: '19dd3fd7975854c1e5cc4b93e21f5ba3') in 0.005355 seconds 
========================================================================
Received Import Request.
  Time since last request: 5.849599 seconds.
  path: Assets/Scripts/Login/LoginWaitingWindow.cs
  artifactKey: Guid(1ef3c3350cb512f45adebe2910e5b95b) Importer(815301076,1909f56bfc062723c751e8b465ee728b)
Start importing Assets/Scripts/Login/LoginWaitingWindow.cs using Guid(1ef3c3350cb512f45adebe2910e5b95b) Importer(815301076,1909f56bfc062723c751e8b465ee728b)  -> (artifact id: 'f035ba518a051481193942fb0e2af656') in 0.001375 seconds 
========================================================================
Received Import Request.
  Time since last request: 56.457630 seconds.
  path: Assets/Scripts/Login/LoginWaitingWindow.cs
  artifactKey: Guid(1ef3c3350cb512f45adebe2910e5b95b) Importer(815301076,1909f56bfc062723c751e8b465ee728b)
Start importing Assets/Scripts/Login/LoginWaitingWindow.cs using Guid(1ef3c3350cb512f45adebe2910e5b95b) Importer(815301076,1909f56bfc062723c751e8b465ee728b)  -> (artifact id: 'ed3bb0637b9af0f73b26bbadcb8a7671') in 0.001595 seconds 
========================================================================
Received Import Request.
  Time since last request: 9.949185 seconds.
  path: Assets/Scripts/Login/LoginWaitingWindow.cs
  artifactKey: Guid(1ef3c3350cb512f45adebe2910e5b95b) Importer(815301076,1909f56bfc062723c751e8b465ee728b)
Start importing Assets/Scripts/Login/LoginWaitingWindow.cs using Guid(1ef3c3350cb512f45adebe2910e5b95b) Importer(815301076,1909f56bfc062723c751e8b465ee728b)  -> (artifact id: '57408b3421236be81e067d79181b9b99') in 0.001752 seconds 
========================================================================
Received Import Request.
  Time since last request: 8.053933 seconds.
  path: Assets/Scripts/Login/LoginWaitingWindow.cs
  artifactKey: Guid(1ef3c3350cb512f45adebe2910e5b95b) Importer(815301076,1909f56bfc062723c751e8b465ee728b)
Start importing Assets/Scripts/Login/LoginWaitingWindow.cs using Guid(1ef3c3350cb512f45adebe2910e5b95b) Importer(815301076,1909f56bfc062723c751e8b465ee728b)  -> (artifact id: 'a8c45c1962b87c507015b85e3007ce84') in 0.001596 seconds 
========================================================================
Received Import Request.
  Time since last request: 12.739594 seconds.
  path: Assets/Scripts/Login/LoginWaitingWindow.cs
  artifactKey: Guid(1ef3c3350cb512f45adebe2910e5b95b) Importer(815301076,1909f56bfc062723c751e8b465ee728b)
Start importing Assets/Scripts/Login/LoginWaitingWindow.cs using Guid(1ef3c3350cb512f45adebe2910e5b95b) Importer(815301076,1909f56bfc062723c751e8b465ee728b)  -> (artifact id: '5576242513dfadd7455bca4e21150316') in 0.001573 seconds 
========================================================================
Received Import Request.
  Time since last request: 18.314666 seconds.
  path: Assets/Scripts/Login/LoginWaitingWindow.cs
  artifactKey: Guid(1ef3c3350cb512f45adebe2910e5b95b) Importer(815301076,1909f56bfc062723c751e8b465ee728b)
Start importing Assets/Scripts/Login/LoginWaitingWindow.cs using Guid(1ef3c3350cb512f45adebe2910e5b95b) Importer(815301076,1909f56bfc062723c751e8b465ee728b)  -> (artifact id: '0ae06a8a0f6c62b6d297a1dd3518e5af') in 0.001363 seconds 
========================================================================
Received Import Request.
  Time since last request: 10.483873 seconds.
  path: Assets/Scripts/Login/LoginWaitingWindow.cs
  artifactKey: Guid(1ef3c3350cb512f45adebe2910e5b95b) Importer(815301076,1909f56bfc062723c751e8b465ee728b)
Start importing Assets/Scripts/Login/LoginWaitingWindow.cs using Guid(1ef3c3350cb512f45adebe2910e5b95b) Importer(815301076,1909f56bfc062723c751e8b465ee728b)  -> (artifact id: '326ab5263c4383df538b2e236e741d59') in 0.001538 seconds 
========================================================================
Received Prepare
Registering precompiled user dll's ...
Registered in 0.003767 seconds.
Begin MonoManager ReloadAssembly
Native extension for WindowsStandalone target not found
Native extension for Android target not found
Refreshing native plugins compatible for Editor in 1.63 ms, found 2 plugins.
Preloading 0 native plugins for Editor in 0.00 ms.
Mono: successfully reloaded assembly
- Completed reload, in  0.891 seconds
Domain Reload Profiling:
	ReloadAssembly (892ms)
		BeginReloadAssembly (105ms)
			ExecutionOrderSort (0ms)
			DisableScriptedObjects (6ms)
			BackupInstance (0ms)
			ReleaseScriptingObjects (0ms)
			CreateAndSetChildDomain (33ms)
		EndReloadAssembly (707ms)
			LoadAssemblies (62ms)
			RebuildTransferFunctionScriptingTraits (0ms)
			SetupTypeCache (214ms)
			ReleaseScriptCaches (2ms)
			RebuildScriptCaches (48ms)
			SetupLoadedEditorAssemblies (348ms)
				LogAssemblyErrors (0ms)
				InitializePlatformSupportModulesInManaged (22ms)
				SetLoadedEditorAssemblies (1ms)
				RefreshPlugins (2ms)
				BeforeProcessingInitializeOnLoad (59ms)
				ProcessInitializeOnLoadAttributes (155ms)
				ProcessInitializeOnLoadMethodAttributes (108ms)
				AfterProcessingInitializeOnLoad (2ms)
				EditorAssembliesLoaded (0ms)
			ExecutionOrderSort2 (0ms)
			AwakeInstancesAfterBackupRestoration (5ms)
Platform modules already initialized, skipping
Refreshing native plugins compatible for Editor in 4.09 ms, found 2 plugins.
Preloading 0 native plugins for Editor in 0.00 ms.
Unloading 3524 Unused Serialized files (Serialized files now loaded: 0)
Unloading 69 unused Assets / (0.7 MB). Loaded Objects now: 4227.
Memory consumption went from 145.3 MB to 144.6 MB.
Total: 7.182300 ms (FindLiveObjects: 0.316700 ms CreateObjectMapping: 0.124200 ms MarkObjects: 6.290700 ms  DeleteObjects: 0.449400 ms)

AssetImportParameters requested are different than current active one (requested -> active):
  custom:video-decoder-ogg-theora: a1e56fd34408186e4bbccfd4996cb3dc -> 
  custom:container-muxer-webm: aa71ff27fc2769a1b78a27578f13a17b -> 
  custom:container-demuxer-webm: 4f35f7cbe854078d1ac9338744f61a02 -> 
  custom:video-encoder-webm-vp8: eb34c28f22e8b96e1ab97ce403110664 -> 
  custom:audio-encoder-webm-vorbis: bf7c407c2cedff20999df2af8eb42d56 -> 
  custom:framework-win-MediaFoundation: 216162199b28c13a410421893ffa2e32 -> 
  custom:container-demuxer-ogg: 62fdf1f143b41e24485cea50d1cbac27 -> 
  custom:video-decoder-webm-vp8: 9c59270c3fd7afecdb556c50c9e8de78 -> 
  custom:audio-decoder-ogg-vorbis: bf7c407c2cedff20999df2af8eb42d56 -> 
========================================================================
Received Prepare
Registering precompiled user dll's ...
Registered in 0.004626 seconds.
Begin MonoManager ReloadAssembly
Native extension for WindowsStandalone target not found
Native extension for Android target not found
Refreshing native plugins compatible for Editor in 1.15 ms, found 2 plugins.
Preloading 0 native plugins for Editor in 0.00 ms.
Mono: successfully reloaded assembly
- Completed reload, in  0.871 seconds
Domain Reload Profiling:
	ReloadAssembly (871ms)
		BeginReloadAssembly (112ms)
			ExecutionOrderSort (0ms)
			DisableScriptedObjects (6ms)
			BackupInstance (0ms)
			ReleaseScriptingObjects (0ms)
			CreateAndSetChildDomain (33ms)
		EndReloadAssembly (681ms)
			LoadAssemblies (64ms)
			RebuildTransferFunctionScriptingTraits (0ms)
			SetupTypeCache (201ms)
			ReleaseScriptCaches (2ms)
			RebuildScriptCaches (48ms)
			SetupLoadedEditorAssemblies (336ms)
				LogAssemblyErrors (0ms)
				InitializePlatformSupportModulesInManaged (16ms)
				SetLoadedEditorAssemblies (0ms)
				RefreshPlugins (1ms)
				BeforeProcessingInitializeOnLoad (63ms)
				ProcessInitializeOnLoadAttributes (149ms)
				ProcessInitializeOnLoadMethodAttributes (104ms)
				AfterProcessingInitializeOnLoad (2ms)
				EditorAssembliesLoaded (0ms)
			ExecutionOrderSort2 (0ms)
			AwakeInstancesAfterBackupRestoration (5ms)
Platform modules already initialized, skipping
Refreshing native plugins compatible for Editor in 3.51 ms, found 2 plugins.
Preloading 0 native plugins for Editor in 0.00 ms.
Unloading 3524 Unused Serialized files (Serialized files now loaded: 0)
Unloading 69 unused Assets / (0.7 MB). Loaded Objects now: 4230.
Memory consumption went from 145.2 MB to 144.6 MB.
Total: 6.259100 ms (FindLiveObjects: 0.291400 ms CreateObjectMapping: 0.078600 ms MarkObjects: 5.535800 ms  DeleteObjects: 0.352200 ms)

AssetImportParameters requested are different than current active one (requested -> active):
  custom:video-decoder-ogg-theora: a1e56fd34408186e4bbccfd4996cb3dc -> 
  custom:container-muxer-webm: aa71ff27fc2769a1b78a27578f13a17b -> 
  custom:container-demuxer-webm: 4f35f7cbe854078d1ac9338744f61a02 -> 
  custom:video-encoder-webm-vp8: eb34c28f22e8b96e1ab97ce403110664 -> 
  custom:audio-encoder-webm-vorbis: bf7c407c2cedff20999df2af8eb42d56 -> 
  custom:framework-win-MediaFoundation: 216162199b28c13a410421893ffa2e32 -> 
  custom:container-demuxer-ogg: 62fdf1f143b41e24485cea50d1cbac27 -> 
  custom:video-decoder-webm-vp8: 9c59270c3fd7afecdb556c50c9e8de78 -> 
  custom:audio-decoder-ogg-vorbis: bf7c407c2cedff20999df2af8eb42d56 -> 
========================================================================
Received Prepare
Registering precompiled user dll's ...
Registered in 0.003847 seconds.
Begin MonoManager ReloadAssembly
Native extension for WindowsStandalone target not found
Native extension for Android target not found
Refreshing native plugins compatible for Editor in 1.25 ms, found 2 plugins.
Preloading 0 native plugins for Editor in 0.00 ms.
Mono: successfully reloaded assembly
- Completed reload, in  0.925 seconds
Domain Reload Profiling:
	ReloadAssembly (926ms)
		BeginReloadAssembly (109ms)
			ExecutionOrderSort (0ms)
			DisableScriptedObjects (6ms)
			BackupInstance (0ms)
			ReleaseScriptingObjects (0ms)
			CreateAndSetChildDomain (33ms)
		EndReloadAssembly (734ms)
			LoadAssemblies (67ms)
			RebuildTransferFunctionScriptingTraits (0ms)
			SetupTypeCache (214ms)
			ReleaseScriptCaches (2ms)
			RebuildScriptCaches (52ms)
			SetupLoadedEditorAssemblies (356ms)
				LogAssemblyErrors (0ms)
				InitializePlatformSupportModulesInManaged (16ms)
				SetLoadedEditorAssemblies (0ms)
				RefreshPlugins (1ms)
				BeforeProcessingInitializeOnLoad (63ms)
				ProcessInitializeOnLoadAttributes (157ms)
				ProcessInitializeOnLoadMethodAttributes (115ms)
				AfterProcessingInitializeOnLoad (3ms)
				EditorAssembliesLoaded (0ms)
			ExecutionOrderSort2 (0ms)
			AwakeInstancesAfterBackupRestoration (7ms)
Platform modules already initialized, skipping
Refreshing native plugins compatible for Editor in 4.83 ms, found 2 plugins.
Preloading 0 native plugins for Editor in 0.00 ms.
Unloading 3524 Unused Serialized files (Serialized files now loaded: 0)
Unloading 69 unused Assets / (0.7 MB). Loaded Objects now: 4233.
Memory consumption went from 145.3 MB to 144.6 MB.
Total: 6.327200 ms (FindLiveObjects: 0.322700 ms CreateObjectMapping: 0.112600 ms MarkObjects: 5.485100 ms  DeleteObjects: 0.405200 ms)

AssetImportParameters requested are different than current active one (requested -> active):
  custom:video-decoder-ogg-theora: a1e56fd34408186e4bbccfd4996cb3dc -> 
  custom:container-muxer-webm: aa71ff27fc2769a1b78a27578f13a17b -> 
  custom:container-demuxer-webm: 4f35f7cbe854078d1ac9338744f61a02 -> 
  custom:video-encoder-webm-vp8: eb34c28f22e8b96e1ab97ce403110664 -> 
  custom:audio-encoder-webm-vorbis: bf7c407c2cedff20999df2af8eb42d56 -> 
  custom:framework-win-MediaFoundation: 216162199b28c13a410421893ffa2e32 -> 
  custom:container-demuxer-ogg: 62fdf1f143b41e24485cea50d1cbac27 -> 
  custom:video-decoder-webm-vp8: 9c59270c3fd7afecdb556c50c9e8de78 -> 
  custom:audio-decoder-ogg-vorbis: bf7c407c2cedff20999df2af8eb42d56 -> 
========================================================================
Received Prepare
Registering precompiled user dll's ...
Registered in 0.004387 seconds.
Begin MonoManager ReloadAssembly
Native extension for WindowsStandalone target not found
Native extension for Android target not found
Refreshing native plugins compatible for Editor in 1.48 ms, found 2 plugins.
Preloading 0 native plugins for Editor in 0.00 ms.
Mono: successfully reloaded assembly
- Completed reload, in  1.042 seconds
Domain Reload Profiling:
	ReloadAssembly (1042ms)
		BeginReloadAssembly (107ms)
			ExecutionOrderSort (0ms)
			DisableScriptedObjects (6ms)
			BackupInstance (0ms)
			ReleaseScriptingObjects (0ms)
			CreateAndSetChildDomain (35ms)
		EndReloadAssembly (853ms)
			LoadAssemblies (63ms)
			RebuildTransferFunctionScriptingTraits (0ms)
			SetupTypeCache (316ms)
			ReleaseScriptCaches (5ms)
			RebuildScriptCaches (61ms)
			SetupLoadedEditorAssemblies (353ms)
				LogAssemblyErrors (0ms)
				InitializePlatformSupportModulesInManaged (20ms)
				SetLoadedEditorAssemblies (0ms)
				RefreshPlugins (2ms)
				BeforeProcessingInitializeOnLoad (69ms)
				ProcessInitializeOnLoadAttributes (152ms)
				ProcessInitializeOnLoadMethodAttributes (107ms)
				AfterProcessingInitializeOnLoad (3ms)
				EditorAssembliesLoaded (0ms)
			ExecutionOrderSort2 (0ms)
			AwakeInstancesAfterBackupRestoration (5ms)
Platform modules already initialized, skipping
Refreshing native plugins compatible for Editor in 3.69 ms, found 2 plugins.
Preloading 0 native plugins for Editor in 0.00 ms.
Unloading 3524 Unused Serialized files (Serialized files now loaded: 0)
Unloading 69 unused Assets / (0.7 MB). Loaded Objects now: 4236.
Memory consumption went from 145.3 MB to 144.6 MB.
Total: 6.293100 ms (FindLiveObjects: 0.470000 ms CreateObjectMapping: 0.098400 ms MarkObjects: 5.352300 ms  DeleteObjects: 0.371500 ms)

AssetImportParameters requested are different than current active one (requested -> active):
  custom:video-decoder-ogg-theora: a1e56fd34408186e4bbccfd4996cb3dc -> 
  custom:container-muxer-webm: aa71ff27fc2769a1b78a27578f13a17b -> 
  custom:container-demuxer-webm: 4f35f7cbe854078d1ac9338744f61a02 -> 
  custom:video-encoder-webm-vp8: eb34c28f22e8b96e1ab97ce403110664 -> 
  custom:audio-encoder-webm-vorbis: bf7c407c2cedff20999df2af8eb42d56 -> 
  custom:framework-win-MediaFoundation: 216162199b28c13a410421893ffa2e32 -> 
  custom:container-demuxer-ogg: 62fdf1f143b41e24485cea50d1cbac27 -> 
  custom:video-decoder-webm-vp8: 9c59270c3fd7afecdb556c50c9e8de78 -> 
  custom:audio-decoder-ogg-vorbis: bf7c407c2cedff20999df2af8eb42d56 -> 
========================================================================
Received Prepare
Registering precompiled user dll's ...
Registered in 0.003601 seconds.
Begin MonoManager ReloadAssembly
Native extension for WindowsStandalone target not found
Native extension for Android target not found
Refreshing native plugins compatible for Editor in 1.22 ms, found 2 plugins.
Preloading 0 native plugins for Editor in 0.00 ms.
Mono: successfully reloaded assembly
- Completed reload, in  0.868 seconds
Domain Reload Profiling:
	ReloadAssembly (869ms)
		BeginReloadAssembly (108ms)
			ExecutionOrderSort (0ms)
			DisableScriptedObjects (8ms)
			BackupInstance (0ms)
			ReleaseScriptingObjects (0ms)
			CreateAndSetChildDomain (33ms)
		EndReloadAssembly (670ms)
			LoadAssemblies (59ms)
			RebuildTransferFunctionScriptingTraits (0ms)
			SetupTypeCache (197ms)
			ReleaseScriptCaches (2ms)
			RebuildScriptCaches (48ms)
			SetupLoadedEditorAssemblies (330ms)
				LogAssemblyErrors (0ms)
				InitializePlatformSupportModulesInManaged (16ms)
				SetLoadedEditorAssemblies (0ms)
				RefreshPlugins (1ms)
				BeforeProcessingInitializeOnLoad (60ms)
				ProcessInitializeOnLoadAttributes (148ms)
				ProcessInitializeOnLoadMethodAttributes (102ms)
				AfterProcessingInitializeOnLoad (2ms)
				EditorAssembliesLoaded (0ms)
			ExecutionOrderSort2 (0ms)
			AwakeInstancesAfterBackupRestoration (5ms)
Platform modules already initialized, skipping
Refreshing native plugins compatible for Editor in 3.58 ms, found 2 plugins.
Preloading 0 native plugins for Editor in 0.00 ms.
Unloading 3524 Unused Serialized files (Serialized files now loaded: 0)
Unloading 69 unused Assets / (0.7 MB). Loaded Objects now: 4239.
Memory consumption went from 145.3 MB to 144.6 MB.
Total: 5.907000 ms (FindLiveObjects: 0.307300 ms CreateObjectMapping: 0.086100 ms MarkObjects: 5.163900 ms  DeleteObjects: 0.348700 ms)

AssetImportParameters requested are different than current active one (requested -> active):
  custom:video-decoder-ogg-theora: a1e56fd34408186e4bbccfd4996cb3dc -> 
  custom:container-muxer-webm: aa71ff27fc2769a1b78a27578f13a17b -> 
  custom:container-demuxer-webm: 4f35f7cbe854078d1ac9338744f61a02 -> 
  custom:video-encoder-webm-vp8: eb34c28f22e8b96e1ab97ce403110664 -> 
  custom:audio-encoder-webm-vorbis: bf7c407c2cedff20999df2af8eb42d56 -> 
  custom:framework-win-MediaFoundation: 216162199b28c13a410421893ffa2e32 -> 
  custom:container-demuxer-ogg: 62fdf1f143b41e24485cea50d1cbac27 -> 
  custom:video-decoder-webm-vp8: 9c59270c3fd7afecdb556c50c9e8de78 -> 
  custom:audio-decoder-ogg-vorbis: bf7c407c2cedff20999df2af8eb42d56 -> 
========================================================================
Received Prepare
Registering precompiled user dll's ...
Registered in 0.004520 seconds.
Begin MonoManager ReloadAssembly
Native extension for WindowsStandalone target not found
Native extension for Android target not found
Refreshing native plugins compatible for Editor in 1.16 ms, found 2 plugins.
Preloading 0 native plugins for Editor in 0.00 ms.
Mono: successfully reloaded assembly
- Completed reload, in  0.877 seconds
Domain Reload Profiling:
	ReloadAssembly (878ms)
		BeginReloadAssembly (108ms)
			ExecutionOrderSort (0ms)
			DisableScriptedObjects (6ms)
			BackupInstance (0ms)
			ReleaseScriptingObjects (0ms)
			CreateAndSetChildDomain (33ms)
		EndReloadAssembly (689ms)
			LoadAssemblies (67ms)
			RebuildTransferFunctionScriptingTraits (0ms)
			SetupTypeCache (204ms)
			ReleaseScriptCaches (2ms)
			RebuildScriptCaches (47ms)
			SetupLoadedEditorAssemblies (340ms)
				LogAssemblyErrors (0ms)
				InitializePlatformSupportModulesInManaged (15ms)
				SetLoadedEditorAssemblies (0ms)
				RefreshPlugins (1ms)
				BeforeProcessingInitializeOnLoad (58ms)
				ProcessInitializeOnLoadAttributes (153ms)
				ProcessInitializeOnLoadMethodAttributes (110ms)
				AfterProcessingInitializeOnLoad (3ms)
				EditorAssembliesLoaded (0ms)
			ExecutionOrderSort2 (0ms)
			AwakeInstancesAfterBackupRestoration (5ms)
Platform modules already initialized, skipping
Refreshing native plugins compatible for Editor in 3.52 ms, found 2 plugins.
Preloading 0 native plugins for Editor in 0.00 ms.
Unloading 3524 Unused Serialized files (Serialized files now loaded: 0)
Unloading 69 unused Assets / (0.7 MB). Loaded Objects now: 4242.
Memory consumption went from 145.3 MB to 144.6 MB.
Total: 6.501200 ms (FindLiveObjects: 0.292500 ms CreateObjectMapping: 0.079100 ms MarkObjects: 5.749700 ms  DeleteObjects: 0.378900 ms)

AssetImportParameters requested are different than current active one (requested -> active):
  custom:video-decoder-ogg-theora: a1e56fd34408186e4bbccfd4996cb3dc -> 
  custom:container-muxer-webm: aa71ff27fc2769a1b78a27578f13a17b -> 
  custom:container-demuxer-webm: 4f35f7cbe854078d1ac9338744f61a02 -> 
  custom:video-encoder-webm-vp8: eb34c28f22e8b96e1ab97ce403110664 -> 
  custom:audio-encoder-webm-vorbis: bf7c407c2cedff20999df2af8eb42d56 -> 
  custom:framework-win-MediaFoundation: 216162199b28c13a410421893ffa2e32 -> 
  custom:container-demuxer-ogg: 62fdf1f143b41e24485cea50d1cbac27 -> 
  custom:video-decoder-webm-vp8: 9c59270c3fd7afecdb556c50c9e8de78 -> 
  custom:audio-decoder-ogg-vorbis: bf7c407c2cedff20999df2af8eb42d56 -> 
========================================================================
Received Import Request.
  Time since last request: 855.675020 seconds.
  path: Assets/Scripts/Login/LoginWaitingWindow.cs
  artifactKey: Guid(1ef3c3350cb512f45adebe2910e5b95b) Importer(815301076,1909f56bfc062723c751e8b465ee728b)
Start importing Assets/Scripts/Login/LoginWaitingWindow.cs using Guid(1ef3c3350cb512f45adebe2910e5b95b) Importer(815301076,1909f56bfc062723c751e8b465ee728b)  -> (artifact id: 'fe8bcb628495ccc7592ea8ff94f8637c') in 0.006537 seconds 
========================================================================
Received Prepare
Registering precompiled user dll's ...
Registered in 0.003675 seconds.
Begin MonoManager ReloadAssembly
Native extension for WindowsStandalone target not found
Native extension for Android target not found
Refreshing native plugins compatible for Editor in 1.17 ms, found 2 plugins.
Preloading 0 native plugins for Editor in 0.00 ms.
Mono: successfully reloaded assembly
- Completed reload, in  0.862 seconds
Domain Reload Profiling:
	ReloadAssembly (862ms)
		BeginReloadAssembly (105ms)
			ExecutionOrderSort (0ms)
			DisableScriptedObjects (6ms)
			BackupInstance (0ms)
			ReleaseScriptingObjects (0ms)
			CreateAndSetChildDomain (33ms)
		EndReloadAssembly (676ms)
			LoadAssemblies (64ms)
			RebuildTransferFunctionScriptingTraits (0ms)
			SetupTypeCache (200ms)
			ReleaseScriptCaches (2ms)
			RebuildScriptCaches (47ms)
			SetupLoadedEditorAssemblies (332ms)
				LogAssemblyErrors (0ms)
				InitializePlatformSupportModulesInManaged (15ms)
				SetLoadedEditorAssemblies (0ms)
				RefreshPlugins (1ms)
				BeforeProcessingInitializeOnLoad (59ms)
				ProcessInitializeOnLoadAttributes (150ms)
				ProcessInitializeOnLoadMethodAttributes (104ms)
				AfterProcessingInitializeOnLoad (2ms)
				EditorAssembliesLoaded (0ms)
			ExecutionOrderSort2 (0ms)
			AwakeInstancesAfterBackupRestoration (5ms)
Platform modules already initialized, skipping
Refreshing native plugins compatible for Editor in 5.04 ms, found 2 plugins.
Preloading 0 native plugins for Editor in 0.00 ms.
Unloading 3523 Unused Serialized files (Serialized files now loaded: 0)
Unloading 69 unused Assets / (0.7 MB). Loaded Objects now: 4245.
Memory consumption went from 145.3 MB to 144.6 MB.
Total: 6.130900 ms (FindLiveObjects: 0.313200 ms CreateObjectMapping: 0.093100 ms MarkObjects: 5.350100 ms  DeleteObjects: 0.373700 ms)

AssetImportParameters requested are different than current active one (requested -> active):
  custom:video-decoder-ogg-theora: a1e56fd34408186e4bbccfd4996cb3dc -> 
  custom:container-muxer-webm: aa71ff27fc2769a1b78a27578f13a17b -> 
  custom:container-demuxer-webm: 4f35f7cbe854078d1ac9338744f61a02 -> 
  custom:video-encoder-webm-vp8: eb34c28f22e8b96e1ab97ce403110664 -> 
  custom:audio-encoder-webm-vorbis: bf7c407c2cedff20999df2af8eb42d56 -> 
  custom:framework-win-MediaFoundation: 216162199b28c13a410421893ffa2e32 -> 
  custom:container-demuxer-ogg: 62fdf1f143b41e24485cea50d1cbac27 -> 
  custom:video-decoder-webm-vp8: 9c59270c3fd7afecdb556c50c9e8de78 -> 
  custom:audio-decoder-ogg-vorbis: bf7c407c2cedff20999df2af8eb42d56 -> 
========================================================================
Received Prepare
Registering precompiled user dll's ...
Registered in 0.004034 seconds.
Begin MonoManager ReloadAssembly
Native extension for WindowsStandalone target not found
Native extension for Android target not found
Refreshing native plugins compatible for Editor in 1.17 ms, found 2 plugins.
Preloading 0 native plugins for Editor in 0.00 ms.
Mono: successfully reloaded assembly
- Completed reload, in  0.882 seconds
Domain Reload Profiling:
	ReloadAssembly (883ms)
		BeginReloadAssembly (109ms)
			ExecutionOrderSort (0ms)
			DisableScriptedObjects (7ms)
			BackupInstance (0ms)
			ReleaseScriptingObjects (0ms)
			CreateAndSetChildDomain (36ms)
		EndReloadAssembly (694ms)
			LoadAssemblies (65ms)
			RebuildTransferFunctionScriptingTraits (0ms)
			SetupTypeCache (201ms)
			ReleaseScriptCaches (2ms)
			RebuildScriptCaches (50ms)
			SetupLoadedEditorAssemblies (342ms)
				LogAssemblyErrors (0ms)
				InitializePlatformSupportModulesInManaged (15ms)
				SetLoadedEditorAssemblies (0ms)
				RefreshPlugins (1ms)
				BeforeProcessingInitializeOnLoad (59ms)
				ProcessInitializeOnLoadAttributes (157ms)
				ProcessInitializeOnLoadMethodAttributes (106ms)
				AfterProcessingInitializeOnLoad (3ms)
				EditorAssembliesLoaded (0ms)
			ExecutionOrderSort2 (0ms)
			AwakeInstancesAfterBackupRestoration (6ms)
Platform modules already initialized, skipping
Refreshing native plugins compatible for Editor in 3.47 ms, found 2 plugins.
Preloading 0 native plugins for Editor in 0.00 ms.
Unloading 3523 Unused Serialized files (Serialized files now loaded: 0)
Unloading 69 unused Assets / (0.7 MB). Loaded Objects now: 4248.
Memory consumption went from 145.3 MB to 144.6 MB.
Total: 6.214200 ms (FindLiveObjects: 0.308600 ms CreateObjectMapping: 0.079500 ms MarkObjects: 5.462400 ms  DeleteObjects: 0.362400 ms)

AssetImportParameters requested are different than current active one (requested -> active):
  custom:video-decoder-ogg-theora: a1e56fd34408186e4bbccfd4996cb3dc -> 
  custom:container-muxer-webm: aa71ff27fc2769a1b78a27578f13a17b -> 
  custom:container-demuxer-webm: 4f35f7cbe854078d1ac9338744f61a02 -> 
  custom:video-encoder-webm-vp8: eb34c28f22e8b96e1ab97ce403110664 -> 
  custom:audio-encoder-webm-vorbis: bf7c407c2cedff20999df2af8eb42d56 -> 
  custom:framework-win-MediaFoundation: 216162199b28c13a410421893ffa2e32 -> 
  custom:container-demuxer-ogg: 62fdf1f143b41e24485cea50d1cbac27 -> 
  custom:video-decoder-webm-vp8: 9c59270c3fd7afecdb556c50c9e8de78 -> 
  custom:audio-decoder-ogg-vorbis: bf7c407c2cedff20999df2af8eb42d56 -> 
