
=== Wed Dec  9 14:41:01 2020

Packages were changed.
Update Mode: updateDependencies

The following packages were updated:
  com.unity.ads from version 2.0.8 to 3.5.2
  com.unity.ide.vscode from version 1.1.4 to 1.2.3
  com.unity.multiplayer-hlapi from version 1.0.4 to 1.0.6
  com.unity.purchasing from version 2.0.6 to 2.1.1
  com.unity.test-framework from version 1.1.11 to 1.1.19
  com.unity.xr.legacyinputhelpers from version 1.3.8 to 2.1.6

=== Sun Jan 31 14:42:21 2021

Packages were changed.
Update Mode: updateDependencies

The following packages were updated:
  com.unity.purchasing from version 2.1.1 to 2.2.1
  com.unity.test-framework from version 1.1.19 to 1.1.20
  com.unity.xr.legacyinputhelpers from version 2.1.6 to 2.1.7

=== Wed Aug  4 14:23:03 2021

Packages were changed.
Update Mode: updateDependencies

The following packages were added:
  com.unity.ide.visualstudio@2.0.9
The following packages were updated:
  com.unity.ads from version 3.5.2 to 3.7.1
  com.unity.analytics from version 3.3.5 to 3.5.3
  com.unity.collab-proxy from version 1.2.16 to 1.7.1
  com.unity.ide.rider from version 1.1.4 to 2.0.7
  com.unity.purchasing from version 2.2.1 to 3.2.2
  com.unity.test-framework from version 1.1.20 to 1.1.27
  com.unity.textmeshpro from version 2.0.1 to 3.0.6
  com.unity.timeline from version 1.2.10 to 1.4.8

=== Thu Aug 11 20:43:16 2022

Packages were changed.
Update Mode: updateDependencies

The following packages were updated:
  com.unity.ads from version 3.7.1 to 3.7.5
  com.unity.analytics from version 3.5.3 to 3.6.12
  com.unity.collab-proxy from version 1.7.1 to 1.15.16
  com.unity.ide.rider from version 2.0.7 to 3.0.14
  com.unity.ide.visualstudio from version 2.0.9 to 2.0.15
  com.unity.ide.vscode from version 1.2.3 to 1.2.5
  com.unity.purchasing from version 3.2.2 to 4.1.4
  com.unity.test-framework from version 1.1.27 to 1.1.31
  com.unity.timeline from version 1.4.8 to 1.6.4
  com.unity.xr.legacyinputhelpers from version 2.1.7 to 2.1.9
The following packages were removed:
  com.unity.multiplayer-hlapi@1.0.6

=== Sun Oct  2 14:01:37 2022

Packages were changed.
Update Mode: updateDependencies

The following packages were updated:
  com.unity.collab-proxy from version 1.15.16 to 1.17.2
  com.unity.ide.rider from version 3.0.14 to 3.0.15
  com.unity.ide.visualstudio from version 2.0.15 to 2.0.16
  com.unity.purchasing from version 4.1.4 to 4.4.1
  com.unity.xr.legacyinputhelpers from version 2.1.9 to 2.1.10
